
*** Running vivado
    with args -log axi_ad9144_jesd_jesd204_tx_0_0.vds -m64 -product Vivado -mode batch -messageDb vivado.pb -notrace -source axi_ad9144_jesd_jesd204_tx_0_0.tcl



****** Vivado v2022.2 (64-bit)
  **** SW Build 3671981 on Fri Oct 14 05:00:03 MDT 2022
  **** IP Build 3669848 on Fri Oct 14 08:30:02 MDT 2022
    ** Copyright 1986-2022 Xilinx, Inc. All Rights Reserved.

source axi_ad9144_jesd_jesd204_tx_0_0.tcl -notrace
create_project: Time (s): cpu = 00:00:04 ; elapsed = 00:00:14 . Memory (MB): peak = 1003.258 ; gain = 111.543
INFO: [IP_Flow 19-234] Refreshing IP repositories
INFO: [IP_Flow 19-1700] Loaded user IP repository 'c:/GitHub/jesd204/ips'.
INFO: [IP_Flow 19-2313] Loaded Vivado IP repository 'C:/Xilinx/Vivado/2022.2/data/ip'.
update_ip_catalog: Time (s): cpu = 00:00:02 ; elapsed = 00:00:17 . Memory (MB): peak = 1045.281 ; gain = 42.023
INFO: [IP_Flow 19-6924] IPCACHE: Running cache check for IP inst: axi_ad9144_jesd_jesd204_tx_0_0
Command: synth_design -top axi_ad9144_jesd_jesd204_tx_0_0 -part xczu7ev-fbvb900-1-e -incremental_mode off -mode out_of_context
Starting synth_design
Attempting to get a license for feature 'Synthesis' and/or device 'xczu7ev'
INFO: [Common 17-349] Got license for feature 'Synthesis' and/or device 'xczu7ev'
INFO: [Designutils 20-5008] Incremental synthesis strategy off
INFO: [Synth 8-7079] Multithreading enabled for synth_design using a maximum of 2 processes.
INFO: [Synth 8-7078] Launching helper process for spawning children vivado processes
INFO: [Synth 8-7075] Helper process launched with PID 30188
INFO: [Synth 8-11241] undeclared symbol 'REGCCE', assumed default net type 'wire' [C:/Xilinx/Vivado/2022.2/data/verilog/src/unimacro/BRAM_SINGLE_MACRO.v:2170]
INFO: [Synth 8-11241] undeclared symbol 'link_reset_n', assumed default net type 'wire' [c:/GitHub/jesd204/layers/axi_ad9144_jesd/axi_ad9144_jesd.gen/sources_1/bd/axi_ad9144_jesd/ipshared/b800/jesd204_tx.v:208]
INFO: [Synth 8-11241] undeclared symbol 'device_tx_next_mf_ready', assumed default net type 'wire' [c:/GitHub/jesd204/layers/axi_ad9144_jesd/axi_ad9144_jesd.gen/sources_1/bd/axi_ad9144_jesd/ipshared/b800/jesd204_tx.v:248]
---------------------------------------------------------------------------------
Starting Synthesize : Time (s): cpu = 00:00:05 ; elapsed = 00:00:35 . Memory (MB): peak = 1459.168 ; gain = 377.883
---------------------------------------------------------------------------------
INFO: [Synth 8-6157] synthesizing module 'axi_ad9144_jesd_jesd204_tx_0_0' [c:/GitHub/jesd204/layers/axi_ad9144_jesd/axi_ad9144_jesd.gen/sources_1/bd/axi_ad9144_jesd/ip/axi_ad9144_jesd_jesd204_tx_0_0/synth/axi_ad9144_jesd_jesd204_tx_0_0.v:53]
INFO: [Synth 8-6157] synthesizing module 'jesd204_tx' [c:/GitHub/jesd204/layers/axi_ad9144_jesd/axi_ad9144_jesd.gen/sources_1/bd/axi_ad9144_jesd/ipshared/b800/jesd204_tx.v:10]
INFO: [Synth 8-6157] synthesizing module 'jesd204_tx_lane' [c:/GitHub/jesd204/layers/axi_ad9144_jesd/axi_ad9144_jesd.gen/sources_1/bd/axi_ad9144_jesd/ipshared/b800/jesd204_tx_lane.v:10]
INFO: [Synth 8-6157] synthesizing module 'jesd204_scrambler' [c:/GitHub/jesd204/layers/axi_ad9144_jesd/axi_ad9144_jesd.gen/sources_1/bd/axi_ad9144_jesd/ipshared/b800/jesd204_scrambler.v:10]
INFO: [Synth 8-6155] done synthesizing module 'jesd204_scrambler' (0#1) [c:/GitHub/jesd204/layers/axi_ad9144_jesd/axi_ad9144_jesd.gen/sources_1/bd/axi_ad9144_jesd/ipshared/b800/jesd204_scrambler.v:10]
INFO: [Synth 8-6157] synthesizing module 'pipeline_stage' [c:/GitHub/jesd204/layers/axi_ad9144_jesd/axi_ad9144_jesd.gen/sources_1/bd/axi_ad9144_jesd/ipshared/b800/pipeline_stage.v:10]
INFO: [Synth 8-6155] done synthesizing module 'pipeline_stage' (0#1) [c:/GitHub/jesd204/layers/axi_ad9144_jesd/axi_ad9144_jesd.gen/sources_1/bd/axi_ad9144_jesd/ipshared/b800/pipeline_stage.v:10]
INFO: [Synth 8-6157] synthesizing module 'jesd204_frame_align_replace' [c:/GitHub/jesd204/layers/axi_ad9144_jesd/axi_ad9144_jesd.gen/sources_1/bd/axi_ad9144_jesd/ipshared/b800/jesd204_frame_align_replace.v:14]
INFO: [Synth 8-6155] done synthesizing module 'jesd204_frame_align_replace' (0#1) [c:/GitHub/jesd204/layers/axi_ad9144_jesd/axi_ad9144_jesd.gen/sources_1/bd/axi_ad9144_jesd/ipshared/b800/jesd204_frame_align_replace.v:14]
INFO: [Synth 8-6155] done synthesizing module 'jesd204_tx_lane' (0#1) [c:/GitHub/jesd204/layers/axi_ad9144_jesd/axi_ad9144_jesd.gen/sources_1/bd/axi_ad9144_jesd/ipshared/b800/jesd204_tx_lane.v:10]
INFO: [Synth 8-6157] synthesizing module 'jesd204_tx_ctrl' [c:/GitHub/jesd204/layers/axi_ad9144_jesd/axi_ad9144_jesd.gen/sources_1/bd/axi_ad9144_jesd/ipshared/b800/jesd204_tx_ctrl.v:10]
INFO: [Synth 8-6157] synthesizing module 'sync_bits' [c:/GitHub/jesd204/layers/axi_ad9144_jesd/axi_ad9144_jesd.gen/sources_1/bd/axi_ad9144_jesd/ipshared/b800/sync_bits.v:46]
INFO: [Synth 8-6155] done synthesizing module 'sync_bits' (0#1) [c:/GitHub/jesd204/layers/axi_ad9144_jesd/axi_ad9144_jesd.gen/sources_1/bd/axi_ad9144_jesd/ipshared/b800/sync_bits.v:46]
INFO: [Synth 8-6155] done synthesizing module 'jesd204_tx_ctrl' (0#1) [c:/GitHub/jesd204/layers/axi_ad9144_jesd/axi_ad9144_jesd.gen/sources_1/bd/axi_ad9144_jesd/ipshared/b800/jesd204_tx_ctrl.v:10]
INFO: [Synth 8-6157] synthesizing module 'jesd204_lmfc' [c:/GitHub/jesd204/layers/axi_ad9144_jesd/axi_ad9144_jesd.gen/sources_1/bd/axi_ad9144_jesd/ipshared/b800/jesd204_lmfc.v:10]
INFO: [Synth 8-6155] done synthesizing module 'jesd204_lmfc' (0#1) [c:/GitHub/jesd204/layers/axi_ad9144_jesd/axi_ad9144_jesd.gen/sources_1/bd/axi_ad9144_jesd/ipshared/b800/jesd204_lmfc.v:10]
INFO: [Synth 8-6157] synthesizing module 'jesd204_frame_mark' [c:/GitHub/jesd204/layers/axi_ad9144_jesd/axi_ad9144_jesd.gen/sources_1/bd/axi_ad9144_jesd/ipshared/b800/jesd204_frame_mark.v:19]
INFO: [Synth 8-6155] done synthesizing module 'jesd204_frame_mark' (0#1) [c:/GitHub/jesd204/layers/axi_ad9144_jesd/axi_ad9144_jesd.gen/sources_1/bd/axi_ad9144_jesd/ipshared/b800/jesd204_frame_mark.v:19]
INFO: [Synth 8-6157] synthesizing module 'pipeline_stage__parameterized0' [c:/GitHub/jesd204/layers/axi_ad9144_jesd/axi_ad9144_jesd.gen/sources_1/bd/axi_ad9144_jesd/ipshared/b800/pipeline_stage.v:10]
INFO: [Synth 8-6155] done synthesizing module 'pipeline_stage__parameterized0' (0#1) [c:/GitHub/jesd204/layers/axi_ad9144_jesd/axi_ad9144_jesd.gen/sources_1/bd/axi_ad9144_jesd/ipshared/b800/pipeline_stage.v:10]
INFO: [Synth 8-6155] done synthesizing module 'jesd204_tx' (0#1) [c:/GitHub/jesd204/layers/axi_ad9144_jesd/axi_ad9144_jesd.gen/sources_1/bd/axi_ad9144_jesd/ipshared/b800/jesd204_tx.v:10]
INFO: [Synth 8-6155] done synthesizing module 'axi_ad9144_jesd_jesd204_tx_0_0' (0#1) [c:/GitHub/jesd204/layers/axi_ad9144_jesd/axi_ad9144_jesd.gen/sources_1/bd/axi_ad9144_jesd/ip/axi_ad9144_jesd_jesd204_tx_0_0/synth/axi_ad9144_jesd_jesd204_tx_0_0.v:53]
WARNING: [Synth 8-6014] Unused sequential element char_is_align_d1_reg was removed.  [c:/GitHub/jesd204/layers/axi_ad9144_jesd/axi_ad9144_jesd.gen/sources_1/bd/axi_ad9144_jesd/ipshared/b800/jesd204_frame_align_replace.v:81]
WARNING: [Synth 8-6014] Unused sequential element char_is_align_d2_reg was removed.  [c:/GitHub/jesd204/layers/axi_ad9144_jesd/axi_ad9144_jesd.gen/sources_1/bd/axi_ad9144_jesd/ipshared/b800/jesd204_frame_align_replace.v:82]
WARNING: [Synth 8-6014] Unused sequential element data_prev_eof_single_reg was removed.  [c:/GitHub/jesd204/layers/axi_ad9144_jesd/axi_ad9144_jesd.gen/sources_1/bd/axi_ad9144_jesd/ipshared/b800/jesd204_frame_align_replace.v:100]
WARNING: [Synth 8-6014] Unused sequential element char_is_align_prev_single_reg was removed.  [c:/GitHub/jesd204/layers/axi_ad9144_jesd/axi_ad9144_jesd.gen/sources_1/bd/axi_ad9144_jesd/ipshared/b800/jesd204_frame_align_replace.v:110]
WARNING: [Synth 8-6014] Unused sequential element mf_phase_reg was removed.  [c:/GitHub/jesd204/layers/axi_ad9144_jesd/axi_ad9144_jesd.gen/sources_1/bd/axi_ad9144_jesd/ipshared/b800/jesd204_frame_mark.v:203]
WARNING: [Synth 8-7129] Port clk in module pipeline_stage__parameterized0 is either unconnected or has no load
WARNING: [Synth 8-7129] Port cfg_octets_per_multiframe[9] in module jesd204_frame_mark is either unconnected or has no load
WARNING: [Synth 8-7129] Port cfg_octets_per_multiframe[8] in module jesd204_frame_mark is either unconnected or has no load
WARNING: [Synth 8-7129] Port cfg_octets_per_multiframe[7] in module jesd204_frame_mark is either unconnected or has no load
WARNING: [Synth 8-7129] Port cfg_octets_per_multiframe[6] in module jesd204_frame_mark is either unconnected or has no load
WARNING: [Synth 8-7129] Port cfg_octets_per_multiframe[5] in module jesd204_frame_mark is either unconnected or has no load
WARNING: [Synth 8-7129] Port cfg_octets_per_multiframe[4] in module jesd204_frame_mark is either unconnected or has no load
WARNING: [Synth 8-7129] Port cfg_octets_per_multiframe[3] in module jesd204_frame_mark is either unconnected or has no load
WARNING: [Synth 8-7129] Port cfg_octets_per_multiframe[2] in module jesd204_frame_mark is either unconnected or has no load
WARNING: [Synth 8-7129] Port cfg_octets_per_multiframe[1] in module jesd204_frame_mark is either unconnected or has no load
WARNING: [Synth 8-7129] Port cfg_octets_per_multiframe[0] in module jesd204_frame_mark is either unconnected or has no load
WARNING: [Synth 8-7129] Port cfg_octets_per_multiframe[9] in module jesd204_lmfc is either unconnected or has no load
WARNING: [Synth 8-7129] Port cfg_octets_per_multiframe[8] in module jesd204_lmfc is either unconnected or has no load
WARNING: [Synth 8-7129] Port cfg_octets_per_multiframe[7] in module jesd204_lmfc is either unconnected or has no load
WARNING: [Synth 8-7129] Port cfg_octets_per_multiframe[6] in module jesd204_lmfc is either unconnected or has no load
WARNING: [Synth 8-7129] Port cfg_octets_per_multiframe[5] in module jesd204_lmfc is either unconnected or has no load
WARNING: [Synth 8-7129] Port cfg_octets_per_multiframe[4] in module jesd204_lmfc is either unconnected or has no load
WARNING: [Synth 8-7129] Port cfg_octets_per_multiframe[3] in module jesd204_lmfc is either unconnected or has no load
WARNING: [Synth 8-7129] Port cfg_octets_per_multiframe[2] in module jesd204_lmfc is either unconnected or has no load
WARNING: [Synth 8-7129] Port cfg_octets_per_multiframe[1] in module jesd204_lmfc is either unconnected or has no load
WARNING: [Synth 8-7129] Port cfg_octets_per_multiframe[0] in module jesd204_lmfc is either unconnected or has no load
WARNING: [Synth 8-7129] Port somf[3] in module jesd204_tx_ctrl is either unconnected or has no load
WARNING: [Synth 8-7129] Port somf[2] in module jesd204_tx_ctrl is either unconnected or has no load
WARNING: [Synth 8-7129] Port somf[1] in module jesd204_tx_ctrl is either unconnected or has no load
WARNING: [Synth 8-7129] Port somf[0] in module jesd204_tx_ctrl is either unconnected or has no load
WARNING: [Synth 8-7129] Port somf_early2[3] in module jesd204_tx_ctrl is either unconnected or has no load
WARNING: [Synth 8-7129] Port somf_early2[2] in module jesd204_tx_ctrl is either unconnected or has no load
WARNING: [Synth 8-7129] Port somf_early2[1] in module jesd204_tx_ctrl is either unconnected or has no load
WARNING: [Synth 8-7129] Port eomf[3] in module jesd204_tx_ctrl is either unconnected or has no load
WARNING: [Synth 8-7129] Port eomf[2] in module jesd204_tx_ctrl is either unconnected or has no load
WARNING: [Synth 8-7129] Port eomf[1] in module jesd204_tx_ctrl is either unconnected or has no load
WARNING: [Synth 8-7129] Port eomf[0] in module jesd204_tx_ctrl is either unconnected or has no load
WARNING: [Synth 8-7129] Port cfg_octets_per_multiframe[9] in module jesd204_tx_ctrl is either unconnected or has no load
WARNING: [Synth 8-7129] Port cfg_octets_per_multiframe[8] in module jesd204_tx_ctrl is either unconnected or has no load
WARNING: [Synth 8-7129] Port cfg_octets_per_multiframe[7] in module jesd204_tx_ctrl is either unconnected or has no load
WARNING: [Synth 8-7129] Port cfg_octets_per_multiframe[6] in module jesd204_tx_ctrl is either unconnected or has no load
WARNING: [Synth 8-7129] Port cfg_octets_per_multiframe[5] in module jesd204_tx_ctrl is either unconnected or has no load
WARNING: [Synth 8-7129] Port cfg_octets_per_multiframe[4] in module jesd204_tx_ctrl is either unconnected or has no load
WARNING: [Synth 8-7129] Port cfg_octets_per_multiframe[3] in module jesd204_tx_ctrl is either unconnected or has no load
WARNING: [Synth 8-7129] Port cfg_octets_per_multiframe[2] in module jesd204_tx_ctrl is either unconnected or has no load
WARNING: [Synth 8-7129] Port cfg_octets_per_multiframe[1] in module jesd204_tx_ctrl is either unconnected or has no load
WARNING: [Synth 8-7129] Port cfg_octets_per_multiframe[0] in module jesd204_tx_ctrl is either unconnected or has no load
WARNING: [Synth 8-7129] Port clk in module jesd204_frame_align_replace is either unconnected or has no load
WARNING: [Synth 8-7129] Port reset in module jesd204_frame_align_replace is either unconnected or has no load
WARNING: [Synth 8-7129] Port cfg_octets_per_frame[7] in module jesd204_frame_align_replace is either unconnected or has no load
WARNING: [Synth 8-7129] Port cfg_octets_per_frame[6] in module jesd204_frame_align_replace is either unconnected or has no load
WARNING: [Synth 8-7129] Port cfg_octets_per_frame[5] in module jesd204_frame_align_replace is either unconnected or has no load
WARNING: [Synth 8-7129] Port cfg_octets_per_frame[4] in module jesd204_frame_align_replace is either unconnected or has no load
WARNING: [Synth 8-7129] Port cfg_octets_per_frame[3] in module jesd204_frame_align_replace is either unconnected or has no load
WARNING: [Synth 8-7129] Port cfg_octets_per_frame[2] in module jesd204_frame_align_replace is either unconnected or has no load
WARNING: [Synth 8-7129] Port cfg_octets_per_frame[1] in module jesd204_frame_align_replace is either unconnected or has no load
WARNING: [Synth 8-7129] Port cfg_octets_per_frame[0] in module jesd204_frame_align_replace is either unconnected or has no load
WARNING: [Synth 8-7129] Port cfg_disable_char_replacement in module jesd204_frame_align_replace is either unconnected or has no load
WARNING: [Synth 8-7129] Port cfg_disable_scrambler in module jesd204_frame_align_replace is either unconnected or has no load
WARNING: [Synth 8-7129] Port eof[3] in module jesd204_frame_align_replace is either unconnected or has no load
WARNING: [Synth 8-7129] Port eof[2] in module jesd204_frame_align_replace is either unconnected or has no load
WARNING: [Synth 8-7129] Port eof[1] in module jesd204_frame_align_replace is either unconnected or has no load
WARNING: [Synth 8-7129] Port eof[0] in module jesd204_frame_align_replace is either unconnected or has no load
WARNING: [Synth 8-7129] Port rx_char_is_a[3] in module jesd204_frame_align_replace is either unconnected or has no load
WARNING: [Synth 8-7129] Port rx_char_is_a[2] in module jesd204_frame_align_replace is either unconnected or has no load
WARNING: [Synth 8-7129] Port rx_char_is_a[1] in module jesd204_frame_align_replace is either unconnected or has no load
WARNING: [Synth 8-7129] Port rx_char_is_a[0] in module jesd204_frame_align_replace is either unconnected or has no load
WARNING: [Synth 8-7129] Port rx_char_is_f[3] in module jesd204_frame_align_replace is either unconnected or has no load
WARNING: [Synth 8-7129] Port rx_char_is_f[2] in module jesd204_frame_align_replace is either unconnected or has no load
WARNING: [Synth 8-7129] Port rx_char_is_f[1] in module jesd204_frame_align_replace is either unconnected or has no load
WARNING: [Synth 8-7129] Port rx_char_is_f[0] in module jesd204_frame_align_replace is either unconnected or has no load
WARNING: [Synth 8-7129] Port tx_eomf[3] in module jesd204_frame_align_replace is either unconnected or has no load
WARNING: [Synth 8-7129] Port tx_eomf[2] in module jesd204_frame_align_replace is either unconnected or has no load
WARNING: [Synth 8-7129] Port tx_eomf[1] in module jesd204_frame_align_replace is either unconnected or has no load
WARNING: [Synth 8-7129] Port tx_eomf[0] in module jesd204_frame_align_replace is either unconnected or has no load
WARNING: [Synth 8-7129] Port tx_valid in module jesd204_tx is either unconnected or has no load
WARNING: [Synth 8-7129] Port device_cfg_octets_per_frame[7] in module jesd204_tx is either unconnected or has no load
WARNING: [Synth 8-7129] Port device_cfg_octets_per_frame[6] in module jesd204_tx is either unconnected or has no load
WARNING: [Synth 8-7129] Port device_cfg_octets_per_frame[5] in module jesd204_tx is either unconnected or has no load
WARNING: [Synth 8-7129] Port device_cfg_octets_per_frame[4] in module jesd204_tx is either unconnected or has no load
WARNING: [Synth 8-7129] Port device_cfg_octets_per_frame[3] in module jesd204_tx is either unconnected or has no load
WARNING: [Synth 8-7129] Port device_cfg_octets_per_frame[2] in module jesd204_tx is either unconnected or has no load
WARNING: [Synth 8-7129] Port device_cfg_octets_per_frame[1] in module jesd204_tx is either unconnected or has no load
WARNING: [Synth 8-7129] Port device_cfg_octets_per_frame[0] in module jesd204_tx is either unconnected or has no load
WARNING: [Synth 8-7129] Port device_cfg_beats_per_multiframe[7] in module jesd204_tx is either unconnected or has no load
WARNING: [Synth 8-7129] Port device_cfg_beats_per_multiframe[6] in module jesd204_tx is either unconnected or has no load
WARNING: [Synth 8-7129] Port device_cfg_beats_per_multiframe[5] in module jesd204_tx is either unconnected or has no load
WARNING: [Synth 8-7129] Port device_cfg_beats_per_multiframe[4] in module jesd204_tx is either unconnected or has no load
WARNING: [Synth 8-7129] Port device_cfg_beats_per_multiframe[3] in module jesd204_tx is either unconnected or has no load
WARNING: [Synth 8-7129] Port device_cfg_beats_per_multiframe[2] in module jesd204_tx is either unconnected or has no load
WARNING: [Synth 8-7129] Port device_cfg_beats_per_multiframe[1] in module jesd204_tx is either unconnected or has no load
WARNING: [Synth 8-7129] Port device_cfg_beats_per_multiframe[0] in module jesd204_tx is either unconnected or has no load
---------------------------------------------------------------------------------
Finished Synthesize : Time (s): cpu = 00:00:07 ; elapsed = 00:00:48 . Memory (MB): peak = 1554.039 ; gain = 472.754
---------------------------------------------------------------------------------
---------------------------------------------------------------------------------
Finished Constraint Validation : Time (s): cpu = 00:00:07 ; elapsed = 00:00:50 . Memory (MB): peak = 1554.039 ; gain = 472.754
---------------------------------------------------------------------------------
---------------------------------------------------------------------------------
Start Loading Part and Timing Information
---------------------------------------------------------------------------------
Loading part: xczu7ev-fbvb900-1-e
INFO: [Synth 8-6742] Reading net delay rules and data
---------------------------------------------------------------------------------
Finished Loading Part and Timing Information : Time (s): cpu = 00:00:07 ; elapsed = 00:00:51 . Memory (MB): peak = 1554.039 ; gain = 472.754
---------------------------------------------------------------------------------
INFO: [Device 21-403] Loading part xczu7ev-fbvb900-1-e
---------------------------------------------------------------------------------
Finished RTL Optimization Phase 2 : Time (s): cpu = 00:00:08 ; elapsed = 00:00:52 . Memory (MB): peak = 1554.039 ; gain = 472.754
---------------------------------------------------------------------------------
No constraint files found.
---------------------------------------------------------------------------------
Start RTL Component Statistics 
---------------------------------------------------------------------------------
Detailed RTL Component Info : 
+---Adders : 
	   2 Input    8 Bit       Adders := 3     
	   2 Input    6 Bit       Adders := 1     
	   2 Input    3 Bit       Adders := 1     
	   2 Input    2 Bit       Adders := 2     
+---XORs : 
	   3 Input     32 Bit         XORs := 4     
+---Registers : 
	              128 Bit    Registers := 1     
	               78 Bit    Registers := 4     
	               32 Bit    Registers := 4     
	               16 Bit    Registers := 1     
	               15 Bit    Registers := 4     
	                8 Bit    Registers := 3     
	                6 Bit    Registers := 1     
	                4 Bit    Registers := 11    
	                3 Bit    Registers := 1     
	                2 Bit    Registers := 2     
	                1 Bit    Registers := 44    
+---Muxes : 
	   2 Input  128 Bit        Muxes := 4     
	   2 Input   32 Bit        Muxes := 8     
	   4 Input   16 Bit        Muxes := 2     
	   2 Input   14 Bit        Muxes := 1     
	   2 Input    8 Bit        Muxes := 18    
	   4 Input    4 Bit        Muxes := 4     
	   6 Input    4 Bit        Muxes := 2     
	   2 Input    4 Bit        Muxes := 2     
	   7 Input    3 Bit        Muxes := 2     
	   2 Input    2 Bit        Muxes := 4     
	   2 Input    1 Bit        Muxes := 42    
	   3 Input    1 Bit        Muxes := 1     
---------------------------------------------------------------------------------
Finished RTL Component Statistics 
---------------------------------------------------------------------------------
---------------------------------------------------------------------------------
Start Part Resource Summary
---------------------------------------------------------------------------------
Part Resources:
DSPs: 1728 (col length:144)
BRAMs: 624 (col length: RAMB18 144 RAMB36 72)
---------------------------------------------------------------------------------
Finished Part Resource Summary
---------------------------------------------------------------------------------
No constraint files found.
---------------------------------------------------------------------------------
Start Cross Boundary and Area Optimization
---------------------------------------------------------------------------------
WARNING: [Synth 8-7080] Parallel synthesis criteria is not met
INFO: [Synth 8-3917] design axi_ad9144_jesd_jesd204_tx_0_0 has port phy_header[7] driven by constant 0
INFO: [Synth 8-3917] design axi_ad9144_jesd_jesd204_tx_0_0 has port phy_header[6] driven by constant 0
INFO: [Synth 8-3917] design axi_ad9144_jesd_jesd204_tx_0_0 has port phy_header[5] driven by constant 0
INFO: [Synth 8-3917] design axi_ad9144_jesd_jesd204_tx_0_0 has port phy_header[4] driven by constant 0
INFO: [Synth 8-3917] design axi_ad9144_jesd_jesd204_tx_0_0 has port phy_header[3] driven by constant 0
INFO: [Synth 8-3917] design axi_ad9144_jesd_jesd204_tx_0_0 has port phy_header[2] driven by constant 0
INFO: [Synth 8-3917] design axi_ad9144_jesd_jesd204_tx_0_0 has port phy_header[1] driven by constant 0
INFO: [Synth 8-3917] design axi_ad9144_jesd_jesd204_tx_0_0 has port phy_header[0] driven by constant 0
INFO: [Synth 8-3917] design axi_ad9144_jesd_jesd204_tx_0_0 has port tx_somf[3] driven by constant 0
INFO: [Synth 8-3917] design axi_ad9144_jesd_jesd204_tx_0_0 has port tx_somf[2] driven by constant 0
INFO: [Synth 8-3917] design axi_ad9144_jesd_jesd204_tx_0_0 has port tx_somf[1] driven by constant 0
INFO: [Synth 8-3917] design axi_ad9144_jesd_jesd204_tx_0_0 has port status_synth_params0[31] driven by constant 0
INFO: [Synth 8-3917] design axi_ad9144_jesd_jesd204_tx_0_0 has port status_synth_params0[30] driven by constant 0
INFO: [Synth 8-3917] design axi_ad9144_jesd_jesd204_tx_0_0 has port status_synth_params0[29] driven by constant 0
INFO: [Synth 8-3917] design axi_ad9144_jesd_jesd204_tx_0_0 has port status_synth_params0[28] driven by constant 0
INFO: [Synth 8-3917] design axi_ad9144_jesd_jesd204_tx_0_0 has port status_synth_params0[27] driven by constant 0
INFO: [Synth 8-3917] design axi_ad9144_jesd_jesd204_tx_0_0 has port status_synth_params0[26] driven by constant 0
INFO: [Synth 8-3917] design axi_ad9144_jesd_jesd204_tx_0_0 has port status_synth_params0[25] driven by constant 0
INFO: [Synth 8-3917] design axi_ad9144_jesd_jesd204_tx_0_0 has port status_synth_params0[24] driven by constant 0
INFO: [Synth 8-3917] design axi_ad9144_jesd_jesd204_tx_0_0 has port status_synth_params0[23] driven by constant 0
INFO: [Synth 8-3917] design axi_ad9144_jesd_jesd204_tx_0_0 has port status_synth_params0[22] driven by constant 0
INFO: [Synth 8-3917] design axi_ad9144_jesd_jesd204_tx_0_0 has port status_synth_params0[21] driven by constant 0
INFO: [Synth 8-3917] design axi_ad9144_jesd_jesd204_tx_0_0 has port status_synth_params0[20] driven by constant 0
INFO: [Synth 8-3917] design axi_ad9144_jesd_jesd204_tx_0_0 has port status_synth_params0[19] driven by constant 0
INFO: [Synth 8-3917] design axi_ad9144_jesd_jesd204_tx_0_0 has port status_synth_params0[18] driven by constant 0
INFO: [Synth 8-3917] design axi_ad9144_jesd_jesd204_tx_0_0 has port status_synth_params0[17] driven by constant 0
INFO: [Synth 8-3917] design axi_ad9144_jesd_jesd204_tx_0_0 has port status_synth_params0[16] driven by constant 0
INFO: [Synth 8-3917] design axi_ad9144_jesd_jesd204_tx_0_0 has port status_synth_params0[15] driven by constant 0
INFO: [Synth 8-3917] design axi_ad9144_jesd_jesd204_tx_0_0 has port status_synth_params0[14] driven by constant 0
INFO: [Synth 8-3917] design axi_ad9144_jesd_jesd204_tx_0_0 has port status_synth_params0[13] driven by constant 0
INFO: [Synth 8-3917] design axi_ad9144_jesd_jesd204_tx_0_0 has port status_synth_params0[12] driven by constant 0
INFO: [Synth 8-3917] design axi_ad9144_jesd_jesd204_tx_0_0 has port status_synth_params0[11] driven by constant 0
INFO: [Synth 8-3917] design axi_ad9144_jesd_jesd204_tx_0_0 has port status_synth_params0[10] driven by constant 0
INFO: [Synth 8-3917] design axi_ad9144_jesd_jesd204_tx_0_0 has port status_synth_params0[9] driven by constant 0
INFO: [Synth 8-3917] design axi_ad9144_jesd_jesd204_tx_0_0 has port status_synth_params0[8] driven by constant 0
INFO: [Synth 8-3917] design axi_ad9144_jesd_jesd204_tx_0_0 has port status_synth_params0[7] driven by constant 0
INFO: [Synth 8-3917] design axi_ad9144_jesd_jesd204_tx_0_0 has port status_synth_params0[6] driven by constant 0
INFO: [Synth 8-3917] design axi_ad9144_jesd_jesd204_tx_0_0 has port status_synth_params0[5] driven by constant 0
INFO: [Synth 8-3917] design axi_ad9144_jesd_jesd204_tx_0_0 has port status_synth_params0[4] driven by constant 0
INFO: [Synth 8-3917] design axi_ad9144_jesd_jesd204_tx_0_0 has port status_synth_params0[3] driven by constant 0
INFO: [Synth 8-3917] design axi_ad9144_jesd_jesd204_tx_0_0 has port status_synth_params0[2] driven by constant 1
INFO: [Synth 8-3917] design axi_ad9144_jesd_jesd204_tx_0_0 has port status_synth_params0[1] driven by constant 0
INFO: [Synth 8-3917] design axi_ad9144_jesd_jesd204_tx_0_0 has port status_synth_params0[0] driven by constant 0
INFO: [Synth 8-3917] design axi_ad9144_jesd_jesd204_tx_0_0 has port status_synth_params1[31] driven by constant 0
INFO: [Synth 8-3917] design axi_ad9144_jesd_jesd204_tx_0_0 has port status_synth_params1[30] driven by constant 0
INFO: [Synth 8-3917] design axi_ad9144_jesd_jesd204_tx_0_0 has port status_synth_params1[29] driven by constant 0
INFO: [Synth 8-3917] design axi_ad9144_jesd_jesd204_tx_0_0 has port status_synth_params1[28] driven by constant 0
INFO: [Synth 8-3917] design axi_ad9144_jesd_jesd204_tx_0_0 has port status_synth_params1[27] driven by constant 0
INFO: [Synth 8-3917] design axi_ad9144_jesd_jesd204_tx_0_0 has port status_synth_params1[26] driven by constant 0
INFO: [Synth 8-3917] design axi_ad9144_jesd_jesd204_tx_0_0 has port status_synth_params1[25] driven by constant 0
INFO: [Synth 8-3917] design axi_ad9144_jesd_jesd204_tx_0_0 has port status_synth_params1[24] driven by constant 0
INFO: [Synth 8-3917] design axi_ad9144_jesd_jesd204_tx_0_0 has port status_synth_params1[23] driven by constant 0
INFO: [Synth 8-3917] design axi_ad9144_jesd_jesd204_tx_0_0 has port status_synth_params1[22] driven by constant 0
INFO: [Synth 8-3917] design axi_ad9144_jesd_jesd204_tx_0_0 has port status_synth_params1[21] driven by constant 0
INFO: [Synth 8-3917] design axi_ad9144_jesd_jesd204_tx_0_0 has port status_synth_params1[20] driven by constant 0
INFO: [Synth 8-3917] design axi_ad9144_jesd_jesd204_tx_0_0 has port status_synth_params1[19] driven by constant 0
INFO: [Synth 8-3917] design axi_ad9144_jesd_jesd204_tx_0_0 has port status_synth_params1[18] driven by constant 0
INFO: [Synth 8-3917] design axi_ad9144_jesd_jesd204_tx_0_0 has port status_synth_params1[17] driven by constant 0
INFO: [Synth 8-3917] design axi_ad9144_jesd_jesd204_tx_0_0 has port status_synth_params1[16] driven by constant 0
INFO: [Synth 8-3917] design axi_ad9144_jesd_jesd204_tx_0_0 has port status_synth_params1[15] driven by constant 0
INFO: [Synth 8-3917] design axi_ad9144_jesd_jesd204_tx_0_0 has port status_synth_params1[14] driven by constant 0
INFO: [Synth 8-3917] design axi_ad9144_jesd_jesd204_tx_0_0 has port status_synth_params1[13] driven by constant 0
INFO: [Synth 8-3917] design axi_ad9144_jesd_jesd204_tx_0_0 has port status_synth_params1[12] driven by constant 0
INFO: [Synth 8-3917] design axi_ad9144_jesd_jesd204_tx_0_0 has port status_synth_params1[11] driven by constant 0
INFO: [Synth 8-3917] design axi_ad9144_jesd_jesd204_tx_0_0 has port status_synth_params1[10] driven by constant 1
INFO: [Synth 8-3917] design axi_ad9144_jesd_jesd204_tx_0_0 has port status_synth_params1[9] driven by constant 0
INFO: [Synth 8-3917] design axi_ad9144_jesd_jesd204_tx_0_0 has port status_synth_params1[8] driven by constant 0
INFO: [Synth 8-3917] design axi_ad9144_jesd_jesd204_tx_0_0 has port status_synth_params1[7] driven by constant 0
INFO: [Synth 8-3917] design axi_ad9144_jesd_jesd204_tx_0_0 has port status_synth_params1[6] driven by constant 0
INFO: [Synth 8-3917] design axi_ad9144_jesd_jesd204_tx_0_0 has port status_synth_params1[5] driven by constant 0
INFO: [Synth 8-3917] design axi_ad9144_jesd_jesd204_tx_0_0 has port status_synth_params1[4] driven by constant 0
INFO: [Synth 8-3917] design axi_ad9144_jesd_jesd204_tx_0_0 has port status_synth_params1[3] driven by constant 0
INFO: [Synth 8-3917] design axi_ad9144_jesd_jesd204_tx_0_0 has port status_synth_params1[2] driven by constant 0
INFO: [Synth 8-3917] design axi_ad9144_jesd_jesd204_tx_0_0 has port status_synth_params1[1] driven by constant 1
INFO: [Synth 8-3917] design axi_ad9144_jesd_jesd204_tx_0_0 has port status_synth_params1[0] driven by constant 0
INFO: [Synth 8-3917] design axi_ad9144_jesd_jesd204_tx_0_0 has port status_synth_params2[31] driven by constant 0
INFO: [Synth 8-3917] design axi_ad9144_jesd_jesd204_tx_0_0 has port status_synth_params2[30] driven by constant 0
INFO: [Synth 8-3917] design axi_ad9144_jesd_jesd204_tx_0_0 has port status_synth_params2[29] driven by constant 0
INFO: [Synth 8-3917] design axi_ad9144_jesd_jesd204_tx_0_0 has port status_synth_params2[28] driven by constant 0
INFO: [Synth 8-3917] design axi_ad9144_jesd_jesd204_tx_0_0 has port status_synth_params2[27] driven by constant 0
INFO: [Synth 8-3917] design axi_ad9144_jesd_jesd204_tx_0_0 has port status_synth_params2[26] driven by constant 0
INFO: [Synth 8-3917] design axi_ad9144_jesd_jesd204_tx_0_0 has port status_synth_params2[25] driven by constant 0
INFO: [Synth 8-3917] design axi_ad9144_jesd_jesd204_tx_0_0 has port status_synth_params2[24] driven by constant 0
INFO: [Synth 8-3917] design axi_ad9144_jesd_jesd204_tx_0_0 has port status_synth_params2[23] driven by constant 0
INFO: [Synth 8-3917] design axi_ad9144_jesd_jesd204_tx_0_0 has port status_synth_params2[22] driven by constant 0
INFO: [Synth 8-3917] design axi_ad9144_jesd_jesd204_tx_0_0 has port status_synth_params2[21] driven by constant 0
INFO: [Synth 8-3917] design axi_ad9144_jesd_jesd204_tx_0_0 has port status_synth_params2[20] driven by constant 0
INFO: [Synth 8-3917] design axi_ad9144_jesd_jesd204_tx_0_0 has port status_synth_params2[19] driven by constant 0
INFO: [Synth 8-3917] design axi_ad9144_jesd_jesd204_tx_0_0 has port status_synth_params2[18] driven by constant 0
INFO: [Synth 8-3917] design axi_ad9144_jesd_jesd204_tx_0_0 has port status_synth_params2[17] driven by constant 0
INFO: [Synth 8-3917] design axi_ad9144_jesd_jesd204_tx_0_0 has port status_synth_params2[16] driven by constant 0
INFO: [Synth 8-3917] design axi_ad9144_jesd_jesd204_tx_0_0 has port status_synth_params2[15] driven by constant 0
INFO: [Synth 8-3917] design axi_ad9144_jesd_jesd204_tx_0_0 has port status_synth_params2[14] driven by constant 0
INFO: [Synth 8-3917] design axi_ad9144_jesd_jesd204_tx_0_0 has port status_synth_params2[13] driven by constant 0
INFO: [Synth 8-3917] design axi_ad9144_jesd_jesd204_tx_0_0 has port status_synth_params2[12] driven by constant 0
INFO: [Synth 8-3917] design axi_ad9144_jesd_jesd204_tx_0_0 has port status_synth_params2[11] driven by constant 0
INFO: [Synth 8-3917] design axi_ad9144_jesd_jesd204_tx_0_0 has port status_synth_params2[10] driven by constant 0
INFO: [Synth 8-3917] design axi_ad9144_jesd_jesd204_tx_0_0 has port status_synth_params2[9] driven by constant 0
INFO: [Synth 8-3917] design axi_ad9144_jesd_jesd204_tx_0_0 has port status_synth_params2[8] driven by constant 1
INFO: [Synth 8-3917] design axi_ad9144_jesd_jesd204_tx_0_0 has port status_synth_params2[7] driven by constant 0
INFO: [Common 17-14] Message 'Synth 8-3917' appears 100 times and further instances of the messages will be disabled. Use the Tcl command set_msg_config to change the current settings.
WARNING: [Synth 8-7129] Port tx_valid in module axi_ad9144_jesd_jesd204_tx_0_0 is either unconnected or has no load
WARNING: [Synth 8-7129] Port cfg_octets_per_multiframe[1] in module axi_ad9144_jesd_jesd204_tx_0_0 is either unconnected or has no load
WARNING: [Synth 8-7129] Port cfg_octets_per_multiframe[0] in module axi_ad9144_jesd_jesd204_tx_0_0 is either unconnected or has no load
WARNING: [Synth 8-7129] Port cfg_disable_char_replacement in module axi_ad9144_jesd_jesd204_tx_0_0 is either unconnected or has no load
WARNING: [Synth 8-7129] Port device_cfg_octets_per_multiframe[1] in module axi_ad9144_jesd_jesd204_tx_0_0 is either unconnected or has no load
WARNING: [Synth 8-7129] Port device_cfg_octets_per_multiframe[0] in module axi_ad9144_jesd_jesd204_tx_0_0 is either unconnected or has no load
WARNING: [Synth 8-7129] Port device_cfg_octets_per_frame[7] in module axi_ad9144_jesd_jesd204_tx_0_0 is either unconnected or has no load
WARNING: [Synth 8-7129] Port device_cfg_octets_per_frame[6] in module axi_ad9144_jesd_jesd204_tx_0_0 is either unconnected or has no load
WARNING: [Synth 8-7129] Port device_cfg_octets_per_frame[5] in module axi_ad9144_jesd_jesd204_tx_0_0 is either unconnected or has no load
WARNING: [Synth 8-7129] Port device_cfg_octets_per_frame[4] in module axi_ad9144_jesd_jesd204_tx_0_0 is either unconnected or has no load
WARNING: [Synth 8-7129] Port device_cfg_octets_per_frame[3] in module axi_ad9144_jesd_jesd204_tx_0_0 is either unconnected or has no load
WARNING: [Synth 8-7129] Port device_cfg_octets_per_frame[2] in module axi_ad9144_jesd_jesd204_tx_0_0 is either unconnected or has no load
WARNING: [Synth 8-7129] Port device_cfg_octets_per_frame[1] in module axi_ad9144_jesd_jesd204_tx_0_0 is either unconnected or has no load
INFO: [Common 17-14] Message 'Synth 8-7129' appears 100 times and further instances of the messages will be disabled. Use the Tcl command set_msg_config to change the current settings.
---------------------------------------------------------------------------------
Finished Cross Boundary and Area Optimization : Time (s): cpu = 00:00:18 ; elapsed = 00:01:31 . Memory (MB): peak = 2485.816 ; gain = 1404.531
---------------------------------------------------------------------------------
No constraint files found.
---------------------------------------------------------------------------------
Start Timing Optimization
---------------------------------------------------------------------------------
---------------------------------------------------------------------------------
Finished Timing Optimization : Time (s): cpu = 00:00:19 ; elapsed = 00:01:32 . Memory (MB): peak = 2485.816 ; gain = 1404.531
---------------------------------------------------------------------------------
---------------------------------------------------------------------------------
Start Technology Mapping
---------------------------------------------------------------------------------
---------------------------------------------------------------------------------
Finished Technology Mapping : Time (s): cpu = 00:00:19 ; elapsed = 00:01:32 . Memory (MB): peak = 2485.816 ; gain = 1404.531
---------------------------------------------------------------------------------
---------------------------------------------------------------------------------
Start IO Insertion
---------------------------------------------------------------------------------
---------------------------------------------------------------------------------
Start Flattening Before IO Insertion
---------------------------------------------------------------------------------
---------------------------------------------------------------------------------
Finished Flattening Before IO Insertion
---------------------------------------------------------------------------------
---------------------------------------------------------------------------------
Start Final Netlist Cleanup
---------------------------------------------------------------------------------
---------------------------------------------------------------------------------
Finished Final Netlist Cleanup
---------------------------------------------------------------------------------
---------------------------------------------------------------------------------
Finished IO Insertion : Time (s): cpu = 00:00:23 ; elapsed = 00:01:37 . Memory (MB): peak = 2485.816 ; gain = 1404.531
---------------------------------------------------------------------------------
---------------------------------------------------------------------------------
Start Renaming Generated Instances
---------------------------------------------------------------------------------
---------------------------------------------------------------------------------
Finished Renaming Generated Instances : Time (s): cpu = 00:00:23 ; elapsed = 00:01:37 . Memory (MB): peak = 2485.816 ; gain = 1404.531
---------------------------------------------------------------------------------
---------------------------------------------------------------------------------
Start Rebuilding User Hierarchy
---------------------------------------------------------------------------------
---------------------------------------------------------------------------------
Finished Rebuilding User Hierarchy : Time (s): cpu = 00:00:23 ; elapsed = 00:01:37 . Memory (MB): peak = 2485.816 ; gain = 1404.531
---------------------------------------------------------------------------------
---------------------------------------------------------------------------------
Start Renaming Generated Ports
---------------------------------------------------------------------------------
---------------------------------------------------------------------------------
Finished Renaming Generated Ports : Time (s): cpu = 00:00:23 ; elapsed = 00:01:37 . Memory (MB): peak = 2485.816 ; gain = 1404.531
---------------------------------------------------------------------------------
---------------------------------------------------------------------------------
Start Handling Custom Attributes
---------------------------------------------------------------------------------
---------------------------------------------------------------------------------
Finished Handling Custom Attributes : Time (s): cpu = 00:00:23 ; elapsed = 00:01:37 . Memory (MB): peak = 2485.816 ; gain = 1404.531
---------------------------------------------------------------------------------
---------------------------------------------------------------------------------
Start Renaming Generated Nets
---------------------------------------------------------------------------------
---------------------------------------------------------------------------------
Finished Renaming Generated Nets : Time (s): cpu = 00:00:23 ; elapsed = 00:01:37 . Memory (MB): peak = 2485.816 ; gain = 1404.531
---------------------------------------------------------------------------------
---------------------------------------------------------------------------------
Start Writing Synthesis Report
---------------------------------------------------------------------------------

Report BlackBoxes: 
+-+--------------+----------+
| |BlackBox name |Instances |
+-+--------------+----------+
+-+--------------+----------+

Report Cell Usage: 
+------+-----+------+
|      |Cell |Count |
+------+-----+------+
|1     |LUT1 |     7|
|2     |LUT2 |    25|
|3     |LUT3 |   233|
|4     |LUT4 |   131|
|5     |LUT5 |   124|
|6     |LUT6 |   131|
|7     |FDRE |   556|
|8     |FDSE |   135|
+------+-----+------+

Report Instance Areas: 
+------+------------------------------------+--------------------+------+
|      |Instance                            |Module              |Cells |
+------+------------------------------------+--------------------+------+
|1     |top                                 |                    |  1342|
|2     |  inst                              |jesd204_tx          |  1342|
|3     |    i_frame_mark                    |jesd204_frame_mark  |    40|
|4     |    i_lmfc                          |jesd204_lmfc        |    53|
|5     |    \mode_8b10b.gen_lane[0].i_lane  |jesd204_tx_lane     |   216|
|6     |      i_lane_pipeline_stage         |pipeline_stage_7    |   105|
|7     |      i_scrambler                   |jesd204_scrambler_8 |    75|
|8     |    \mode_8b10b.gen_lane[1].i_lane  |jesd204_tx_lane_0   |   216|
|9     |      i_lane_pipeline_stage         |pipeline_stage_5    |   105|
|10    |      i_scrambler                   |jesd204_scrambler_6 |    75|
|11    |    \mode_8b10b.gen_lane[2].i_lane  |jesd204_tx_lane_1   |   216|
|12    |      i_lane_pipeline_stage         |pipeline_stage_3    |   105|
|13    |      i_scrambler                   |jesd204_scrambler_4 |    75|
|14    |    \mode_8b10b.gen_lane[3].i_lane  |jesd204_tx_lane_2   |   236|
|15    |      i_lane_pipeline_stage         |pipeline_stage      |   125|
|16    |      i_scrambler                   |jesd204_scrambler   |    75|
|17    |    \mode_8b10b.i_tx_ctrl           |jesd204_tx_ctrl     |   342|
|18    |      i_cdc_sync                    |sync_bits           |     2|
+------+------------------------------------+--------------------+------+
---------------------------------------------------------------------------------
Finished Writing Synthesis Report : Time (s): cpu = 00:00:23 ; elapsed = 00:01:37 . Memory (MB): peak = 2485.816 ; gain = 1404.531
---------------------------------------------------------------------------------
Synthesis finished with 0 errors, 0 critical warnings and 115 warnings.
Synthesis Optimization Runtime : Time (s): cpu = 00:00:23 ; elapsed = 00:01:38 . Memory (MB): peak = 2485.816 ; gain = 1404.531
Synthesis Optimization Complete : Time (s): cpu = 00:00:23 ; elapsed = 00:01:38 . Memory (MB): peak = 2485.816 ; gain = 1404.531
INFO: [Project 1-571] Translating synthesized netlist
Netlist sorting complete. Time (s): cpu = 00:00:00 ; elapsed = 00:00:00.033 . Memory (MB): peak = 2485.816 ; gain = 0.000
INFO: [Project 1-570] Preparing netlist for logic optimization
INFO: [Opt 31-138] Pushed 0 inverter(s) to 0 load pin(s).
Netlist sorting complete. Time (s): cpu = 00:00:00 ; elapsed = 00:00:00 . Memory (MB): peak = 2555.277 ; gain = 0.000
INFO: [Project 1-111] Unisim Transformation Summary:
No Unisim elements were transformed.

Synth Design complete, checksum: 870f53b1
INFO: [Common 17-83] Releasing license: Synthesis
143 Infos, 106 Warnings, 0 Critical Warnings and 0 Errors encountered.
synth_design completed successfully
synth_design: Time (s): cpu = 00:00:26 ; elapsed = 00:02:18 . Memory (MB): peak = 2555.277 ; gain = 1473.992
INFO: [Timing 38-35] Done setting XDC timing constraints.
INFO: [Common 17-1381] The checkpoint 'C:/GitHub/jesd204/layers/axi_ad9144_jesd/axi_ad9144_jesd.runs/axi_ad9144_jesd_jesd204_tx_0_0_synth_1/axi_ad9144_jesd_jesd204_tx_0_0.dcp' has been generated.
write_checkpoint: Time (s): cpu = 00:00:03 ; elapsed = 00:01:35 . Memory (MB): peak = 2633.645 ; gain = 78.367
INFO: [Coretcl 2-1648] Added synthesis output to IP cache for IP axi_ad9144_jesd_jesd204_tx_0_0, cache-ID = 905a9783884a7641
INFO: [Coretcl 2-1174] Renamed 17 cell refs.
INFO: [Common 17-1381] The checkpoint 'C:/GitHub/jesd204/layers/axi_ad9144_jesd/axi_ad9144_jesd.runs/axi_ad9144_jesd_jesd204_tx_0_0_synth_1/axi_ad9144_jesd_jesd204_tx_0_0.dcp' has been generated.
INFO: [runtcl-4] Executing : report_utilization -file axi_ad9144_jesd_jesd204_tx_0_0_utilization_synth.rpt -pb axi_ad9144_jesd_jesd204_tx_0_0_utilization_synth.pb
INFO: [Common 17-206] Exiting Vivado at Wed Nov  6 14:22:06 2024...
