
*** Running vivado
    with args -log phy_shared_axi_adxcvr_0_0.vds -m64 -product Vivado -mode batch -messageDb vivado.pb -notrace -source phy_shared_axi_adxcvr_0_0.tcl



****** Vivado v2022.2 (64-bit)
  **** SW Build 3671981 on Fri Oct 14 05:00:03 MDT 2022
  **** IP Build 3669848 on Fri Oct 14 08:30:02 MDT 2022
    ** Copyright 1986-2022 Xilinx, Inc. All Rights Reserved.

source phy_shared_axi_adxcvr_0_0.tcl -notrace
create_project: Time (s): cpu = 00:00:04 ; elapsed = 00:00:16 . Memory (MB): peak = 1002.047 ; gain = 116.777
INFO: [IP_Flow 19-234] Refreshing IP repositories
INFO: [IP_Flow 19-1700] Loaded user IP repository 'c:/GitHub/jesd204/ips'.
INFO: [IP_Flow 19-2313] Loaded Vivado IP repository 'C:/Xilinx/Vivado/2022.2/data/ip'.
update_ip_catalog: Time (s): cpu = 00:00:02 ; elapsed = 00:00:31 . Memory (MB): peak = 1748.297 ; gain = 31.863
INFO: [IP_Flow 19-6924] IPCACHE: Running cache check for IP inst: phy_shared_axi_adxcvr_0_0
Command: synth_design -top phy_shared_axi_adxcvr_0_0 -part xczu7ev-fbvb900-1-e -incremental_mode off -mode out_of_context
Starting synth_design
Attempting to get a license for feature 'Synthesis' and/or device 'xczu7ev'
INFO: [Common 17-349] Got license for feature 'Synthesis' and/or device 'xczu7ev'
INFO: [Designutils 20-5008] Incremental synthesis strategy off
INFO: [Synth 8-7079] Multithreading enabled for synth_design using a maximum of 2 processes.
INFO: [Synth 8-7078] Launching helper process for spawning children vivado processes
INFO: [Synth 8-7075] Helper process launched with PID 27676
INFO: [Synth 8-11241] undeclared symbol 'REGCCE', assumed default net type 'wire' [C:/Xilinx/Vivado/2022.2/data/verilog/src/unimacro/BRAM_SINGLE_MACRO.v:2170]
---------------------------------------------------------------------------------
Starting Synthesize : Time (s): cpu = 00:00:05 ; elapsed = 00:00:45 . Memory (MB): peak = 2133.695 ; gain = 350.539
---------------------------------------------------------------------------------
INFO: [Synth 8-6157] synthesizing module 'phy_shared_axi_adxcvr_0_0' [c:/GitHub/jesd204/layers/phy_shared/phy_shared.gen/sources_1/bd/phy_shared/ip/phy_shared_axi_adxcvr_0_0/synth/phy_shared_axi_adxcvr_0_0.v:53]
INFO: [Synth 8-6157] synthesizing module 'axi_adxcvr' [c:/GitHub/jesd204/layers/phy_shared/phy_shared.gen/sources_1/bd/phy_shared/ipshared/393c/axi_adxcvr.v:39]
INFO: [Synth 8-6157] synthesizing module 'axi_adxcvr_mdrp' [c:/GitHub/jesd204/layers/phy_shared/phy_shared.gen/sources_1/bd/phy_shared/ipshared/393c/axi_adxcvr_mdrp.v:38]
INFO: [Synth 8-6155] done synthesizing module 'axi_adxcvr_mdrp' (0#1) [c:/GitHub/jesd204/layers/phy_shared/phy_shared.gen/sources_1/bd/phy_shared/ipshared/393c/axi_adxcvr_mdrp.v:38]
INFO: [Synth 8-6157] synthesizing module 'axi_adxcvr_mstatus' [c:/GitHub/jesd204/layers/phy_shared/phy_shared.gen/sources_1/bd/phy_shared/ipshared/393c/axi_adxcvr_mstatus.v:38]
INFO: [Synth 8-6155] done synthesizing module 'axi_adxcvr_mstatus' (0#1) [c:/GitHub/jesd204/layers/phy_shared/phy_shared.gen/sources_1/bd/phy_shared/ipshared/393c/axi_adxcvr_mstatus.v:38]
INFO: [Synth 8-6157] synthesizing module 'axi_adxcvr_mdrp__parameterized0' [c:/GitHub/jesd204/layers/phy_shared/phy_shared.gen/sources_1/bd/phy_shared/ipshared/393c/axi_adxcvr_mdrp.v:38]
INFO: [Synth 8-6155] done synthesizing module 'axi_adxcvr_mdrp__parameterized0' (0#1) [c:/GitHub/jesd204/layers/phy_shared/phy_shared.gen/sources_1/bd/phy_shared/ipshared/393c/axi_adxcvr_mdrp.v:38]
INFO: [Synth 8-6157] synthesizing module 'axi_adxcvr_mstatus__parameterized0' [c:/GitHub/jesd204/layers/phy_shared/phy_shared.gen/sources_1/bd/phy_shared/ipshared/393c/axi_adxcvr_mstatus.v:38]
INFO: [Synth 8-6155] done synthesizing module 'axi_adxcvr_mstatus__parameterized0' (0#1) [c:/GitHub/jesd204/layers/phy_shared/phy_shared.gen/sources_1/bd/phy_shared/ipshared/393c/axi_adxcvr_mstatus.v:38]
INFO: [Synth 8-6157] synthesizing module 'axi_adxcvr_mdrp__parameterized1' [c:/GitHub/jesd204/layers/phy_shared/phy_shared.gen/sources_1/bd/phy_shared/ipshared/393c/axi_adxcvr_mdrp.v:38]
INFO: [Synth 8-6155] done synthesizing module 'axi_adxcvr_mdrp__parameterized1' (0#1) [c:/GitHub/jesd204/layers/phy_shared/phy_shared.gen/sources_1/bd/phy_shared/ipshared/393c/axi_adxcvr_mdrp.v:38]
INFO: [Synth 8-6157] synthesizing module 'axi_adxcvr_mstatus__parameterized1' [c:/GitHub/jesd204/layers/phy_shared/phy_shared.gen/sources_1/bd/phy_shared/ipshared/393c/axi_adxcvr_mstatus.v:38]
INFO: [Synth 8-6155] done synthesizing module 'axi_adxcvr_mstatus__parameterized1' (0#1) [c:/GitHub/jesd204/layers/phy_shared/phy_shared.gen/sources_1/bd/phy_shared/ipshared/393c/axi_adxcvr_mstatus.v:38]
INFO: [Synth 8-6157] synthesizing module 'axi_adxcvr_mdrp__parameterized2' [c:/GitHub/jesd204/layers/phy_shared/phy_shared.gen/sources_1/bd/phy_shared/ipshared/393c/axi_adxcvr_mdrp.v:38]
INFO: [Synth 8-6155] done synthesizing module 'axi_adxcvr_mdrp__parameterized2' (0#1) [c:/GitHub/jesd204/layers/phy_shared/phy_shared.gen/sources_1/bd/phy_shared/ipshared/393c/axi_adxcvr_mdrp.v:38]
INFO: [Synth 8-6157] synthesizing module 'axi_adxcvr_mstatus__parameterized2' [c:/GitHub/jesd204/layers/phy_shared/phy_shared.gen/sources_1/bd/phy_shared/ipshared/393c/axi_adxcvr_mstatus.v:38]
INFO: [Synth 8-6155] done synthesizing module 'axi_adxcvr_mstatus__parameterized2' (0#1) [c:/GitHub/jesd204/layers/phy_shared/phy_shared.gen/sources_1/bd/phy_shared/ipshared/393c/axi_adxcvr_mstatus.v:38]
INFO: [Synth 8-6157] synthesizing module 'axi_adxcvr_mdrp__parameterized3' [c:/GitHub/jesd204/layers/phy_shared/phy_shared.gen/sources_1/bd/phy_shared/ipshared/393c/axi_adxcvr_mdrp.v:38]
INFO: [Synth 8-6155] done synthesizing module 'axi_adxcvr_mdrp__parameterized3' (0#1) [c:/GitHub/jesd204/layers/phy_shared/phy_shared.gen/sources_1/bd/phy_shared/ipshared/393c/axi_adxcvr_mdrp.v:38]
INFO: [Synth 8-6157] synthesizing module 'axi_adxcvr_mstatus__parameterized3' [c:/GitHub/jesd204/layers/phy_shared/phy_shared.gen/sources_1/bd/phy_shared/ipshared/393c/axi_adxcvr_mstatus.v:38]
INFO: [Synth 8-6155] done synthesizing module 'axi_adxcvr_mstatus__parameterized3' (0#1) [c:/GitHub/jesd204/layers/phy_shared/phy_shared.gen/sources_1/bd/phy_shared/ipshared/393c/axi_adxcvr_mstatus.v:38]
INFO: [Synth 8-6157] synthesizing module 'axi_adxcvr_mdrp__parameterized4' [c:/GitHub/jesd204/layers/phy_shared/phy_shared.gen/sources_1/bd/phy_shared/ipshared/393c/axi_adxcvr_mdrp.v:38]
INFO: [Synth 8-6155] done synthesizing module 'axi_adxcvr_mdrp__parameterized4' (0#1) [c:/GitHub/jesd204/layers/phy_shared/phy_shared.gen/sources_1/bd/phy_shared/ipshared/393c/axi_adxcvr_mdrp.v:38]
INFO: [Synth 8-6157] synthesizing module 'axi_adxcvr_mstatus__parameterized4' [c:/GitHub/jesd204/layers/phy_shared/phy_shared.gen/sources_1/bd/phy_shared/ipshared/393c/axi_adxcvr_mstatus.v:38]
INFO: [Synth 8-6155] done synthesizing module 'axi_adxcvr_mstatus__parameterized4' (0#1) [c:/GitHub/jesd204/layers/phy_shared/phy_shared.gen/sources_1/bd/phy_shared/ipshared/393c/axi_adxcvr_mstatus.v:38]
INFO: [Synth 8-6157] synthesizing module 'axi_adxcvr_mdrp__parameterized5' [c:/GitHub/jesd204/layers/phy_shared/phy_shared.gen/sources_1/bd/phy_shared/ipshared/393c/axi_adxcvr_mdrp.v:38]
INFO: [Synth 8-6155] done synthesizing module 'axi_adxcvr_mdrp__parameterized5' (0#1) [c:/GitHub/jesd204/layers/phy_shared/phy_shared.gen/sources_1/bd/phy_shared/ipshared/393c/axi_adxcvr_mdrp.v:38]
INFO: [Synth 8-6157] synthesizing module 'axi_adxcvr_mstatus__parameterized5' [c:/GitHub/jesd204/layers/phy_shared/phy_shared.gen/sources_1/bd/phy_shared/ipshared/393c/axi_adxcvr_mstatus.v:38]
INFO: [Synth 8-6155] done synthesizing module 'axi_adxcvr_mstatus__parameterized5' (0#1) [c:/GitHub/jesd204/layers/phy_shared/phy_shared.gen/sources_1/bd/phy_shared/ipshared/393c/axi_adxcvr_mstatus.v:38]
INFO: [Synth 8-6157] synthesizing module 'axi_adxcvr_mdrp__parameterized6' [c:/GitHub/jesd204/layers/phy_shared/phy_shared.gen/sources_1/bd/phy_shared/ipshared/393c/axi_adxcvr_mdrp.v:38]
INFO: [Synth 8-6155] done synthesizing module 'axi_adxcvr_mdrp__parameterized6' (0#1) [c:/GitHub/jesd204/layers/phy_shared/phy_shared.gen/sources_1/bd/phy_shared/ipshared/393c/axi_adxcvr_mdrp.v:38]
INFO: [Synth 8-6157] synthesizing module 'axi_adxcvr_mstatus__parameterized6' [c:/GitHub/jesd204/layers/phy_shared/phy_shared.gen/sources_1/bd/phy_shared/ipshared/393c/axi_adxcvr_mstatus.v:38]
INFO: [Synth 8-6155] done synthesizing module 'axi_adxcvr_mstatus__parameterized6' (0#1) [c:/GitHub/jesd204/layers/phy_shared/phy_shared.gen/sources_1/bd/phy_shared/ipshared/393c/axi_adxcvr_mstatus.v:38]
INFO: [Synth 8-6157] synthesizing module 'axi_adxcvr_mdrp__parameterized7' [c:/GitHub/jesd204/layers/phy_shared/phy_shared.gen/sources_1/bd/phy_shared/ipshared/393c/axi_adxcvr_mdrp.v:38]
INFO: [Synth 8-6155] done synthesizing module 'axi_adxcvr_mdrp__parameterized7' (0#1) [c:/GitHub/jesd204/layers/phy_shared/phy_shared.gen/sources_1/bd/phy_shared/ipshared/393c/axi_adxcvr_mdrp.v:38]
INFO: [Synth 8-6157] synthesizing module 'axi_adxcvr_mstatus__parameterized7' [c:/GitHub/jesd204/layers/phy_shared/phy_shared.gen/sources_1/bd/phy_shared/ipshared/393c/axi_adxcvr_mstatus.v:38]
INFO: [Synth 8-6155] done synthesizing module 'axi_adxcvr_mstatus__parameterized7' (0#1) [c:/GitHub/jesd204/layers/phy_shared/phy_shared.gen/sources_1/bd/phy_shared/ipshared/393c/axi_adxcvr_mstatus.v:38]
INFO: [Synth 8-6157] synthesizing module 'axi_adxcvr_mdrp__parameterized8' [c:/GitHub/jesd204/layers/phy_shared/phy_shared.gen/sources_1/bd/phy_shared/ipshared/393c/axi_adxcvr_mdrp.v:38]
INFO: [Synth 8-6155] done synthesizing module 'axi_adxcvr_mdrp__parameterized8' (0#1) [c:/GitHub/jesd204/layers/phy_shared/phy_shared.gen/sources_1/bd/phy_shared/ipshared/393c/axi_adxcvr_mdrp.v:38]
INFO: [Synth 8-6157] synthesizing module 'axi_adxcvr_mstatus__parameterized8' [c:/GitHub/jesd204/layers/phy_shared/phy_shared.gen/sources_1/bd/phy_shared/ipshared/393c/axi_adxcvr_mstatus.v:38]
INFO: [Synth 8-6155] done synthesizing module 'axi_adxcvr_mstatus__parameterized8' (0#1) [c:/GitHub/jesd204/layers/phy_shared/phy_shared.gen/sources_1/bd/phy_shared/ipshared/393c/axi_adxcvr_mstatus.v:38]
INFO: [Synth 8-6157] synthesizing module 'axi_adxcvr_mdrp__parameterized9' [c:/GitHub/jesd204/layers/phy_shared/phy_shared.gen/sources_1/bd/phy_shared/ipshared/393c/axi_adxcvr_mdrp.v:38]
INFO: [Synth 8-6155] done synthesizing module 'axi_adxcvr_mdrp__parameterized9' (0#1) [c:/GitHub/jesd204/layers/phy_shared/phy_shared.gen/sources_1/bd/phy_shared/ipshared/393c/axi_adxcvr_mdrp.v:38]
INFO: [Synth 8-6157] synthesizing module 'axi_adxcvr_mstatus__parameterized9' [c:/GitHub/jesd204/layers/phy_shared/phy_shared.gen/sources_1/bd/phy_shared/ipshared/393c/axi_adxcvr_mstatus.v:38]
INFO: [Synth 8-6155] done synthesizing module 'axi_adxcvr_mstatus__parameterized9' (0#1) [c:/GitHub/jesd204/layers/phy_shared/phy_shared.gen/sources_1/bd/phy_shared/ipshared/393c/axi_adxcvr_mstatus.v:38]
INFO: [Synth 8-6157] synthesizing module 'axi_adxcvr_mdrp__parameterized10' [c:/GitHub/jesd204/layers/phy_shared/phy_shared.gen/sources_1/bd/phy_shared/ipshared/393c/axi_adxcvr_mdrp.v:38]
INFO: [Synth 8-6155] done synthesizing module 'axi_adxcvr_mdrp__parameterized10' (0#1) [c:/GitHub/jesd204/layers/phy_shared/phy_shared.gen/sources_1/bd/phy_shared/ipshared/393c/axi_adxcvr_mdrp.v:38]
INFO: [Synth 8-6157] synthesizing module 'axi_adxcvr_mstatus__parameterized10' [c:/GitHub/jesd204/layers/phy_shared/phy_shared.gen/sources_1/bd/phy_shared/ipshared/393c/axi_adxcvr_mstatus.v:38]
INFO: [Synth 8-6155] done synthesizing module 'axi_adxcvr_mstatus__parameterized10' (0#1) [c:/GitHub/jesd204/layers/phy_shared/phy_shared.gen/sources_1/bd/phy_shared/ipshared/393c/axi_adxcvr_mstatus.v:38]
INFO: [Synth 8-6157] synthesizing module 'axi_adxcvr_mdrp__parameterized11' [c:/GitHub/jesd204/layers/phy_shared/phy_shared.gen/sources_1/bd/phy_shared/ipshared/393c/axi_adxcvr_mdrp.v:38]
INFO: [Synth 8-6155] done synthesizing module 'axi_adxcvr_mdrp__parameterized11' (0#1) [c:/GitHub/jesd204/layers/phy_shared/phy_shared.gen/sources_1/bd/phy_shared/ipshared/393c/axi_adxcvr_mdrp.v:38]
INFO: [Synth 8-6157] synthesizing module 'axi_adxcvr_mstatus__parameterized11' [c:/GitHub/jesd204/layers/phy_shared/phy_shared.gen/sources_1/bd/phy_shared/ipshared/393c/axi_adxcvr_mstatus.v:38]
INFO: [Synth 8-6155] done synthesizing module 'axi_adxcvr_mstatus__parameterized11' (0#1) [c:/GitHub/jesd204/layers/phy_shared/phy_shared.gen/sources_1/bd/phy_shared/ipshared/393c/axi_adxcvr_mstatus.v:38]
INFO: [Synth 8-6157] synthesizing module 'axi_adxcvr_mdrp__parameterized12' [c:/GitHub/jesd204/layers/phy_shared/phy_shared.gen/sources_1/bd/phy_shared/ipshared/393c/axi_adxcvr_mdrp.v:38]
INFO: [Synth 8-6155] done synthesizing module 'axi_adxcvr_mdrp__parameterized12' (0#1) [c:/GitHub/jesd204/layers/phy_shared/phy_shared.gen/sources_1/bd/phy_shared/ipshared/393c/axi_adxcvr_mdrp.v:38]
INFO: [Synth 8-6157] synthesizing module 'axi_adxcvr_mstatus__parameterized12' [c:/GitHub/jesd204/layers/phy_shared/phy_shared.gen/sources_1/bd/phy_shared/ipshared/393c/axi_adxcvr_mstatus.v:38]
INFO: [Synth 8-6155] done synthesizing module 'axi_adxcvr_mstatus__parameterized12' (0#1) [c:/GitHub/jesd204/layers/phy_shared/phy_shared.gen/sources_1/bd/phy_shared/ipshared/393c/axi_adxcvr_mstatus.v:38]
INFO: [Synth 8-6157] synthesizing module 'axi_adxcvr_mdrp__parameterized13' [c:/GitHub/jesd204/layers/phy_shared/phy_shared.gen/sources_1/bd/phy_shared/ipshared/393c/axi_adxcvr_mdrp.v:38]
INFO: [Synth 8-6155] done synthesizing module 'axi_adxcvr_mdrp__parameterized13' (0#1) [c:/GitHub/jesd204/layers/phy_shared/phy_shared.gen/sources_1/bd/phy_shared/ipshared/393c/axi_adxcvr_mdrp.v:38]
INFO: [Synth 8-6157] synthesizing module 'axi_adxcvr_mstatus__parameterized13' [c:/GitHub/jesd204/layers/phy_shared/phy_shared.gen/sources_1/bd/phy_shared/ipshared/393c/axi_adxcvr_mstatus.v:38]
INFO: [Synth 8-6155] done synthesizing module 'axi_adxcvr_mstatus__parameterized13' (0#1) [c:/GitHub/jesd204/layers/phy_shared/phy_shared.gen/sources_1/bd/phy_shared/ipshared/393c/axi_adxcvr_mstatus.v:38]
INFO: [Synth 8-6157] synthesizing module 'axi_adxcvr_mdrp__parameterized14' [c:/GitHub/jesd204/layers/phy_shared/phy_shared.gen/sources_1/bd/phy_shared/ipshared/393c/axi_adxcvr_mdrp.v:38]
INFO: [Synth 8-6155] done synthesizing module 'axi_adxcvr_mdrp__parameterized14' (0#1) [c:/GitHub/jesd204/layers/phy_shared/phy_shared.gen/sources_1/bd/phy_shared/ipshared/393c/axi_adxcvr_mdrp.v:38]
INFO: [Synth 8-6157] synthesizing module 'axi_adxcvr_mstatus__parameterized14' [c:/GitHub/jesd204/layers/phy_shared/phy_shared.gen/sources_1/bd/phy_shared/ipshared/393c/axi_adxcvr_mstatus.v:38]
INFO: [Synth 8-6155] done synthesizing module 'axi_adxcvr_mstatus__parameterized14' (0#1) [c:/GitHub/jesd204/layers/phy_shared/phy_shared.gen/sources_1/bd/phy_shared/ipshared/393c/axi_adxcvr_mstatus.v:38]
INFO: [Synth 8-6157] synthesizing module 'axi_adxcvr_mdrp__parameterized15' [c:/GitHub/jesd204/layers/phy_shared/phy_shared.gen/sources_1/bd/phy_shared/ipshared/393c/axi_adxcvr_mdrp.v:38]
INFO: [Synth 8-6155] done synthesizing module 'axi_adxcvr_mdrp__parameterized15' (0#1) [c:/GitHub/jesd204/layers/phy_shared/phy_shared.gen/sources_1/bd/phy_shared/ipshared/393c/axi_adxcvr_mdrp.v:38]
INFO: [Synth 8-6157] synthesizing module 'axi_adxcvr_mstatus__parameterized15' [c:/GitHub/jesd204/layers/phy_shared/phy_shared.gen/sources_1/bd/phy_shared/ipshared/393c/axi_adxcvr_mstatus.v:38]
INFO: [Synth 8-6155] done synthesizing module 'axi_adxcvr_mstatus__parameterized15' (0#1) [c:/GitHub/jesd204/layers/phy_shared/phy_shared.gen/sources_1/bd/phy_shared/ipshared/393c/axi_adxcvr_mstatus.v:38]
INFO: [Synth 8-6157] synthesizing module 'axi_adxcvr_mdrp__parameterized16' [c:/GitHub/jesd204/layers/phy_shared/phy_shared.gen/sources_1/bd/phy_shared/ipshared/393c/axi_adxcvr_mdrp.v:38]
INFO: [Synth 8-6155] done synthesizing module 'axi_adxcvr_mdrp__parameterized16' (0#1) [c:/GitHub/jesd204/layers/phy_shared/phy_shared.gen/sources_1/bd/phy_shared/ipshared/393c/axi_adxcvr_mdrp.v:38]
INFO: [Synth 8-6157] synthesizing module 'axi_adxcvr_mstatus__parameterized16' [c:/GitHub/jesd204/layers/phy_shared/phy_shared.gen/sources_1/bd/phy_shared/ipshared/393c/axi_adxcvr_mstatus.v:38]
INFO: [Synth 8-6155] done synthesizing module 'axi_adxcvr_mstatus__parameterized16' (0#1) [c:/GitHub/jesd204/layers/phy_shared/phy_shared.gen/sources_1/bd/phy_shared/ipshared/393c/axi_adxcvr_mstatus.v:38]
INFO: [Synth 8-6157] synthesizing module 'axi_adxcvr_mdrp__parameterized17' [c:/GitHub/jesd204/layers/phy_shared/phy_shared.gen/sources_1/bd/phy_shared/ipshared/393c/axi_adxcvr_mdrp.v:38]
INFO: [Synth 8-6155] done synthesizing module 'axi_adxcvr_mdrp__parameterized17' (0#1) [c:/GitHub/jesd204/layers/phy_shared/phy_shared.gen/sources_1/bd/phy_shared/ipshared/393c/axi_adxcvr_mdrp.v:38]
INFO: [Synth 8-6157] synthesizing module 'axi_adxcvr_mstatus__parameterized17' [c:/GitHub/jesd204/layers/phy_shared/phy_shared.gen/sources_1/bd/phy_shared/ipshared/393c/axi_adxcvr_mstatus.v:38]
INFO: [Synth 8-6155] done synthesizing module 'axi_adxcvr_mstatus__parameterized17' (0#1) [c:/GitHub/jesd204/layers/phy_shared/phy_shared.gen/sources_1/bd/phy_shared/ipshared/393c/axi_adxcvr_mstatus.v:38]
INFO: [Synth 8-6157] synthesizing module 'axi_adxcvr_mdrp__parameterized18' [c:/GitHub/jesd204/layers/phy_shared/phy_shared.gen/sources_1/bd/phy_shared/ipshared/393c/axi_adxcvr_mdrp.v:38]
INFO: [Synth 8-6155] done synthesizing module 'axi_adxcvr_mdrp__parameterized18' (0#1) [c:/GitHub/jesd204/layers/phy_shared/phy_shared.gen/sources_1/bd/phy_shared/ipshared/393c/axi_adxcvr_mdrp.v:38]
INFO: [Synth 8-6157] synthesizing module 'axi_adxcvr_mstatus__parameterized18' [c:/GitHub/jesd204/layers/phy_shared/phy_shared.gen/sources_1/bd/phy_shared/ipshared/393c/axi_adxcvr_mstatus.v:38]
INFO: [Synth 8-6155] done synthesizing module 'axi_adxcvr_mstatus__parameterized18' (0#1) [c:/GitHub/jesd204/layers/phy_shared/phy_shared.gen/sources_1/bd/phy_shared/ipshared/393c/axi_adxcvr_mstatus.v:38]
INFO: [Synth 8-6157] synthesizing module 'axi_adxcvr_mdrp__parameterized19' [c:/GitHub/jesd204/layers/phy_shared/phy_shared.gen/sources_1/bd/phy_shared/ipshared/393c/axi_adxcvr_mdrp.v:38]
INFO: [Synth 8-6155] done synthesizing module 'axi_adxcvr_mdrp__parameterized19' (0#1) [c:/GitHub/jesd204/layers/phy_shared/phy_shared.gen/sources_1/bd/phy_shared/ipshared/393c/axi_adxcvr_mdrp.v:38]
INFO: [Synth 8-6157] synthesizing module 'axi_adxcvr_mstatus__parameterized19' [c:/GitHub/jesd204/layers/phy_shared/phy_shared.gen/sources_1/bd/phy_shared/ipshared/393c/axi_adxcvr_mstatus.v:38]
INFO: [Synth 8-6155] done synthesizing module 'axi_adxcvr_mstatus__parameterized19' (0#1) [c:/GitHub/jesd204/layers/phy_shared/phy_shared.gen/sources_1/bd/phy_shared/ipshared/393c/axi_adxcvr_mstatus.v:38]
INFO: [Synth 8-6157] synthesizing module 'axi_adxcvr_mdrp__parameterized20' [c:/GitHub/jesd204/layers/phy_shared/phy_shared.gen/sources_1/bd/phy_shared/ipshared/393c/axi_adxcvr_mdrp.v:38]
INFO: [Synth 8-6155] done synthesizing module 'axi_adxcvr_mdrp__parameterized20' (0#1) [c:/GitHub/jesd204/layers/phy_shared/phy_shared.gen/sources_1/bd/phy_shared/ipshared/393c/axi_adxcvr_mdrp.v:38]
INFO: [Synth 8-6157] synthesizing module 'axi_adxcvr_mstatus__parameterized20' [c:/GitHub/jesd204/layers/phy_shared/phy_shared.gen/sources_1/bd/phy_shared/ipshared/393c/axi_adxcvr_mstatus.v:38]
INFO: [Synth 8-6155] done synthesizing module 'axi_adxcvr_mstatus__parameterized20' (0#1) [c:/GitHub/jesd204/layers/phy_shared/phy_shared.gen/sources_1/bd/phy_shared/ipshared/393c/axi_adxcvr_mstatus.v:38]
INFO: [Synth 8-6157] synthesizing module 'axi_adxcvr_mdrp__parameterized21' [c:/GitHub/jesd204/layers/phy_shared/phy_shared.gen/sources_1/bd/phy_shared/ipshared/393c/axi_adxcvr_mdrp.v:38]
INFO: [Synth 8-6155] done synthesizing module 'axi_adxcvr_mdrp__parameterized21' (0#1) [c:/GitHub/jesd204/layers/phy_shared/phy_shared.gen/sources_1/bd/phy_shared/ipshared/393c/axi_adxcvr_mdrp.v:38]
INFO: [Synth 8-6157] synthesizing module 'axi_adxcvr_mstatus__parameterized21' [c:/GitHub/jesd204/layers/phy_shared/phy_shared.gen/sources_1/bd/phy_shared/ipshared/393c/axi_adxcvr_mstatus.v:38]
INFO: [Synth 8-6155] done synthesizing module 'axi_adxcvr_mstatus__parameterized21' (0#1) [c:/GitHub/jesd204/layers/phy_shared/phy_shared.gen/sources_1/bd/phy_shared/ipshared/393c/axi_adxcvr_mstatus.v:38]
INFO: [Synth 8-6157] synthesizing module 'axi_adxcvr_mdrp__parameterized22' [c:/GitHub/jesd204/layers/phy_shared/phy_shared.gen/sources_1/bd/phy_shared/ipshared/393c/axi_adxcvr_mdrp.v:38]
INFO: [Synth 8-6155] done synthesizing module 'axi_adxcvr_mdrp__parameterized22' (0#1) [c:/GitHub/jesd204/layers/phy_shared/phy_shared.gen/sources_1/bd/phy_shared/ipshared/393c/axi_adxcvr_mdrp.v:38]
INFO: [Synth 8-6157] synthesizing module 'axi_adxcvr_mstatus__parameterized22' [c:/GitHub/jesd204/layers/phy_shared/phy_shared.gen/sources_1/bd/phy_shared/ipshared/393c/axi_adxcvr_mstatus.v:38]
INFO: [Synth 8-6155] done synthesizing module 'axi_adxcvr_mstatus__parameterized22' (0#1) [c:/GitHub/jesd204/layers/phy_shared/phy_shared.gen/sources_1/bd/phy_shared/ipshared/393c/axi_adxcvr_mstatus.v:38]
INFO: [Synth 8-6157] synthesizing module 'axi_adxcvr_mdrp__parameterized23' [c:/GitHub/jesd204/layers/phy_shared/phy_shared.gen/sources_1/bd/phy_shared/ipshared/393c/axi_adxcvr_mdrp.v:38]
INFO: [Synth 8-6155] done synthesizing module 'axi_adxcvr_mdrp__parameterized23' (0#1) [c:/GitHub/jesd204/layers/phy_shared/phy_shared.gen/sources_1/bd/phy_shared/ipshared/393c/axi_adxcvr_mdrp.v:38]
INFO: [Synth 8-6157] synthesizing module 'axi_adxcvr_mstatus__parameterized23' [c:/GitHub/jesd204/layers/phy_shared/phy_shared.gen/sources_1/bd/phy_shared/ipshared/393c/axi_adxcvr_mstatus.v:38]
INFO: [Synth 8-6155] done synthesizing module 'axi_adxcvr_mstatus__parameterized23' (0#1) [c:/GitHub/jesd204/layers/phy_shared/phy_shared.gen/sources_1/bd/phy_shared/ipshared/393c/axi_adxcvr_mstatus.v:38]
INFO: [Synth 8-6157] synthesizing module 'axi_adxcvr_mdrp__parameterized24' [c:/GitHub/jesd204/layers/phy_shared/phy_shared.gen/sources_1/bd/phy_shared/ipshared/393c/axi_adxcvr_mdrp.v:38]
INFO: [Synth 8-6155] done synthesizing module 'axi_adxcvr_mdrp__parameterized24' (0#1) [c:/GitHub/jesd204/layers/phy_shared/phy_shared.gen/sources_1/bd/phy_shared/ipshared/393c/axi_adxcvr_mdrp.v:38]
INFO: [Synth 8-6157] synthesizing module 'axi_adxcvr_mstatus__parameterized24' [c:/GitHub/jesd204/layers/phy_shared/phy_shared.gen/sources_1/bd/phy_shared/ipshared/393c/axi_adxcvr_mstatus.v:38]
INFO: [Synth 8-6155] done synthesizing module 'axi_adxcvr_mstatus__parameterized24' (0#1) [c:/GitHub/jesd204/layers/phy_shared/phy_shared.gen/sources_1/bd/phy_shared/ipshared/393c/axi_adxcvr_mstatus.v:38]
INFO: [Synth 8-6157] synthesizing module 'axi_adxcvr_mdrp__parameterized25' [c:/GitHub/jesd204/layers/phy_shared/phy_shared.gen/sources_1/bd/phy_shared/ipshared/393c/axi_adxcvr_mdrp.v:38]
INFO: [Synth 8-6155] done synthesizing module 'axi_adxcvr_mdrp__parameterized25' (0#1) [c:/GitHub/jesd204/layers/phy_shared/phy_shared.gen/sources_1/bd/phy_shared/ipshared/393c/axi_adxcvr_mdrp.v:38]
INFO: [Synth 8-6157] synthesizing module 'axi_adxcvr_mstatus__parameterized25' [c:/GitHub/jesd204/layers/phy_shared/phy_shared.gen/sources_1/bd/phy_shared/ipshared/393c/axi_adxcvr_mstatus.v:38]
INFO: [Synth 8-6155] done synthesizing module 'axi_adxcvr_mstatus__parameterized25' (0#1) [c:/GitHub/jesd204/layers/phy_shared/phy_shared.gen/sources_1/bd/phy_shared/ipshared/393c/axi_adxcvr_mstatus.v:38]
INFO: [Synth 8-6157] synthesizing module 'axi_adxcvr_mdrp__parameterized26' [c:/GitHub/jesd204/layers/phy_shared/phy_shared.gen/sources_1/bd/phy_shared/ipshared/393c/axi_adxcvr_mdrp.v:38]
INFO: [Synth 8-6155] done synthesizing module 'axi_adxcvr_mdrp__parameterized26' (0#1) [c:/GitHub/jesd204/layers/phy_shared/phy_shared.gen/sources_1/bd/phy_shared/ipshared/393c/axi_adxcvr_mdrp.v:38]
INFO: [Synth 8-6157] synthesizing module 'axi_adxcvr_mstatus__parameterized26' [c:/GitHub/jesd204/layers/phy_shared/phy_shared.gen/sources_1/bd/phy_shared/ipshared/393c/axi_adxcvr_mstatus.v:38]
INFO: [Synth 8-6155] done synthesizing module 'axi_adxcvr_mstatus__parameterized26' (0#1) [c:/GitHub/jesd204/layers/phy_shared/phy_shared.gen/sources_1/bd/phy_shared/ipshared/393c/axi_adxcvr_mstatus.v:38]
INFO: [Synth 8-6157] synthesizing module 'axi_adxcvr_mdrp__parameterized27' [c:/GitHub/jesd204/layers/phy_shared/phy_shared.gen/sources_1/bd/phy_shared/ipshared/393c/axi_adxcvr_mdrp.v:38]
INFO: [Synth 8-6155] done synthesizing module 'axi_adxcvr_mdrp__parameterized27' (0#1) [c:/GitHub/jesd204/layers/phy_shared/phy_shared.gen/sources_1/bd/phy_shared/ipshared/393c/axi_adxcvr_mdrp.v:38]
INFO: [Synth 8-6157] synthesizing module 'axi_adxcvr_mstatus__parameterized27' [c:/GitHub/jesd204/layers/phy_shared/phy_shared.gen/sources_1/bd/phy_shared/ipshared/393c/axi_adxcvr_mstatus.v:38]
INFO: [Synth 8-6155] done synthesizing module 'axi_adxcvr_mstatus__parameterized27' (0#1) [c:/GitHub/jesd204/layers/phy_shared/phy_shared.gen/sources_1/bd/phy_shared/ipshared/393c/axi_adxcvr_mstatus.v:38]
INFO: [Synth 8-6157] synthesizing module 'axi_adxcvr_mdrp__parameterized28' [c:/GitHub/jesd204/layers/phy_shared/phy_shared.gen/sources_1/bd/phy_shared/ipshared/393c/axi_adxcvr_mdrp.v:38]
INFO: [Synth 8-6155] done synthesizing module 'axi_adxcvr_mdrp__parameterized28' (0#1) [c:/GitHub/jesd204/layers/phy_shared/phy_shared.gen/sources_1/bd/phy_shared/ipshared/393c/axi_adxcvr_mdrp.v:38]
INFO: [Synth 8-6157] synthesizing module 'axi_adxcvr_mstatus__parameterized28' [c:/GitHub/jesd204/layers/phy_shared/phy_shared.gen/sources_1/bd/phy_shared/ipshared/393c/axi_adxcvr_mstatus.v:38]
INFO: [Synth 8-6155] done synthesizing module 'axi_adxcvr_mstatus__parameterized28' (0#1) [c:/GitHub/jesd204/layers/phy_shared/phy_shared.gen/sources_1/bd/phy_shared/ipshared/393c/axi_adxcvr_mstatus.v:38]
INFO: [Synth 8-6157] synthesizing module 'axi_adxcvr_mdrp__parameterized29' [c:/GitHub/jesd204/layers/phy_shared/phy_shared.gen/sources_1/bd/phy_shared/ipshared/393c/axi_adxcvr_mdrp.v:38]
INFO: [Synth 8-6155] done synthesizing module 'axi_adxcvr_mdrp__parameterized29' (0#1) [c:/GitHub/jesd204/layers/phy_shared/phy_shared.gen/sources_1/bd/phy_shared/ipshared/393c/axi_adxcvr_mdrp.v:38]
INFO: [Synth 8-6157] synthesizing module 'axi_adxcvr_mstatus__parameterized29' [c:/GitHub/jesd204/layers/phy_shared/phy_shared.gen/sources_1/bd/phy_shared/ipshared/393c/axi_adxcvr_mstatus.v:38]
INFO: [Synth 8-6155] done synthesizing module 'axi_adxcvr_mstatus__parameterized29' (0#1) [c:/GitHub/jesd204/layers/phy_shared/phy_shared.gen/sources_1/bd/phy_shared/ipshared/393c/axi_adxcvr_mstatus.v:38]
INFO: [Synth 8-6157] synthesizing module 'axi_adxcvr_mdrp__parameterized30' [c:/GitHub/jesd204/layers/phy_shared/phy_shared.gen/sources_1/bd/phy_shared/ipshared/393c/axi_adxcvr_mdrp.v:38]
INFO: [Synth 8-6155] done synthesizing module 'axi_adxcvr_mdrp__parameterized30' (0#1) [c:/GitHub/jesd204/layers/phy_shared/phy_shared.gen/sources_1/bd/phy_shared/ipshared/393c/axi_adxcvr_mdrp.v:38]
INFO: [Synth 8-6157] synthesizing module 'axi_adxcvr_mstatus__parameterized30' [c:/GitHub/jesd204/layers/phy_shared/phy_shared.gen/sources_1/bd/phy_shared/ipshared/393c/axi_adxcvr_mstatus.v:38]
INFO: [Synth 8-6155] done synthesizing module 'axi_adxcvr_mstatus__parameterized30' (0#1) [c:/GitHub/jesd204/layers/phy_shared/phy_shared.gen/sources_1/bd/phy_shared/ipshared/393c/axi_adxcvr_mstatus.v:38]
INFO: [Synth 8-6157] synthesizing module 'axi_adxcvr_es' [c:/GitHub/jesd204/layers/phy_shared/phy_shared.gen/sources_1/bd/phy_shared/ipshared/393c/axi_adxcvr_es.v:38]
INFO: [Synth 8-6155] done synthesizing module 'axi_adxcvr_es' (0#1) [c:/GitHub/jesd204/layers/phy_shared/phy_shared.gen/sources_1/bd/phy_shared/ipshared/393c/axi_adxcvr_es.v:38]
INFO: [Synth 8-6157] synthesizing module 'axi_adxcvr_up' [c:/GitHub/jesd204/layers/phy_shared/phy_shared.gen/sources_1/bd/phy_shared/ipshared/393c/axi_adxcvr_up.v:38]
INFO: [Synth 8-6155] done synthesizing module 'axi_adxcvr_up' (0#1) [c:/GitHub/jesd204/layers/phy_shared/phy_shared.gen/sources_1/bd/phy_shared/ipshared/393c/axi_adxcvr_up.v:38]
INFO: [Synth 8-6157] synthesizing module 'up_axi' [c:/GitHub/jesd204/layers/phy_shared/phy_shared.gen/sources_1/bd/phy_shared/ipshared/393c/up_axi.v:38]
INFO: [Synth 8-6155] done synthesizing module 'up_axi' (0#1) [c:/GitHub/jesd204/layers/phy_shared/phy_shared.gen/sources_1/bd/phy_shared/ipshared/393c/up_axi.v:38]
WARNING: [Synth 8-689] width (16) of port connection 'up_axi_awaddr' does not match port width (12) of module 'up_axi' [c:/GitHub/jesd204/layers/phy_shared/phy_shared.gen/sources_1/bd/phy_shared/ipshared/393c/axi_adxcvr.v:4322]
WARNING: [Synth 8-689] width (16) of port connection 'up_axi_araddr' does not match port width (12) of module 'up_axi' [c:/GitHub/jesd204/layers/phy_shared/phy_shared.gen/sources_1/bd/phy_shared/ipshared/393c/axi_adxcvr.v:4332]
INFO: [Synth 8-6155] done synthesizing module 'axi_adxcvr' (0#1) [c:/GitHub/jesd204/layers/phy_shared/phy_shared.gen/sources_1/bd/phy_shared/ipshared/393c/axi_adxcvr.v:39]
INFO: [Synth 8-6155] done synthesizing module 'phy_shared_axi_adxcvr_0_0' (0#1) [c:/GitHub/jesd204/layers/phy_shared/phy_shared.gen/sources_1/bd/phy_shared/ip/phy_shared_axi_adxcvr_0_0/synth/phy_shared_axi_adxcvr_0_0.v:53]
WARNING: [Synth 8-6014] Unused sequential element up_ies_status_reg was removed.  [c:/GitHub/jesd204/layers/phy_shared/phy_shared.gen/sources_1/bd/phy_shared/ipshared/393c/axi_adxcvr_up.v:429]
WARNING: [Synth 8-3848] Net up_es_reset_16 in module/entity axi_adxcvr does not have driver. [c:/GitHub/jesd204/layers/phy_shared/phy_shared.gen/sources_1/bd/phy_shared/ipshared/393c/axi_adxcvr.v:628]
WARNING: [Synth 8-3848] Net up_es_reset_17 in module/entity axi_adxcvr does not have driver. [c:/GitHub/jesd204/layers/phy_shared/phy_shared.gen/sources_1/bd/phy_shared/ipshared/393c/axi_adxcvr.v:661]
WARNING: [Synth 8-3848] Net up_es_reset_18 in module/entity axi_adxcvr does not have driver. [c:/GitHub/jesd204/layers/phy_shared/phy_shared.gen/sources_1/bd/phy_shared/ipshared/393c/axi_adxcvr.v:694]
WARNING: [Synth 8-3848] Net up_es_reset_19 in module/entity axi_adxcvr does not have driver. [c:/GitHub/jesd204/layers/phy_shared/phy_shared.gen/sources_1/bd/phy_shared/ipshared/393c/axi_adxcvr.v:727]
WARNING: [Synth 8-3848] Net up_es_reset_20 in module/entity axi_adxcvr does not have driver. [c:/GitHub/jesd204/layers/phy_shared/phy_shared.gen/sources_1/bd/phy_shared/ipshared/393c/axi_adxcvr.v:767]
WARNING: [Synth 8-3848] Net up_es_reset_21 in module/entity axi_adxcvr does not have driver. [c:/GitHub/jesd204/layers/phy_shared/phy_shared.gen/sources_1/bd/phy_shared/ipshared/393c/axi_adxcvr.v:800]
WARNING: [Synth 8-3848] Net up_es_reset_22 in module/entity axi_adxcvr does not have driver. [c:/GitHub/jesd204/layers/phy_shared/phy_shared.gen/sources_1/bd/phy_shared/ipshared/393c/axi_adxcvr.v:833]
WARNING: [Synth 8-3848] Net up_es_reset_23 in module/entity axi_adxcvr does not have driver. [c:/GitHub/jesd204/layers/phy_shared/phy_shared.gen/sources_1/bd/phy_shared/ipshared/393c/axi_adxcvr.v:866]
WARNING: [Synth 8-3848] Net up_es_reset_24 in module/entity axi_adxcvr does not have driver. [c:/GitHub/jesd204/layers/phy_shared/phy_shared.gen/sources_1/bd/phy_shared/ipshared/393c/axi_adxcvr.v:906]
WARNING: [Synth 8-3848] Net up_es_reset_25 in module/entity axi_adxcvr does not have driver. [c:/GitHub/jesd204/layers/phy_shared/phy_shared.gen/sources_1/bd/phy_shared/ipshared/393c/axi_adxcvr.v:939]
WARNING: [Synth 8-3848] Net up_es_reset_26 in module/entity axi_adxcvr does not have driver. [c:/GitHub/jesd204/layers/phy_shared/phy_shared.gen/sources_1/bd/phy_shared/ipshared/393c/axi_adxcvr.v:972]
WARNING: [Synth 8-3848] Net up_es_reset_27 in module/entity axi_adxcvr does not have driver. [c:/GitHub/jesd204/layers/phy_shared/phy_shared.gen/sources_1/bd/phy_shared/ipshared/393c/axi_adxcvr.v:1005]
WARNING: [Synth 8-3848] Net up_es_reset_28 in module/entity axi_adxcvr does not have driver. [c:/GitHub/jesd204/layers/phy_shared/phy_shared.gen/sources_1/bd/phy_shared/ipshared/393c/axi_adxcvr.v:1045]
WARNING: [Synth 8-3848] Net up_es_reset_29 in module/entity axi_adxcvr does not have driver. [c:/GitHub/jesd204/layers/phy_shared/phy_shared.gen/sources_1/bd/phy_shared/ipshared/393c/axi_adxcvr.v:1078]
WARNING: [Synth 8-3848] Net up_es_reset_30 in module/entity axi_adxcvr does not have driver. [c:/GitHub/jesd204/layers/phy_shared/phy_shared.gen/sources_1/bd/phy_shared/ipshared/393c/axi_adxcvr.v:1111]
WARNING: [Synth 8-3848] Net up_es_reset_31 in module/entity axi_adxcvr does not have driver. [c:/GitHub/jesd204/layers/phy_shared/phy_shared.gen/sources_1/bd/phy_shared/ipshared/393c/axi_adxcvr.v:1144]
WARNING: [Synth 8-7129] Port up_axi_awaddr[1] in module up_axi is either unconnected or has no load
WARNING: [Synth 8-7129] Port up_axi_awaddr[0] in module up_axi is either unconnected or has no load
WARNING: [Synth 8-7129] Port up_axi_wstrb[3] in module up_axi is either unconnected or has no load
WARNING: [Synth 8-7129] Port up_axi_wstrb[2] in module up_axi is either unconnected or has no load
WARNING: [Synth 8-7129] Port up_axi_wstrb[1] in module up_axi is either unconnected or has no load
WARNING: [Synth 8-7129] Port up_axi_wstrb[0] in module up_axi is either unconnected or has no load
WARNING: [Synth 8-7129] Port up_axi_araddr[1] in module up_axi is either unconnected or has no load
WARNING: [Synth 8-7129] Port up_axi_araddr[0] in module up_axi is either unconnected or has no load
WARNING: [Synth 8-7129] Port up_es_ack in module axi_adxcvr_up is either unconnected or has no load
WARNING: [Synth 8-7129] Port up_rstn in module axi_adxcvr_es is either unconnected or has no load
WARNING: [Synth 8-7129] Port up_clk in module axi_adxcvr_es is either unconnected or has no load
WARNING: [Synth 8-7129] Port up_es_rdata[15] in module axi_adxcvr_es is either unconnected or has no load
WARNING: [Synth 8-7129] Port up_es_rdata[14] in module axi_adxcvr_es is either unconnected or has no load
WARNING: [Synth 8-7129] Port up_es_rdata[13] in module axi_adxcvr_es is either unconnected or has no load
WARNING: [Synth 8-7129] Port up_es_rdata[12] in module axi_adxcvr_es is either unconnected or has no load
WARNING: [Synth 8-7129] Port up_es_rdata[11] in module axi_adxcvr_es is either unconnected or has no load
WARNING: [Synth 8-7129] Port up_es_rdata[10] in module axi_adxcvr_es is either unconnected or has no load
WARNING: [Synth 8-7129] Port up_es_rdata[9] in module axi_adxcvr_es is either unconnected or has no load
WARNING: [Synth 8-7129] Port up_es_rdata[8] in module axi_adxcvr_es is either unconnected or has no load
WARNING: [Synth 8-7129] Port up_es_rdata[7] in module axi_adxcvr_es is either unconnected or has no load
WARNING: [Synth 8-7129] Port up_es_rdata[6] in module axi_adxcvr_es is either unconnected or has no load
WARNING: [Synth 8-7129] Port up_es_rdata[5] in module axi_adxcvr_es is either unconnected or has no load
WARNING: [Synth 8-7129] Port up_es_rdata[4] in module axi_adxcvr_es is either unconnected or has no load
WARNING: [Synth 8-7129] Port up_es_rdata[3] in module axi_adxcvr_es is either unconnected or has no load
WARNING: [Synth 8-7129] Port up_es_rdata[2] in module axi_adxcvr_es is either unconnected or has no load
WARNING: [Synth 8-7129] Port up_es_rdata[1] in module axi_adxcvr_es is either unconnected or has no load
WARNING: [Synth 8-7129] Port up_es_rdata[0] in module axi_adxcvr_es is either unconnected or has no load
WARNING: [Synth 8-7129] Port up_es_ready in module axi_adxcvr_es is either unconnected or has no load
WARNING: [Synth 8-7129] Port up_ch_lpm_dfe_n in module axi_adxcvr_es is either unconnected or has no load
WARNING: [Synth 8-7129] Port up_es_req in module axi_adxcvr_es is either unconnected or has no load
WARNING: [Synth 8-7129] Port up_es_pscale[4] in module axi_adxcvr_es is either unconnected or has no load
WARNING: [Synth 8-7129] Port up_es_pscale[3] in module axi_adxcvr_es is either unconnected or has no load
WARNING: [Synth 8-7129] Port up_es_pscale[2] in module axi_adxcvr_es is either unconnected or has no load
WARNING: [Synth 8-7129] Port up_es_pscale[1] in module axi_adxcvr_es is either unconnected or has no load
WARNING: [Synth 8-7129] Port up_es_pscale[0] in module axi_adxcvr_es is either unconnected or has no load
WARNING: [Synth 8-7129] Port up_es_vrange[1] in module axi_adxcvr_es is either unconnected or has no load
WARNING: [Synth 8-7129] Port up_es_vrange[0] in module axi_adxcvr_es is either unconnected or has no load
WARNING: [Synth 8-7129] Port up_es_vstep[7] in module axi_adxcvr_es is either unconnected or has no load
WARNING: [Synth 8-7129] Port up_es_vstep[6] in module axi_adxcvr_es is either unconnected or has no load
WARNING: [Synth 8-7129] Port up_es_vstep[5] in module axi_adxcvr_es is either unconnected or has no load
WARNING: [Synth 8-7129] Port up_es_vstep[4] in module axi_adxcvr_es is either unconnected or has no load
WARNING: [Synth 8-7129] Port up_es_vstep[3] in module axi_adxcvr_es is either unconnected or has no load
WARNING: [Synth 8-7129] Port up_es_vstep[2] in module axi_adxcvr_es is either unconnected or has no load
WARNING: [Synth 8-7129] Port up_es_vstep[1] in module axi_adxcvr_es is either unconnected or has no load
WARNING: [Synth 8-7129] Port up_es_vstep[0] in module axi_adxcvr_es is either unconnected or has no load
WARNING: [Synth 8-7129] Port up_es_vmax[7] in module axi_adxcvr_es is either unconnected or has no load
WARNING: [Synth 8-7129] Port up_es_vmax[6] in module axi_adxcvr_es is either unconnected or has no load
WARNING: [Synth 8-7129] Port up_es_vmax[5] in module axi_adxcvr_es is either unconnected or has no load
WARNING: [Synth 8-7129] Port up_es_vmax[4] in module axi_adxcvr_es is either unconnected or has no load
WARNING: [Synth 8-7129] Port up_es_vmax[3] in module axi_adxcvr_es is either unconnected or has no load
WARNING: [Synth 8-7129] Port up_es_vmax[2] in module axi_adxcvr_es is either unconnected or has no load
WARNING: [Synth 8-7129] Port up_es_vmax[1] in module axi_adxcvr_es is either unconnected or has no load
WARNING: [Synth 8-7129] Port up_es_vmax[0] in module axi_adxcvr_es is either unconnected or has no load
WARNING: [Synth 8-7129] Port up_es_vmin[7] in module axi_adxcvr_es is either unconnected or has no load
WARNING: [Synth 8-7129] Port up_es_vmin[6] in module axi_adxcvr_es is either unconnected or has no load
WARNING: [Synth 8-7129] Port up_es_vmin[5] in module axi_adxcvr_es is either unconnected or has no load
WARNING: [Synth 8-7129] Port up_es_vmin[4] in module axi_adxcvr_es is either unconnected or has no load
WARNING: [Synth 8-7129] Port up_es_vmin[3] in module axi_adxcvr_es is either unconnected or has no load
WARNING: [Synth 8-7129] Port up_es_vmin[2] in module axi_adxcvr_es is either unconnected or has no load
WARNING: [Synth 8-7129] Port up_es_vmin[1] in module axi_adxcvr_es is either unconnected or has no load
WARNING: [Synth 8-7129] Port up_es_vmin[0] in module axi_adxcvr_es is either unconnected or has no load
WARNING: [Synth 8-7129] Port up_es_hmax[11] in module axi_adxcvr_es is either unconnected or has no load
WARNING: [Synth 8-7129] Port up_es_hmax[10] in module axi_adxcvr_es is either unconnected or has no load
WARNING: [Synth 8-7129] Port up_es_hmax[9] in module axi_adxcvr_es is either unconnected or has no load
WARNING: [Synth 8-7129] Port up_es_hmax[8] in module axi_adxcvr_es is either unconnected or has no load
WARNING: [Synth 8-7129] Port up_es_hmax[7] in module axi_adxcvr_es is either unconnected or has no load
WARNING: [Synth 8-7129] Port up_es_hmax[6] in module axi_adxcvr_es is either unconnected or has no load
WARNING: [Synth 8-7129] Port up_es_hmax[5] in module axi_adxcvr_es is either unconnected or has no load
WARNING: [Synth 8-7129] Port up_es_hmax[4] in module axi_adxcvr_es is either unconnected or has no load
WARNING: [Synth 8-7129] Port up_es_hmax[3] in module axi_adxcvr_es is either unconnected or has no load
WARNING: [Synth 8-7129] Port up_es_hmax[2] in module axi_adxcvr_es is either unconnected or has no load
WARNING: [Synth 8-7129] Port up_es_hmax[1] in module axi_adxcvr_es is either unconnected or has no load
WARNING: [Synth 8-7129] Port up_es_hmax[0] in module axi_adxcvr_es is either unconnected or has no load
WARNING: [Synth 8-7129] Port up_es_hmin[11] in module axi_adxcvr_es is either unconnected or has no load
WARNING: [Synth 8-7129] Port up_es_hmin[10] in module axi_adxcvr_es is either unconnected or has no load
WARNING: [Synth 8-7129] Port up_es_hmin[9] in module axi_adxcvr_es is either unconnected or has no load
WARNING: [Synth 8-7129] Port up_es_hmin[8] in module axi_adxcvr_es is either unconnected or has no load
WARNING: [Synth 8-7129] Port up_es_hmin[7] in module axi_adxcvr_es is either unconnected or has no load
WARNING: [Synth 8-7129] Port up_es_hmin[6] in module axi_adxcvr_es is either unconnected or has no load
WARNING: [Synth 8-7129] Port up_es_hmin[5] in module axi_adxcvr_es is either unconnected or has no load
WARNING: [Synth 8-7129] Port up_es_hmin[4] in module axi_adxcvr_es is either unconnected or has no load
WARNING: [Synth 8-7129] Port up_es_hmin[3] in module axi_adxcvr_es is either unconnected or has no load
WARNING: [Synth 8-7129] Port up_es_hmin[2] in module axi_adxcvr_es is either unconnected or has no load
WARNING: [Synth 8-7129] Port up_es_hmin[1] in module axi_adxcvr_es is either unconnected or has no load
WARNING: [Synth 8-7129] Port up_es_hmin[0] in module axi_adxcvr_es is either unconnected or has no load
WARNING: [Synth 8-7129] Port up_es_hstep[11] in module axi_adxcvr_es is either unconnected or has no load
WARNING: [Synth 8-7129] Port up_es_hstep[10] in module axi_adxcvr_es is either unconnected or has no load
WARNING: [Synth 8-7129] Port up_es_hstep[9] in module axi_adxcvr_es is either unconnected or has no load
WARNING: [Synth 8-7129] Port up_es_hstep[8] in module axi_adxcvr_es is either unconnected or has no load
WARNING: [Synth 8-7129] Port up_es_hstep[7] in module axi_adxcvr_es is either unconnected or has no load
WARNING: [Synth 8-7129] Port up_es_hstep[6] in module axi_adxcvr_es is either unconnected or has no load
WARNING: [Synth 8-7129] Port up_es_hstep[5] in module axi_adxcvr_es is either unconnected or has no load
WARNING: [Synth 8-7129] Port up_es_hstep[4] in module axi_adxcvr_es is either unconnected or has no load
WARNING: [Synth 8-7129] Port up_es_hstep[3] in module axi_adxcvr_es is either unconnected or has no load
WARNING: [Synth 8-7129] Port up_es_hstep[2] in module axi_adxcvr_es is either unconnected or has no load
WARNING: [Synth 8-7129] Port up_es_hstep[1] in module axi_adxcvr_es is either unconnected or has no load
WARNING: [Synth 8-7129] Port up_es_hstep[0] in module axi_adxcvr_es is either unconnected or has no load
WARNING: [Synth 8-7129] Port up_es_saddr[31] in module axi_adxcvr_es is either unconnected or has no load
WARNING: [Synth 8-7129] Port up_es_saddr[30] in module axi_adxcvr_es is either unconnected or has no load
WARNING: [Synth 8-7129] Port up_es_saddr[29] in module axi_adxcvr_es is either unconnected or has no load
INFO: [Common 17-14] Message 'Synth 8-7129' appears 100 times and further instances of the messages will be disabled. Use the Tcl command set_msg_config to change the current settings.
---------------------------------------------------------------------------------
Finished Synthesize : Time (s): cpu = 00:00:08 ; elapsed = 00:01:06 . Memory (MB): peak = 2253.305 ; gain = 470.148
---------------------------------------------------------------------------------
---------------------------------------------------------------------------------
Finished Constraint Validation : Time (s): cpu = 00:00:09 ; elapsed = 00:01:09 . Memory (MB): peak = 2253.305 ; gain = 470.148
---------------------------------------------------------------------------------
---------------------------------------------------------------------------------
Start Loading Part and Timing Information
---------------------------------------------------------------------------------
Loading part: xczu7ev-fbvb900-1-e
INFO: [Synth 8-6742] Reading net delay rules and data
INFO: [Device 21-403] Loading part xczu7ev-fbvb900-1-e
---------------------------------------------------------------------------------
Finished Loading Part and Timing Information : Time (s): cpu = 00:00:09 ; elapsed = 00:01:11 . Memory (MB): peak = 2253.305 ; gain = 470.148
---------------------------------------------------------------------------------
---------------------------------------------------------------------------------
Finished RTL Optimization Phase 2 : Time (s): cpu = 00:00:16 ; elapsed = 00:01:19 . Memory (MB): peak = 2474.738 ; gain = 691.582
---------------------------------------------------------------------------------
No constraint files found.
---------------------------------------------------------------------------------
Start RTL Component Statistics 
---------------------------------------------------------------------------------
Detailed RTL Component Info : 
+---Adders : 
	   2 Input    7 Bit       Adders := 1     
	   2 Input    5 Bit       Adders := 2     
	   2 Input    4 Bit       Adders := 2     
+---Registers : 
	               32 Bit    Registers := 6     
	               29 Bit    Registers := 2     
	               16 Bit    Registers := 219   
	               12 Bit    Registers := 1     
	               10 Bit    Registers := 2     
	                8 Bit    Registers := 3     
	                7 Bit    Registers := 1     
	                5 Bit    Registers := 6     
	                4 Bit    Registers := 3     
	                3 Bit    Registers := 2     
	                2 Bit    Registers := 34    
	                1 Bit    Registers := 442   
+---Muxes : 
	  31 Input   32 Bit        Muxes := 1     
	   2 Input   32 Bit        Muxes := 4     
	   2 Input   16 Bit        Muxes := 80    
	   3 Input   16 Bit        Muxes := 70    
	   2 Input    7 Bit        Muxes := 1     
	   2 Input    5 Bit        Muxes := 4     
	   2 Input    4 Bit        Muxes := 2     
	   3 Input    2 Bit        Muxes := 83    
	   2 Input    1 Bit        Muxes := 184   
	   3 Input    1 Bit        Muxes := 13    
---------------------------------------------------------------------------------
Finished RTL Component Statistics 
---------------------------------------------------------------------------------
---------------------------------------------------------------------------------
Start Part Resource Summary
---------------------------------------------------------------------------------
Part Resources:
DSPs: 1728 (col length:144)
BRAMs: 624 (col length: RAMB18 144 RAMB36 72)
---------------------------------------------------------------------------------
Finished Part Resource Summary
---------------------------------------------------------------------------------
No constraint files found.
---------------------------------------------------------------------------------
Start Cross Boundary and Area Optimization
---------------------------------------------------------------------------------
WARNING: [Synth 8-7080] Parallel synthesis criteria is not met
---------------------------------------------------------------------------------
Finished Cross Boundary and Area Optimization : Time (s): cpu = 00:00:30 ; elapsed = 00:02:43 . Memory (MB): peak = 3176.520 ; gain = 1393.363
---------------------------------------------------------------------------------
No constraint files found.
---------------------------------------------------------------------------------
Start Timing Optimization
---------------------------------------------------------------------------------
---------------------------------------------------------------------------------
Finished Timing Optimization : Time (s): cpu = 00:00:31 ; elapsed = 00:02:46 . Memory (MB): peak = 3176.520 ; gain = 1393.363
---------------------------------------------------------------------------------
---------------------------------------------------------------------------------
Start Technology Mapping
---------------------------------------------------------------------------------
---------------------------------------------------------------------------------
Finished Technology Mapping : Time (s): cpu = 00:00:31 ; elapsed = 00:02:47 . Memory (MB): peak = 3176.520 ; gain = 1393.363
---------------------------------------------------------------------------------
---------------------------------------------------------------------------------
Start IO Insertion
---------------------------------------------------------------------------------
---------------------------------------------------------------------------------
Start Flattening Before IO Insertion
---------------------------------------------------------------------------------
---------------------------------------------------------------------------------
Finished Flattening Before IO Insertion
---------------------------------------------------------------------------------
---------------------------------------------------------------------------------
Start Final Netlist Cleanup
---------------------------------------------------------------------------------
---------------------------------------------------------------------------------
Finished Final Netlist Cleanup
---------------------------------------------------------------------------------
---------------------------------------------------------------------------------
Finished IO Insertion : Time (s): cpu = 00:00:36 ; elapsed = 00:03:31 . Memory (MB): peak = 3176.520 ; gain = 1393.363
---------------------------------------------------------------------------------
---------------------------------------------------------------------------------
Start Renaming Generated Instances
---------------------------------------------------------------------------------
---------------------------------------------------------------------------------
Finished Renaming Generated Instances : Time (s): cpu = 00:00:36 ; elapsed = 00:03:31 . Memory (MB): peak = 3176.520 ; gain = 1393.363
---------------------------------------------------------------------------------
---------------------------------------------------------------------------------
Start Rebuilding User Hierarchy
---------------------------------------------------------------------------------
---------------------------------------------------------------------------------
Finished Rebuilding User Hierarchy : Time (s): cpu = 00:00:36 ; elapsed = 00:03:31 . Memory (MB): peak = 3176.520 ; gain = 1393.363
---------------------------------------------------------------------------------
---------------------------------------------------------------------------------
Start Renaming Generated Ports
---------------------------------------------------------------------------------
---------------------------------------------------------------------------------
Finished Renaming Generated Ports : Time (s): cpu = 00:00:36 ; elapsed = 00:03:32 . Memory (MB): peak = 3176.520 ; gain = 1393.363
---------------------------------------------------------------------------------
---------------------------------------------------------------------------------
Start Handling Custom Attributes
---------------------------------------------------------------------------------
---------------------------------------------------------------------------------
Finished Handling Custom Attributes : Time (s): cpu = 00:00:36 ; elapsed = 00:03:32 . Memory (MB): peak = 3176.520 ; gain = 1393.363
---------------------------------------------------------------------------------
---------------------------------------------------------------------------------
Start Renaming Generated Nets
---------------------------------------------------------------------------------
---------------------------------------------------------------------------------
Finished Renaming Generated Nets : Time (s): cpu = 00:00:36 ; elapsed = 00:03:32 . Memory (MB): peak = 3176.520 ; gain = 1393.363
---------------------------------------------------------------------------------
---------------------------------------------------------------------------------
Start ROM, RAM, DSP, Shift Register and Retiming Reporting
---------------------------------------------------------------------------------

Static Shift Register Report:
+--------------------------+----------------------------------------------+--------+-------+--------------+--------------------+-------------------+--------+---------+
|Module Name               | RTL Name                                     | Length | Width | Reset Signal | Pull out first Reg | Pull out last Reg | SRL16E | SRLC32E | 
+--------------------------+----------------------------------------------+--------+-------+--------------+--------------------+-------------------+--------+---------+
|phy_shared_axi_adxcvr_0_0 | inst/i_mstatus_ch_15/up_pll_locked_int_reg   | 13     | 1     | YES          | NO                 | YES               | 1      | 0       | 
|phy_shared_axi_adxcvr_0_0 | inst/i_mstatus_ch_15/up_rst_done_int_reg     | 13     | 1     | YES          | NO                 | YES               | 1      | 0       | 
|phy_shared_axi_adxcvr_0_0 | inst/i_mstatus_ch_15/up_prbserr_int_reg      | 13     | 1     | YES          | NO                 | YES               | 1      | 0       | 
|phy_shared_axi_adxcvr_0_0 | inst/i_mstatus_ch_15/up_prbslocked_int_reg   | 13     | 1     | YES          | NO                 | YES               | 1      | 0       | 
|phy_shared_axi_adxcvr_0_0 | inst/i_mstatus_ch_15/up_bufstatus_int_reg[1] | 13     | 2     | YES          | NO                 | YES               | 2      | 0       | 
+--------------------------+----------------------------------------------+--------+-------+--------------+--------------------+-------------------+--------+---------+

---------------------------------------------------------------------------------
Finished ROM, RAM, DSP, Shift Register and Retiming Reporting
---------------------------------------------------------------------------------
---------------------------------------------------------------------------------
Start Writing Synthesis Report
---------------------------------------------------------------------------------

Report BlackBoxes: 
+-+--------------+----------+
| |BlackBox name |Instances |
+-+--------------+----------+
+-+--------------+----------+

Report Cell Usage: 
+------+-------+------+
|      |Cell   |Count |
+------+-------+------+
|1     |LUT1   |     1|
|2     |LUT2   |   512|
|3     |LUT3   |    42|
|4     |LUT4   |    74|
|5     |LUT5   |   129|
|6     |LUT6   |   424|
|7     |SRL16E |     6|
|8     |FDCE   |  1021|
|9     |FDPE   |     9|
|10    |FDRE   |   141|
|11    |FDSE   |     2|
+------+-------+------+

Report Instance Areas: 
+------+--------------------+------------------------------------+------+
|      |Instance            |Module                              |Cells |
+------+--------------------+------------------------------------+------+
|1     |top                 |                                    |  2361|
|2     |  inst              |axi_adxcvr                          |  2361|
|3     |    i_axi           |up_axi                              |   320|
|4     |    i_mdrp_ch_0     |axi_adxcvr_mdrp                     |    71|
|5     |    i_mdrp_ch_1     |axi_adxcvr_mdrp__parameterized0     |    87|
|6     |    i_mdrp_ch_10    |axi_adxcvr_mdrp__parameterized9     |    55|
|7     |    i_mdrp_ch_11    |axi_adxcvr_mdrp__parameterized10    |    55|
|8     |    i_mdrp_ch_12    |axi_adxcvr_mdrp__parameterized11    |    55|
|9     |    i_mdrp_ch_13    |axi_adxcvr_mdrp__parameterized12    |    55|
|10    |    i_mdrp_ch_14    |axi_adxcvr_mdrp__parameterized13    |    55|
|11    |    i_mdrp_ch_15    |axi_adxcvr_mdrp__parameterized14    |    55|
|12    |    i_mdrp_ch_16    |axi_adxcvr_mdrp__parameterized15    |     3|
|13    |    i_mdrp_ch_17    |axi_adxcvr_mdrp__parameterized16    |     2|
|14    |    i_mdrp_ch_18    |axi_adxcvr_mdrp__parameterized17    |     2|
|15    |    i_mdrp_ch_19    |axi_adxcvr_mdrp__parameterized18    |     2|
|16    |    i_mdrp_ch_2     |axi_adxcvr_mdrp__parameterized1     |    87|
|17    |    i_mdrp_ch_20    |axi_adxcvr_mdrp__parameterized19    |     2|
|18    |    i_mdrp_ch_21    |axi_adxcvr_mdrp__parameterized20    |     2|
|19    |    i_mdrp_ch_22    |axi_adxcvr_mdrp__parameterized21    |     2|
|20    |    i_mdrp_ch_23    |axi_adxcvr_mdrp__parameterized22    |     2|
|21    |    i_mdrp_ch_24    |axi_adxcvr_mdrp__parameterized23    |     2|
|22    |    i_mdrp_ch_25    |axi_adxcvr_mdrp__parameterized24    |     2|
|23    |    i_mdrp_ch_26    |axi_adxcvr_mdrp__parameterized25    |     2|
|24    |    i_mdrp_ch_27    |axi_adxcvr_mdrp__parameterized26    |     2|
|25    |    i_mdrp_ch_28    |axi_adxcvr_mdrp__parameterized27    |     2|
|26    |    i_mdrp_ch_29    |axi_adxcvr_mdrp__parameterized28    |     2|
|27    |    i_mdrp_ch_3     |axi_adxcvr_mdrp__parameterized2     |   102|
|28    |    i_mdrp_ch_30    |axi_adxcvr_mdrp__parameterized29    |     2|
|29    |    i_mdrp_ch_31    |axi_adxcvr_mdrp__parameterized30    |     2|
|30    |    i_mdrp_ch_4     |axi_adxcvr_mdrp__parameterized3     |    55|
|31    |    i_mdrp_ch_5     |axi_adxcvr_mdrp__parameterized4     |    55|
|32    |    i_mdrp_ch_6     |axi_adxcvr_mdrp__parameterized5     |    55|
|33    |    i_mdrp_ch_7     |axi_adxcvr_mdrp__parameterized6     |    55|
|34    |    i_mdrp_ch_8     |axi_adxcvr_mdrp__parameterized7     |    55|
|35    |    i_mdrp_ch_9     |axi_adxcvr_mdrp__parameterized8     |    55|
|36    |    i_mdrp_cm_0     |axi_adxcvr_mdrp_0                   |    71|
|37    |    i_mdrp_cm_12    |axi_adxcvr_mdrp__parameterized11_1  |    55|
|38    |    i_mdrp_cm_16    |axi_adxcvr_mdrp__parameterized15_2  |     3|
|39    |    i_mdrp_cm_20    |axi_adxcvr_mdrp__parameterized19_3  |     2|
|40    |    i_mdrp_cm_24    |axi_adxcvr_mdrp__parameterized23_4  |     2|
|41    |    i_mdrp_cm_28    |axi_adxcvr_mdrp__parameterized27_5  |     2|
|42    |    i_mdrp_cm_4     |axi_adxcvr_mdrp__parameterized3_6   |    55|
|43    |    i_mdrp_cm_8     |axi_adxcvr_mdrp__parameterized7_7   |    55|
|44    |    i_mstatus_ch_0  |axi_adxcvr_mstatus                  |    10|
|45    |    i_mstatus_ch_1  |axi_adxcvr_mstatus__parameterized0  |    12|
|46    |    i_mstatus_ch_10 |axi_adxcvr_mstatus__parameterized9  |     1|
|47    |    i_mstatus_ch_11 |axi_adxcvr_mstatus__parameterized10 |     1|
|48    |    i_mstatus_ch_12 |axi_adxcvr_mstatus__parameterized11 |     1|
|49    |    i_mstatus_ch_13 |axi_adxcvr_mstatus__parameterized12 |     7|
|50    |    i_mstatus_ch_14 |axi_adxcvr_mstatus__parameterized13 |    13|
|51    |    i_mstatus_ch_15 |axi_adxcvr_mstatus__parameterized14 |     7|
|52    |    i_mstatus_ch_2  |axi_adxcvr_mstatus__parameterized1  |    12|
|53    |    i_mstatus_ch_3  |axi_adxcvr_mstatus__parameterized2  |     3|
|54    |    i_mstatus_ch_4  |axi_adxcvr_mstatus__parameterized3  |     1|
|55    |    i_mstatus_ch_5  |axi_adxcvr_mstatus__parameterized4  |     1|
|56    |    i_mstatus_ch_6  |axi_adxcvr_mstatus__parameterized5  |     1|
|57    |    i_mstatus_ch_7  |axi_adxcvr_mstatus__parameterized6  |     1|
|58    |    i_mstatus_ch_8  |axi_adxcvr_mstatus__parameterized7  |     1|
|59    |    i_mstatus_ch_9  |axi_adxcvr_mstatus__parameterized8  |     1|
|60    |    i_up            |axi_adxcvr_up                       |   683|
+------+--------------------+------------------------------------+------+
---------------------------------------------------------------------------------
Finished Writing Synthesis Report : Time (s): cpu = 00:00:36 ; elapsed = 00:03:32 . Memory (MB): peak = 3176.520 ; gain = 1393.363
---------------------------------------------------------------------------------
Synthesis finished with 0 errors, 0 critical warnings and 636 warnings.
Synthesis Optimization Runtime : Time (s): cpu = 00:00:36 ; elapsed = 00:03:35 . Memory (MB): peak = 3176.520 ; gain = 1393.363
Synthesis Optimization Complete : Time (s): cpu = 00:00:36 ; elapsed = 00:03:35 . Memory (MB): peak = 3176.520 ; gain = 1393.363
INFO: [Project 1-571] Translating synthesized netlist
Netlist sorting complete. Time (s): cpu = 00:00:00 ; elapsed = 00:00:00.060 . Memory (MB): peak = 3176.520 ; gain = 0.000
INFO: [Project 1-570] Preparing netlist for logic optimization
INFO: [Opt 31-138] Pushed 0 inverter(s) to 0 load pin(s).
Netlist sorting complete. Time (s): cpu = 00:00:00 ; elapsed = 00:00:00.001 . Memory (MB): peak = 3248.676 ; gain = 0.000
INFO: [Project 1-111] Unisim Transformation Summary:
No Unisim elements were transformed.

Synth Design complete, checksum: 590ebad9
INFO: [Common 17-83] Releasing license: Synthesis
156 Infos, 120 Warnings, 0 Critical Warnings and 0 Errors encountered.
synth_design completed successfully
synth_design: Time (s): cpu = 00:00:39 ; elapsed = 00:04:31 . Memory (MB): peak = 3248.676 ; gain = 1465.547
INFO: [Timing 38-35] Done setting XDC timing constraints.
INFO: [Common 17-1381] The checkpoint 'C:/GitHub/jesd204/layers/phy_shared/phy_shared.runs/phy_shared_axi_adxcvr_0_0_synth_1/phy_shared_axi_adxcvr_0_0.dcp' has been generated.
write_checkpoint: Time (s): cpu = 00:00:04 ; elapsed = 00:01:19 . Memory (MB): peak = 3348.184 ; gain = 99.508
INFO: [Coretcl 2-1648] Added synthesis output to IP cache for IP phy_shared_axi_adxcvr_0_0, cache-ID = d15bc6964dda0fcc
config_ip_cache: Time (s): cpu = 00:00:00 ; elapsed = 00:00:05 . Memory (MB): peak = 3348.348 ; gain = 0.031
INFO: [Coretcl 2-1174] Renamed 59 cell refs.
INFO: [Common 17-1381] The checkpoint 'C:/GitHub/jesd204/layers/phy_shared/phy_shared.runs/phy_shared_axi_adxcvr_0_0_synth_1/phy_shared_axi_adxcvr_0_0.dcp' has been generated.
INFO: [runtcl-4] Executing : report_utilization -file phy_shared_axi_adxcvr_0_0_utilization_synth.rpt -pb phy_shared_axi_adxcvr_0_0_utilization_synth.pb
INFO: [Common 17-206] Exiting Vivado at Thu Nov  7 09:56:59 2024...

*** Running vivado
    with args -log phy_shared_axi_adxcvr_0_0.vds -m64 -product Vivado -mode batch -messageDb vivado.pb -notrace -source phy_shared_axi_adxcvr_0_0.tcl



****** Vivado v2022.2 (64-bit)
  **** SW Build 3671981 on Fri Oct 14 05:00:03 MDT 2022
  **** IP Build 3669848 on Fri Oct 14 08:30:02 MDT 2022
    ** Copyright 1986-2022 Xilinx, Inc. All Rights Reserved.

source phy_shared_axi_adxcvr_0_0.tcl -notrace
create_project: Time (s): cpu = 00:00:04 ; elapsed = 00:00:32 . Memory (MB): peak = 1002.906 ; gain = 118.590
INFO: [IP_Flow 19-234] Refreshing IP repositories
INFO: [IP_Flow 19-1700] Loaded user IP repository 'c:/GitHub/jesd204/ips'.
INFO: [IP_Flow 19-2313] Loaded Vivado IP repository 'C:/Xilinx/Vivado/2022.2/data/ip'.
update_ip_catalog: Time (s): cpu = 00:00:02 ; elapsed = 00:00:09 . Memory (MB): peak = 1747.938 ; gain = 29.867
INFO: [IP_Flow 19-6924] IPCACHE: Running cache check for IP inst: phy_shared_axi_adxcvr_0_0
INFO: [IP_Flow 19-6922] IPCACHE: Exporting cached entry d15bc6964dda0fcc to dir: C:/GitHub/jesd204/layers/phy_shared/phy_shared.runs/phy_shared_axi_adxcvr_0_0_synth_1
INFO: [IP_Flow 19-6928] IPCACHE: copied cached file c:/GitHub/jesd204/layers/phy_shared/phy_shared.cache/ip/2022.2/d/1/d15bc6964dda0fcc/phy_shared_axi_adxcvr_0_0.dcp to C:/GitHub/jesd204/layers/phy_shared/phy_shared.runs/phy_shared_axi_adxcvr_0_0_synth_1/phy_shared_axi_adxcvr_0_0.dcp.
INFO: [IP_Flow 19-6928] IPCACHE: copied cached file c:/GitHub/jesd204/layers/phy_shared/phy_shared.cache/ip/2022.2/d/1/d15bc6964dda0fcc/phy_shared_axi_adxcvr_0_0_sim_netlist.v to C:/GitHub/jesd204/layers/phy_shared/phy_shared.runs/phy_shared_axi_adxcvr_0_0_synth_1/phy_shared_axi_adxcvr_0_0_sim_netlist.v.
INFO: [IP_Flow 19-6928] IPCACHE: copied cached file c:/GitHub/jesd204/layers/phy_shared/phy_shared.cache/ip/2022.2/d/1/d15bc6964dda0fcc/phy_shared_axi_adxcvr_0_0_sim_netlist.vhdl to C:/GitHub/jesd204/layers/phy_shared/phy_shared.runs/phy_shared_axi_adxcvr_0_0_synth_1/phy_shared_axi_adxcvr_0_0_sim_netlist.vhdl.
INFO: [IP_Flow 19-6928] IPCACHE: copied cached file c:/GitHub/jesd204/layers/phy_shared/phy_shared.cache/ip/2022.2/d/1/d15bc6964dda0fcc/phy_shared_axi_adxcvr_0_0_stub.v to C:/GitHub/jesd204/layers/phy_shared/phy_shared.runs/phy_shared_axi_adxcvr_0_0_synth_1/phy_shared_axi_adxcvr_0_0_stub.v.
INFO: [IP_Flow 19-6928] IPCACHE: copied cached file c:/GitHub/jesd204/layers/phy_shared/phy_shared.cache/ip/2022.2/d/1/d15bc6964dda0fcc/phy_shared_axi_adxcvr_0_0_stub.vhdl to C:/GitHub/jesd204/layers/phy_shared/phy_shared.runs/phy_shared_axi_adxcvr_0_0_synth_1/phy_shared_axi_adxcvr_0_0_stub.vhdl.
INFO: [IP_Flow 19-4838] Using cached IP synthesis design for IP phy_shared_axi_adxcvr_0_0, cache-ID = d15bc6964dda0fcc.
INFO: [Common 17-206] Exiting Vivado at Thu Nov  7 10:05:51 2024...
