
*** Running vivado
    with args -log phy_shared_axi_adxcvr_0_1.vds -m64 -product Vivado -mode batch -messageDb vivado.pb -notrace -source phy_shared_axi_adxcvr_0_1.tcl



****** Vivado v2022.2 (64-bit)
  **** SW Build 3671981 on Fri Oct 14 05:00:03 MDT 2022
  **** IP Build 3669848 on Fri Oct 14 08:30:02 MDT 2022
    ** Copyright 1986-2022 Xilinx, Inc. All Rights Reserved.

source phy_shared_axi_adxcvr_0_1.tcl -notrace
create_project: Time (s): cpu = 00:00:04 ; elapsed = 00:00:15 . Memory (MB): peak = 1001.805 ; gain = 116.512
INFO: [IP_Flow 19-234] Refreshing IP repositories
INFO: [IP_Flow 19-1700] Loaded user IP repository 'c:/GitHub/jesd204/ips'.
INFO: [IP_Flow 19-2313] Loaded Vivado IP repository 'C:/Xilinx/Vivado/2022.2/data/ip'.
update_ip_catalog: Time (s): cpu = 00:00:02 ; elapsed = 00:00:31 . Memory (MB): peak = 1746.129 ; gain = 28.926
INFO: [IP_Flow 19-6924] IPCACHE: Running cache check for IP inst: phy_shared_axi_adxcvr_0_1
Command: synth_design -top phy_shared_axi_adxcvr_0_1 -part xczu7ev-fbvb900-1-e -incremental_mode off -mode out_of_context
Starting synth_design
Attempting to get a license for feature 'Synthesis' and/or device 'xczu7ev'
INFO: [Common 17-349] Got license for feature 'Synthesis' and/or device 'xczu7ev'
INFO: [Designutils 20-5008] Incremental synthesis strategy off
INFO: [Synth 8-7079] Multithreading enabled for synth_design using a maximum of 2 processes.
INFO: [Synth 8-7078] Launching helper process for spawning children vivado processes
INFO: [Synth 8-7075] Helper process launched with PID 3864
INFO: [Synth 8-11241] undeclared symbol 'REGCCE', assumed default net type 'wire' [C:/Xilinx/Vivado/2022.2/data/verilog/src/unimacro/BRAM_SINGLE_MACRO.v:2170]
---------------------------------------------------------------------------------
Starting Synthesize : Time (s): cpu = 00:00:05 ; elapsed = 00:00:45 . Memory (MB): peak = 2131.105 ; gain = 345.336
---------------------------------------------------------------------------------
INFO: [Synth 8-6157] synthesizing module 'phy_shared_axi_adxcvr_0_1' [c:/GitHub/jesd204/layers/phy_shared/phy_shared.gen/sources_1/bd/phy_shared/ip/phy_shared_axi_adxcvr_0_1/synth/phy_shared_axi_adxcvr_0_1.v:53]
INFO: [Synth 8-6157] synthesizing module 'axi_adxcvr' [c:/GitHub/jesd204/layers/phy_shared/phy_shared.gen/sources_1/bd/phy_shared/ipshared/393c/axi_adxcvr.v:39]
INFO: [Synth 8-6157] synthesizing module 'axi_adxcvr_mdrp' [c:/GitHub/jesd204/layers/phy_shared/phy_shared.gen/sources_1/bd/phy_shared/ipshared/393c/axi_adxcvr_mdrp.v:38]
INFO: [Synth 8-6155] done synthesizing module 'axi_adxcvr_mdrp' (0#1) [c:/GitHub/jesd204/layers/phy_shared/phy_shared.gen/sources_1/bd/phy_shared/ipshared/393c/axi_adxcvr_mdrp.v:38]
INFO: [Synth 8-6157] synthesizing module 'axi_adxcvr_mstatus' [c:/GitHub/jesd204/layers/phy_shared/phy_shared.gen/sources_1/bd/phy_shared/ipshared/393c/axi_adxcvr_mstatus.v:38]
INFO: [Synth 8-6155] done synthesizing module 'axi_adxcvr_mstatus' (0#1) [c:/GitHub/jesd204/layers/phy_shared/phy_shared.gen/sources_1/bd/phy_shared/ipshared/393c/axi_adxcvr_mstatus.v:38]
INFO: [Synth 8-6157] synthesizing module 'axi_adxcvr_mdrp__parameterized0' [c:/GitHub/jesd204/layers/phy_shared/phy_shared.gen/sources_1/bd/phy_shared/ipshared/393c/axi_adxcvr_mdrp.v:38]
INFO: [Synth 8-6155] done synthesizing module 'axi_adxcvr_mdrp__parameterized0' (0#1) [c:/GitHub/jesd204/layers/phy_shared/phy_shared.gen/sources_1/bd/phy_shared/ipshared/393c/axi_adxcvr_mdrp.v:38]
INFO: [Synth 8-6157] synthesizing module 'axi_adxcvr_mstatus__parameterized0' [c:/GitHub/jesd204/layers/phy_shared/phy_shared.gen/sources_1/bd/phy_shared/ipshared/393c/axi_adxcvr_mstatus.v:38]
INFO: [Synth 8-6155] done synthesizing module 'axi_adxcvr_mstatus__parameterized0' (0#1) [c:/GitHub/jesd204/layers/phy_shared/phy_shared.gen/sources_1/bd/phy_shared/ipshared/393c/axi_adxcvr_mstatus.v:38]
INFO: [Synth 8-6157] synthesizing module 'axi_adxcvr_mdrp__parameterized1' [c:/GitHub/jesd204/layers/phy_shared/phy_shared.gen/sources_1/bd/phy_shared/ipshared/393c/axi_adxcvr_mdrp.v:38]
INFO: [Synth 8-6155] done synthesizing module 'axi_adxcvr_mdrp__parameterized1' (0#1) [c:/GitHub/jesd204/layers/phy_shared/phy_shared.gen/sources_1/bd/phy_shared/ipshared/393c/axi_adxcvr_mdrp.v:38]
INFO: [Synth 8-6157] synthesizing module 'axi_adxcvr_mstatus__parameterized1' [c:/GitHub/jesd204/layers/phy_shared/phy_shared.gen/sources_1/bd/phy_shared/ipshared/393c/axi_adxcvr_mstatus.v:38]
INFO: [Synth 8-6155] done synthesizing module 'axi_adxcvr_mstatus__parameterized1' (0#1) [c:/GitHub/jesd204/layers/phy_shared/phy_shared.gen/sources_1/bd/phy_shared/ipshared/393c/axi_adxcvr_mstatus.v:38]
INFO: [Synth 8-6157] synthesizing module 'axi_adxcvr_mdrp__parameterized2' [c:/GitHub/jesd204/layers/phy_shared/phy_shared.gen/sources_1/bd/phy_shared/ipshared/393c/axi_adxcvr_mdrp.v:38]
INFO: [Synth 8-6155] done synthesizing module 'axi_adxcvr_mdrp__parameterized2' (0#1) [c:/GitHub/jesd204/layers/phy_shared/phy_shared.gen/sources_1/bd/phy_shared/ipshared/393c/axi_adxcvr_mdrp.v:38]
INFO: [Synth 8-6157] synthesizing module 'axi_adxcvr_mstatus__parameterized2' [c:/GitHub/jesd204/layers/phy_shared/phy_shared.gen/sources_1/bd/phy_shared/ipshared/393c/axi_adxcvr_mstatus.v:38]
INFO: [Synth 8-6155] done synthesizing module 'axi_adxcvr_mstatus__parameterized2' (0#1) [c:/GitHub/jesd204/layers/phy_shared/phy_shared.gen/sources_1/bd/phy_shared/ipshared/393c/axi_adxcvr_mstatus.v:38]
INFO: [Synth 8-6157] synthesizing module 'axi_adxcvr_mdrp__parameterized3' [c:/GitHub/jesd204/layers/phy_shared/phy_shared.gen/sources_1/bd/phy_shared/ipshared/393c/axi_adxcvr_mdrp.v:38]
INFO: [Synth 8-6155] done synthesizing module 'axi_adxcvr_mdrp__parameterized3' (0#1) [c:/GitHub/jesd204/layers/phy_shared/phy_shared.gen/sources_1/bd/phy_shared/ipshared/393c/axi_adxcvr_mdrp.v:38]
INFO: [Synth 8-6157] synthesizing module 'axi_adxcvr_mstatus__parameterized3' [c:/GitHub/jesd204/layers/phy_shared/phy_shared.gen/sources_1/bd/phy_shared/ipshared/393c/axi_adxcvr_mstatus.v:38]
INFO: [Synth 8-6155] done synthesizing module 'axi_adxcvr_mstatus__parameterized3' (0#1) [c:/GitHub/jesd204/layers/phy_shared/phy_shared.gen/sources_1/bd/phy_shared/ipshared/393c/axi_adxcvr_mstatus.v:38]
INFO: [Synth 8-6157] synthesizing module 'axi_adxcvr_mdrp__parameterized4' [c:/GitHub/jesd204/layers/phy_shared/phy_shared.gen/sources_1/bd/phy_shared/ipshared/393c/axi_adxcvr_mdrp.v:38]
INFO: [Synth 8-6155] done synthesizing module 'axi_adxcvr_mdrp__parameterized4' (0#1) [c:/GitHub/jesd204/layers/phy_shared/phy_shared.gen/sources_1/bd/phy_shared/ipshared/393c/axi_adxcvr_mdrp.v:38]
INFO: [Synth 8-6157] synthesizing module 'axi_adxcvr_mstatus__parameterized4' [c:/GitHub/jesd204/layers/phy_shared/phy_shared.gen/sources_1/bd/phy_shared/ipshared/393c/axi_adxcvr_mstatus.v:38]
INFO: [Synth 8-6155] done synthesizing module 'axi_adxcvr_mstatus__parameterized4' (0#1) [c:/GitHub/jesd204/layers/phy_shared/phy_shared.gen/sources_1/bd/phy_shared/ipshared/393c/axi_adxcvr_mstatus.v:38]
INFO: [Synth 8-6157] synthesizing module 'axi_adxcvr_mdrp__parameterized5' [c:/GitHub/jesd204/layers/phy_shared/phy_shared.gen/sources_1/bd/phy_shared/ipshared/393c/axi_adxcvr_mdrp.v:38]
INFO: [Synth 8-6155] done synthesizing module 'axi_adxcvr_mdrp__parameterized5' (0#1) [c:/GitHub/jesd204/layers/phy_shared/phy_shared.gen/sources_1/bd/phy_shared/ipshared/393c/axi_adxcvr_mdrp.v:38]
INFO: [Synth 8-6157] synthesizing module 'axi_adxcvr_mstatus__parameterized5' [c:/GitHub/jesd204/layers/phy_shared/phy_shared.gen/sources_1/bd/phy_shared/ipshared/393c/axi_adxcvr_mstatus.v:38]
INFO: [Synth 8-6155] done synthesizing module 'axi_adxcvr_mstatus__parameterized5' (0#1) [c:/GitHub/jesd204/layers/phy_shared/phy_shared.gen/sources_1/bd/phy_shared/ipshared/393c/axi_adxcvr_mstatus.v:38]
INFO: [Synth 8-6157] synthesizing module 'axi_adxcvr_mdrp__parameterized6' [c:/GitHub/jesd204/layers/phy_shared/phy_shared.gen/sources_1/bd/phy_shared/ipshared/393c/axi_adxcvr_mdrp.v:38]
INFO: [Synth 8-6155] done synthesizing module 'axi_adxcvr_mdrp__parameterized6' (0#1) [c:/GitHub/jesd204/layers/phy_shared/phy_shared.gen/sources_1/bd/phy_shared/ipshared/393c/axi_adxcvr_mdrp.v:38]
INFO: [Synth 8-6157] synthesizing module 'axi_adxcvr_mstatus__parameterized6' [c:/GitHub/jesd204/layers/phy_shared/phy_shared.gen/sources_1/bd/phy_shared/ipshared/393c/axi_adxcvr_mstatus.v:38]
INFO: [Synth 8-6155] done synthesizing module 'axi_adxcvr_mstatus__parameterized6' (0#1) [c:/GitHub/jesd204/layers/phy_shared/phy_shared.gen/sources_1/bd/phy_shared/ipshared/393c/axi_adxcvr_mstatus.v:38]
INFO: [Synth 8-6157] synthesizing module 'axi_adxcvr_mdrp__parameterized7' [c:/GitHub/jesd204/layers/phy_shared/phy_shared.gen/sources_1/bd/phy_shared/ipshared/393c/axi_adxcvr_mdrp.v:38]
INFO: [Synth 8-6155] done synthesizing module 'axi_adxcvr_mdrp__parameterized7' (0#1) [c:/GitHub/jesd204/layers/phy_shared/phy_shared.gen/sources_1/bd/phy_shared/ipshared/393c/axi_adxcvr_mdrp.v:38]
INFO: [Synth 8-6157] synthesizing module 'axi_adxcvr_mstatus__parameterized7' [c:/GitHub/jesd204/layers/phy_shared/phy_shared.gen/sources_1/bd/phy_shared/ipshared/393c/axi_adxcvr_mstatus.v:38]
INFO: [Synth 8-6155] done synthesizing module 'axi_adxcvr_mstatus__parameterized7' (0#1) [c:/GitHub/jesd204/layers/phy_shared/phy_shared.gen/sources_1/bd/phy_shared/ipshared/393c/axi_adxcvr_mstatus.v:38]
INFO: [Synth 8-6157] synthesizing module 'axi_adxcvr_mdrp__parameterized8' [c:/GitHub/jesd204/layers/phy_shared/phy_shared.gen/sources_1/bd/phy_shared/ipshared/393c/axi_adxcvr_mdrp.v:38]
INFO: [Synth 8-6155] done synthesizing module 'axi_adxcvr_mdrp__parameterized8' (0#1) [c:/GitHub/jesd204/layers/phy_shared/phy_shared.gen/sources_1/bd/phy_shared/ipshared/393c/axi_adxcvr_mdrp.v:38]
INFO: [Synth 8-6157] synthesizing module 'axi_adxcvr_mstatus__parameterized8' [c:/GitHub/jesd204/layers/phy_shared/phy_shared.gen/sources_1/bd/phy_shared/ipshared/393c/axi_adxcvr_mstatus.v:38]
INFO: [Synth 8-6155] done synthesizing module 'axi_adxcvr_mstatus__parameterized8' (0#1) [c:/GitHub/jesd204/layers/phy_shared/phy_shared.gen/sources_1/bd/phy_shared/ipshared/393c/axi_adxcvr_mstatus.v:38]
INFO: [Synth 8-6157] synthesizing module 'axi_adxcvr_mdrp__parameterized9' [c:/GitHub/jesd204/layers/phy_shared/phy_shared.gen/sources_1/bd/phy_shared/ipshared/393c/axi_adxcvr_mdrp.v:38]
INFO: [Synth 8-6155] done synthesizing module 'axi_adxcvr_mdrp__parameterized9' (0#1) [c:/GitHub/jesd204/layers/phy_shared/phy_shared.gen/sources_1/bd/phy_shared/ipshared/393c/axi_adxcvr_mdrp.v:38]
INFO: [Synth 8-6157] synthesizing module 'axi_adxcvr_mstatus__parameterized9' [c:/GitHub/jesd204/layers/phy_shared/phy_shared.gen/sources_1/bd/phy_shared/ipshared/393c/axi_adxcvr_mstatus.v:38]
INFO: [Synth 8-6155] done synthesizing module 'axi_adxcvr_mstatus__parameterized9' (0#1) [c:/GitHub/jesd204/layers/phy_shared/phy_shared.gen/sources_1/bd/phy_shared/ipshared/393c/axi_adxcvr_mstatus.v:38]
INFO: [Synth 8-6157] synthesizing module 'axi_adxcvr_mdrp__parameterized10' [c:/GitHub/jesd204/layers/phy_shared/phy_shared.gen/sources_1/bd/phy_shared/ipshared/393c/axi_adxcvr_mdrp.v:38]
INFO: [Synth 8-6155] done synthesizing module 'axi_adxcvr_mdrp__parameterized10' (0#1) [c:/GitHub/jesd204/layers/phy_shared/phy_shared.gen/sources_1/bd/phy_shared/ipshared/393c/axi_adxcvr_mdrp.v:38]
INFO: [Synth 8-6157] synthesizing module 'axi_adxcvr_mstatus__parameterized10' [c:/GitHub/jesd204/layers/phy_shared/phy_shared.gen/sources_1/bd/phy_shared/ipshared/393c/axi_adxcvr_mstatus.v:38]
INFO: [Synth 8-6155] done synthesizing module 'axi_adxcvr_mstatus__parameterized10' (0#1) [c:/GitHub/jesd204/layers/phy_shared/phy_shared.gen/sources_1/bd/phy_shared/ipshared/393c/axi_adxcvr_mstatus.v:38]
INFO: [Synth 8-6157] synthesizing module 'axi_adxcvr_mdrp__parameterized11' [c:/GitHub/jesd204/layers/phy_shared/phy_shared.gen/sources_1/bd/phy_shared/ipshared/393c/axi_adxcvr_mdrp.v:38]
INFO: [Synth 8-6155] done synthesizing module 'axi_adxcvr_mdrp__parameterized11' (0#1) [c:/GitHub/jesd204/layers/phy_shared/phy_shared.gen/sources_1/bd/phy_shared/ipshared/393c/axi_adxcvr_mdrp.v:38]
INFO: [Synth 8-6157] synthesizing module 'axi_adxcvr_mstatus__parameterized11' [c:/GitHub/jesd204/layers/phy_shared/phy_shared.gen/sources_1/bd/phy_shared/ipshared/393c/axi_adxcvr_mstatus.v:38]
INFO: [Synth 8-6155] done synthesizing module 'axi_adxcvr_mstatus__parameterized11' (0#1) [c:/GitHub/jesd204/layers/phy_shared/phy_shared.gen/sources_1/bd/phy_shared/ipshared/393c/axi_adxcvr_mstatus.v:38]
INFO: [Synth 8-6157] synthesizing module 'axi_adxcvr_mdrp__parameterized12' [c:/GitHub/jesd204/layers/phy_shared/phy_shared.gen/sources_1/bd/phy_shared/ipshared/393c/axi_adxcvr_mdrp.v:38]
INFO: [Synth 8-6155] done synthesizing module 'axi_adxcvr_mdrp__parameterized12' (0#1) [c:/GitHub/jesd204/layers/phy_shared/phy_shared.gen/sources_1/bd/phy_shared/ipshared/393c/axi_adxcvr_mdrp.v:38]
INFO: [Synth 8-6157] synthesizing module 'axi_adxcvr_mstatus__parameterized12' [c:/GitHub/jesd204/layers/phy_shared/phy_shared.gen/sources_1/bd/phy_shared/ipshared/393c/axi_adxcvr_mstatus.v:38]
INFO: [Synth 8-6155] done synthesizing module 'axi_adxcvr_mstatus__parameterized12' (0#1) [c:/GitHub/jesd204/layers/phy_shared/phy_shared.gen/sources_1/bd/phy_shared/ipshared/393c/axi_adxcvr_mstatus.v:38]
INFO: [Synth 8-6157] synthesizing module 'axi_adxcvr_mdrp__parameterized13' [c:/GitHub/jesd204/layers/phy_shared/phy_shared.gen/sources_1/bd/phy_shared/ipshared/393c/axi_adxcvr_mdrp.v:38]
INFO: [Synth 8-6155] done synthesizing module 'axi_adxcvr_mdrp__parameterized13' (0#1) [c:/GitHub/jesd204/layers/phy_shared/phy_shared.gen/sources_1/bd/phy_shared/ipshared/393c/axi_adxcvr_mdrp.v:38]
INFO: [Synth 8-6157] synthesizing module 'axi_adxcvr_mstatus__parameterized13' [c:/GitHub/jesd204/layers/phy_shared/phy_shared.gen/sources_1/bd/phy_shared/ipshared/393c/axi_adxcvr_mstatus.v:38]
INFO: [Synth 8-6155] done synthesizing module 'axi_adxcvr_mstatus__parameterized13' (0#1) [c:/GitHub/jesd204/layers/phy_shared/phy_shared.gen/sources_1/bd/phy_shared/ipshared/393c/axi_adxcvr_mstatus.v:38]
INFO: [Synth 8-6157] synthesizing module 'axi_adxcvr_mdrp__parameterized14' [c:/GitHub/jesd204/layers/phy_shared/phy_shared.gen/sources_1/bd/phy_shared/ipshared/393c/axi_adxcvr_mdrp.v:38]
INFO: [Synth 8-6155] done synthesizing module 'axi_adxcvr_mdrp__parameterized14' (0#1) [c:/GitHub/jesd204/layers/phy_shared/phy_shared.gen/sources_1/bd/phy_shared/ipshared/393c/axi_adxcvr_mdrp.v:38]
INFO: [Synth 8-6157] synthesizing module 'axi_adxcvr_mstatus__parameterized14' [c:/GitHub/jesd204/layers/phy_shared/phy_shared.gen/sources_1/bd/phy_shared/ipshared/393c/axi_adxcvr_mstatus.v:38]
INFO: [Synth 8-6155] done synthesizing module 'axi_adxcvr_mstatus__parameterized14' (0#1) [c:/GitHub/jesd204/layers/phy_shared/phy_shared.gen/sources_1/bd/phy_shared/ipshared/393c/axi_adxcvr_mstatus.v:38]
INFO: [Synth 8-6157] synthesizing module 'axi_adxcvr_mdrp__parameterized15' [c:/GitHub/jesd204/layers/phy_shared/phy_shared.gen/sources_1/bd/phy_shared/ipshared/393c/axi_adxcvr_mdrp.v:38]
INFO: [Synth 8-6155] done synthesizing module 'axi_adxcvr_mdrp__parameterized15' (0#1) [c:/GitHub/jesd204/layers/phy_shared/phy_shared.gen/sources_1/bd/phy_shared/ipshared/393c/axi_adxcvr_mdrp.v:38]
INFO: [Synth 8-6157] synthesizing module 'axi_adxcvr_mstatus__parameterized15' [c:/GitHub/jesd204/layers/phy_shared/phy_shared.gen/sources_1/bd/phy_shared/ipshared/393c/axi_adxcvr_mstatus.v:38]
INFO: [Synth 8-6155] done synthesizing module 'axi_adxcvr_mstatus__parameterized15' (0#1) [c:/GitHub/jesd204/layers/phy_shared/phy_shared.gen/sources_1/bd/phy_shared/ipshared/393c/axi_adxcvr_mstatus.v:38]
INFO: [Synth 8-6157] synthesizing module 'axi_adxcvr_mdrp__parameterized16' [c:/GitHub/jesd204/layers/phy_shared/phy_shared.gen/sources_1/bd/phy_shared/ipshared/393c/axi_adxcvr_mdrp.v:38]
INFO: [Synth 8-6155] done synthesizing module 'axi_adxcvr_mdrp__parameterized16' (0#1) [c:/GitHub/jesd204/layers/phy_shared/phy_shared.gen/sources_1/bd/phy_shared/ipshared/393c/axi_adxcvr_mdrp.v:38]
INFO: [Synth 8-6157] synthesizing module 'axi_adxcvr_mstatus__parameterized16' [c:/GitHub/jesd204/layers/phy_shared/phy_shared.gen/sources_1/bd/phy_shared/ipshared/393c/axi_adxcvr_mstatus.v:38]
INFO: [Synth 8-6155] done synthesizing module 'axi_adxcvr_mstatus__parameterized16' (0#1) [c:/GitHub/jesd204/layers/phy_shared/phy_shared.gen/sources_1/bd/phy_shared/ipshared/393c/axi_adxcvr_mstatus.v:38]
INFO: [Synth 8-6157] synthesizing module 'axi_adxcvr_mdrp__parameterized17' [c:/GitHub/jesd204/layers/phy_shared/phy_shared.gen/sources_1/bd/phy_shared/ipshared/393c/axi_adxcvr_mdrp.v:38]
INFO: [Synth 8-6155] done synthesizing module 'axi_adxcvr_mdrp__parameterized17' (0#1) [c:/GitHub/jesd204/layers/phy_shared/phy_shared.gen/sources_1/bd/phy_shared/ipshared/393c/axi_adxcvr_mdrp.v:38]
INFO: [Synth 8-6157] synthesizing module 'axi_adxcvr_mstatus__parameterized17' [c:/GitHub/jesd204/layers/phy_shared/phy_shared.gen/sources_1/bd/phy_shared/ipshared/393c/axi_adxcvr_mstatus.v:38]
INFO: [Synth 8-6155] done synthesizing module 'axi_adxcvr_mstatus__parameterized17' (0#1) [c:/GitHub/jesd204/layers/phy_shared/phy_shared.gen/sources_1/bd/phy_shared/ipshared/393c/axi_adxcvr_mstatus.v:38]
INFO: [Synth 8-6157] synthesizing module 'axi_adxcvr_mdrp__parameterized18' [c:/GitHub/jesd204/layers/phy_shared/phy_shared.gen/sources_1/bd/phy_shared/ipshared/393c/axi_adxcvr_mdrp.v:38]
INFO: [Synth 8-6155] done synthesizing module 'axi_adxcvr_mdrp__parameterized18' (0#1) [c:/GitHub/jesd204/layers/phy_shared/phy_shared.gen/sources_1/bd/phy_shared/ipshared/393c/axi_adxcvr_mdrp.v:38]
INFO: [Synth 8-6157] synthesizing module 'axi_adxcvr_mstatus__parameterized18' [c:/GitHub/jesd204/layers/phy_shared/phy_shared.gen/sources_1/bd/phy_shared/ipshared/393c/axi_adxcvr_mstatus.v:38]
INFO: [Synth 8-6155] done synthesizing module 'axi_adxcvr_mstatus__parameterized18' (0#1) [c:/GitHub/jesd204/layers/phy_shared/phy_shared.gen/sources_1/bd/phy_shared/ipshared/393c/axi_adxcvr_mstatus.v:38]
INFO: [Synth 8-6157] synthesizing module 'axi_adxcvr_mdrp__parameterized19' [c:/GitHub/jesd204/layers/phy_shared/phy_shared.gen/sources_1/bd/phy_shared/ipshared/393c/axi_adxcvr_mdrp.v:38]
INFO: [Synth 8-6155] done synthesizing module 'axi_adxcvr_mdrp__parameterized19' (0#1) [c:/GitHub/jesd204/layers/phy_shared/phy_shared.gen/sources_1/bd/phy_shared/ipshared/393c/axi_adxcvr_mdrp.v:38]
INFO: [Synth 8-6157] synthesizing module 'axi_adxcvr_mstatus__parameterized19' [c:/GitHub/jesd204/layers/phy_shared/phy_shared.gen/sources_1/bd/phy_shared/ipshared/393c/axi_adxcvr_mstatus.v:38]
INFO: [Synth 8-6155] done synthesizing module 'axi_adxcvr_mstatus__parameterized19' (0#1) [c:/GitHub/jesd204/layers/phy_shared/phy_shared.gen/sources_1/bd/phy_shared/ipshared/393c/axi_adxcvr_mstatus.v:38]
INFO: [Synth 8-6157] synthesizing module 'axi_adxcvr_mdrp__parameterized20' [c:/GitHub/jesd204/layers/phy_shared/phy_shared.gen/sources_1/bd/phy_shared/ipshared/393c/axi_adxcvr_mdrp.v:38]
INFO: [Synth 8-6155] done synthesizing module 'axi_adxcvr_mdrp__parameterized20' (0#1) [c:/GitHub/jesd204/layers/phy_shared/phy_shared.gen/sources_1/bd/phy_shared/ipshared/393c/axi_adxcvr_mdrp.v:38]
INFO: [Synth 8-6157] synthesizing module 'axi_adxcvr_mstatus__parameterized20' [c:/GitHub/jesd204/layers/phy_shared/phy_shared.gen/sources_1/bd/phy_shared/ipshared/393c/axi_adxcvr_mstatus.v:38]
INFO: [Synth 8-6155] done synthesizing module 'axi_adxcvr_mstatus__parameterized20' (0#1) [c:/GitHub/jesd204/layers/phy_shared/phy_shared.gen/sources_1/bd/phy_shared/ipshared/393c/axi_adxcvr_mstatus.v:38]
INFO: [Synth 8-6157] synthesizing module 'axi_adxcvr_mdrp__parameterized21' [c:/GitHub/jesd204/layers/phy_shared/phy_shared.gen/sources_1/bd/phy_shared/ipshared/393c/axi_adxcvr_mdrp.v:38]
INFO: [Synth 8-6155] done synthesizing module 'axi_adxcvr_mdrp__parameterized21' (0#1) [c:/GitHub/jesd204/layers/phy_shared/phy_shared.gen/sources_1/bd/phy_shared/ipshared/393c/axi_adxcvr_mdrp.v:38]
INFO: [Synth 8-6157] synthesizing module 'axi_adxcvr_mstatus__parameterized21' [c:/GitHub/jesd204/layers/phy_shared/phy_shared.gen/sources_1/bd/phy_shared/ipshared/393c/axi_adxcvr_mstatus.v:38]
INFO: [Synth 8-6155] done synthesizing module 'axi_adxcvr_mstatus__parameterized21' (0#1) [c:/GitHub/jesd204/layers/phy_shared/phy_shared.gen/sources_1/bd/phy_shared/ipshared/393c/axi_adxcvr_mstatus.v:38]
INFO: [Synth 8-6157] synthesizing module 'axi_adxcvr_mdrp__parameterized22' [c:/GitHub/jesd204/layers/phy_shared/phy_shared.gen/sources_1/bd/phy_shared/ipshared/393c/axi_adxcvr_mdrp.v:38]
INFO: [Synth 8-6155] done synthesizing module 'axi_adxcvr_mdrp__parameterized22' (0#1) [c:/GitHub/jesd204/layers/phy_shared/phy_shared.gen/sources_1/bd/phy_shared/ipshared/393c/axi_adxcvr_mdrp.v:38]
INFO: [Synth 8-6157] synthesizing module 'axi_adxcvr_mstatus__parameterized22' [c:/GitHub/jesd204/layers/phy_shared/phy_shared.gen/sources_1/bd/phy_shared/ipshared/393c/axi_adxcvr_mstatus.v:38]
INFO: [Synth 8-6155] done synthesizing module 'axi_adxcvr_mstatus__parameterized22' (0#1) [c:/GitHub/jesd204/layers/phy_shared/phy_shared.gen/sources_1/bd/phy_shared/ipshared/393c/axi_adxcvr_mstatus.v:38]
INFO: [Synth 8-6157] synthesizing module 'axi_adxcvr_mdrp__parameterized23' [c:/GitHub/jesd204/layers/phy_shared/phy_shared.gen/sources_1/bd/phy_shared/ipshared/393c/axi_adxcvr_mdrp.v:38]
INFO: [Synth 8-6155] done synthesizing module 'axi_adxcvr_mdrp__parameterized23' (0#1) [c:/GitHub/jesd204/layers/phy_shared/phy_shared.gen/sources_1/bd/phy_shared/ipshared/393c/axi_adxcvr_mdrp.v:38]
INFO: [Synth 8-6157] synthesizing module 'axi_adxcvr_mstatus__parameterized23' [c:/GitHub/jesd204/layers/phy_shared/phy_shared.gen/sources_1/bd/phy_shared/ipshared/393c/axi_adxcvr_mstatus.v:38]
INFO: [Synth 8-6155] done synthesizing module 'axi_adxcvr_mstatus__parameterized23' (0#1) [c:/GitHub/jesd204/layers/phy_shared/phy_shared.gen/sources_1/bd/phy_shared/ipshared/393c/axi_adxcvr_mstatus.v:38]
INFO: [Synth 8-6157] synthesizing module 'axi_adxcvr_mdrp__parameterized24' [c:/GitHub/jesd204/layers/phy_shared/phy_shared.gen/sources_1/bd/phy_shared/ipshared/393c/axi_adxcvr_mdrp.v:38]
INFO: [Synth 8-6155] done synthesizing module 'axi_adxcvr_mdrp__parameterized24' (0#1) [c:/GitHub/jesd204/layers/phy_shared/phy_shared.gen/sources_1/bd/phy_shared/ipshared/393c/axi_adxcvr_mdrp.v:38]
INFO: [Synth 8-6157] synthesizing module 'axi_adxcvr_mstatus__parameterized24' [c:/GitHub/jesd204/layers/phy_shared/phy_shared.gen/sources_1/bd/phy_shared/ipshared/393c/axi_adxcvr_mstatus.v:38]
INFO: [Synth 8-6155] done synthesizing module 'axi_adxcvr_mstatus__parameterized24' (0#1) [c:/GitHub/jesd204/layers/phy_shared/phy_shared.gen/sources_1/bd/phy_shared/ipshared/393c/axi_adxcvr_mstatus.v:38]
INFO: [Synth 8-6157] synthesizing module 'axi_adxcvr_mdrp__parameterized25' [c:/GitHub/jesd204/layers/phy_shared/phy_shared.gen/sources_1/bd/phy_shared/ipshared/393c/axi_adxcvr_mdrp.v:38]
INFO: [Synth 8-6155] done synthesizing module 'axi_adxcvr_mdrp__parameterized25' (0#1) [c:/GitHub/jesd204/layers/phy_shared/phy_shared.gen/sources_1/bd/phy_shared/ipshared/393c/axi_adxcvr_mdrp.v:38]
INFO: [Synth 8-6157] synthesizing module 'axi_adxcvr_mstatus__parameterized25' [c:/GitHub/jesd204/layers/phy_shared/phy_shared.gen/sources_1/bd/phy_shared/ipshared/393c/axi_adxcvr_mstatus.v:38]
INFO: [Synth 8-6155] done synthesizing module 'axi_adxcvr_mstatus__parameterized25' (0#1) [c:/GitHub/jesd204/layers/phy_shared/phy_shared.gen/sources_1/bd/phy_shared/ipshared/393c/axi_adxcvr_mstatus.v:38]
INFO: [Synth 8-6157] synthesizing module 'axi_adxcvr_mdrp__parameterized26' [c:/GitHub/jesd204/layers/phy_shared/phy_shared.gen/sources_1/bd/phy_shared/ipshared/393c/axi_adxcvr_mdrp.v:38]
INFO: [Synth 8-6155] done synthesizing module 'axi_adxcvr_mdrp__parameterized26' (0#1) [c:/GitHub/jesd204/layers/phy_shared/phy_shared.gen/sources_1/bd/phy_shared/ipshared/393c/axi_adxcvr_mdrp.v:38]
INFO: [Synth 8-6157] synthesizing module 'axi_adxcvr_mstatus__parameterized26' [c:/GitHub/jesd204/layers/phy_shared/phy_shared.gen/sources_1/bd/phy_shared/ipshared/393c/axi_adxcvr_mstatus.v:38]
INFO: [Synth 8-6155] done synthesizing module 'axi_adxcvr_mstatus__parameterized26' (0#1) [c:/GitHub/jesd204/layers/phy_shared/phy_shared.gen/sources_1/bd/phy_shared/ipshared/393c/axi_adxcvr_mstatus.v:38]
INFO: [Synth 8-6157] synthesizing module 'axi_adxcvr_mdrp__parameterized27' [c:/GitHub/jesd204/layers/phy_shared/phy_shared.gen/sources_1/bd/phy_shared/ipshared/393c/axi_adxcvr_mdrp.v:38]
INFO: [Synth 8-6155] done synthesizing module 'axi_adxcvr_mdrp__parameterized27' (0#1) [c:/GitHub/jesd204/layers/phy_shared/phy_shared.gen/sources_1/bd/phy_shared/ipshared/393c/axi_adxcvr_mdrp.v:38]
INFO: [Synth 8-6157] synthesizing module 'axi_adxcvr_mstatus__parameterized27' [c:/GitHub/jesd204/layers/phy_shared/phy_shared.gen/sources_1/bd/phy_shared/ipshared/393c/axi_adxcvr_mstatus.v:38]
INFO: [Synth 8-6155] done synthesizing module 'axi_adxcvr_mstatus__parameterized27' (0#1) [c:/GitHub/jesd204/layers/phy_shared/phy_shared.gen/sources_1/bd/phy_shared/ipshared/393c/axi_adxcvr_mstatus.v:38]
INFO: [Synth 8-6157] synthesizing module 'axi_adxcvr_mdrp__parameterized28' [c:/GitHub/jesd204/layers/phy_shared/phy_shared.gen/sources_1/bd/phy_shared/ipshared/393c/axi_adxcvr_mdrp.v:38]
INFO: [Synth 8-6155] done synthesizing module 'axi_adxcvr_mdrp__parameterized28' (0#1) [c:/GitHub/jesd204/layers/phy_shared/phy_shared.gen/sources_1/bd/phy_shared/ipshared/393c/axi_adxcvr_mdrp.v:38]
INFO: [Synth 8-6157] synthesizing module 'axi_adxcvr_mstatus__parameterized28' [c:/GitHub/jesd204/layers/phy_shared/phy_shared.gen/sources_1/bd/phy_shared/ipshared/393c/axi_adxcvr_mstatus.v:38]
INFO: [Synth 8-6155] done synthesizing module 'axi_adxcvr_mstatus__parameterized28' (0#1) [c:/GitHub/jesd204/layers/phy_shared/phy_shared.gen/sources_1/bd/phy_shared/ipshared/393c/axi_adxcvr_mstatus.v:38]
INFO: [Synth 8-6157] synthesizing module 'axi_adxcvr_mdrp__parameterized29' [c:/GitHub/jesd204/layers/phy_shared/phy_shared.gen/sources_1/bd/phy_shared/ipshared/393c/axi_adxcvr_mdrp.v:38]
INFO: [Synth 8-6155] done synthesizing module 'axi_adxcvr_mdrp__parameterized29' (0#1) [c:/GitHub/jesd204/layers/phy_shared/phy_shared.gen/sources_1/bd/phy_shared/ipshared/393c/axi_adxcvr_mdrp.v:38]
INFO: [Synth 8-6157] synthesizing module 'axi_adxcvr_mstatus__parameterized29' [c:/GitHub/jesd204/layers/phy_shared/phy_shared.gen/sources_1/bd/phy_shared/ipshared/393c/axi_adxcvr_mstatus.v:38]
INFO: [Synth 8-6155] done synthesizing module 'axi_adxcvr_mstatus__parameterized29' (0#1) [c:/GitHub/jesd204/layers/phy_shared/phy_shared.gen/sources_1/bd/phy_shared/ipshared/393c/axi_adxcvr_mstatus.v:38]
INFO: [Synth 8-6157] synthesizing module 'axi_adxcvr_mdrp__parameterized30' [c:/GitHub/jesd204/layers/phy_shared/phy_shared.gen/sources_1/bd/phy_shared/ipshared/393c/axi_adxcvr_mdrp.v:38]
INFO: [Synth 8-6155] done synthesizing module 'axi_adxcvr_mdrp__parameterized30' (0#1) [c:/GitHub/jesd204/layers/phy_shared/phy_shared.gen/sources_1/bd/phy_shared/ipshared/393c/axi_adxcvr_mdrp.v:38]
INFO: [Synth 8-6157] synthesizing module 'axi_adxcvr_mstatus__parameterized30' [c:/GitHub/jesd204/layers/phy_shared/phy_shared.gen/sources_1/bd/phy_shared/ipshared/393c/axi_adxcvr_mstatus.v:38]
INFO: [Synth 8-6155] done synthesizing module 'axi_adxcvr_mstatus__parameterized30' (0#1) [c:/GitHub/jesd204/layers/phy_shared/phy_shared.gen/sources_1/bd/phy_shared/ipshared/393c/axi_adxcvr_mstatus.v:38]
INFO: [Synth 8-6157] synthesizing module 'axi_adxcvr_es' [c:/GitHub/jesd204/layers/phy_shared/phy_shared.gen/sources_1/bd/phy_shared/ipshared/393c/axi_adxcvr_es.v:38]
INFO: [Synth 8-6155] done synthesizing module 'axi_adxcvr_es' (0#1) [c:/GitHub/jesd204/layers/phy_shared/phy_shared.gen/sources_1/bd/phy_shared/ipshared/393c/axi_adxcvr_es.v:38]
INFO: [Synth 8-6157] synthesizing module 'axi_adxcvr_up' [c:/GitHub/jesd204/layers/phy_shared/phy_shared.gen/sources_1/bd/phy_shared/ipshared/393c/axi_adxcvr_up.v:38]
INFO: [Synth 8-6155] done synthesizing module 'axi_adxcvr_up' (0#1) [c:/GitHub/jesd204/layers/phy_shared/phy_shared.gen/sources_1/bd/phy_shared/ipshared/393c/axi_adxcvr_up.v:38]
INFO: [Synth 8-6157] synthesizing module 'up_axi' [c:/GitHub/jesd204/layers/phy_shared/phy_shared.gen/sources_1/bd/phy_shared/ipshared/393c/up_axi.v:38]
INFO: [Synth 8-6155] done synthesizing module 'up_axi' (0#1) [c:/GitHub/jesd204/layers/phy_shared/phy_shared.gen/sources_1/bd/phy_shared/ipshared/393c/up_axi.v:38]
WARNING: [Synth 8-689] width (16) of port connection 'up_axi_awaddr' does not match port width (12) of module 'up_axi' [c:/GitHub/jesd204/layers/phy_shared/phy_shared.gen/sources_1/bd/phy_shared/ipshared/393c/axi_adxcvr.v:4322]
WARNING: [Synth 8-689] width (16) of port connection 'up_axi_araddr' does not match port width (12) of module 'up_axi' [c:/GitHub/jesd204/layers/phy_shared/phy_shared.gen/sources_1/bd/phy_shared/ipshared/393c/axi_adxcvr.v:4332]
INFO: [Synth 8-6155] done synthesizing module 'axi_adxcvr' (0#1) [c:/GitHub/jesd204/layers/phy_shared/phy_shared.gen/sources_1/bd/phy_shared/ipshared/393c/axi_adxcvr.v:39]
INFO: [Synth 8-6155] done synthesizing module 'phy_shared_axi_adxcvr_0_1' (0#1) [c:/GitHub/jesd204/layers/phy_shared/phy_shared.gen/sources_1/bd/phy_shared/ip/phy_shared_axi_adxcvr_0_1/synth/phy_shared_axi_adxcvr_0_1.v:53]
WARNING: [Synth 8-6014] Unused sequential element up_ies_status_reg was removed.  [c:/GitHub/jesd204/layers/phy_shared/phy_shared.gen/sources_1/bd/phy_shared/ipshared/393c/axi_adxcvr_up.v:461]
WARNING: [Synth 8-6014] Unused sequential element up_icm_wr_reg was removed.  [c:/GitHub/jesd204/layers/phy_shared/phy_shared.gen/sources_1/bd/phy_shared/ipshared/393c/axi_adxcvr_up.v:320]
WARNING: [Synth 8-6014] Unused sequential element up_icm_busy_reg was removed.  [c:/GitHub/jesd204/layers/phy_shared/phy_shared.gen/sources_1/bd/phy_shared/ipshared/393c/axi_adxcvr_up.v:323]
WARNING: [Synth 8-3848] Net up_es_reset_16 in module/entity axi_adxcvr does not have driver. [c:/GitHub/jesd204/layers/phy_shared/phy_shared.gen/sources_1/bd/phy_shared/ipshared/393c/axi_adxcvr.v:628]
WARNING: [Synth 8-3848] Net up_es_reset_17 in module/entity axi_adxcvr does not have driver. [c:/GitHub/jesd204/layers/phy_shared/phy_shared.gen/sources_1/bd/phy_shared/ipshared/393c/axi_adxcvr.v:661]
WARNING: [Synth 8-3848] Net up_es_reset_18 in module/entity axi_adxcvr does not have driver. [c:/GitHub/jesd204/layers/phy_shared/phy_shared.gen/sources_1/bd/phy_shared/ipshared/393c/axi_adxcvr.v:694]
WARNING: [Synth 8-3848] Net up_es_reset_19 in module/entity axi_adxcvr does not have driver. [c:/GitHub/jesd204/layers/phy_shared/phy_shared.gen/sources_1/bd/phy_shared/ipshared/393c/axi_adxcvr.v:727]
WARNING: [Synth 8-3848] Net up_es_reset_20 in module/entity axi_adxcvr does not have driver. [c:/GitHub/jesd204/layers/phy_shared/phy_shared.gen/sources_1/bd/phy_shared/ipshared/393c/axi_adxcvr.v:767]
WARNING: [Synth 8-3848] Net up_es_reset_21 in module/entity axi_adxcvr does not have driver. [c:/GitHub/jesd204/layers/phy_shared/phy_shared.gen/sources_1/bd/phy_shared/ipshared/393c/axi_adxcvr.v:800]
WARNING: [Synth 8-3848] Net up_es_reset_22 in module/entity axi_adxcvr does not have driver. [c:/GitHub/jesd204/layers/phy_shared/phy_shared.gen/sources_1/bd/phy_shared/ipshared/393c/axi_adxcvr.v:833]
WARNING: [Synth 8-3848] Net up_es_reset_23 in module/entity axi_adxcvr does not have driver. [c:/GitHub/jesd204/layers/phy_shared/phy_shared.gen/sources_1/bd/phy_shared/ipshared/393c/axi_adxcvr.v:866]
WARNING: [Synth 8-3848] Net up_es_reset_24 in module/entity axi_adxcvr does not have driver. [c:/GitHub/jesd204/layers/phy_shared/phy_shared.gen/sources_1/bd/phy_shared/ipshared/393c/axi_adxcvr.v:906]
WARNING: [Synth 8-3848] Net up_es_reset_25 in module/entity axi_adxcvr does not have driver. [c:/GitHub/jesd204/layers/phy_shared/phy_shared.gen/sources_1/bd/phy_shared/ipshared/393c/axi_adxcvr.v:939]
WARNING: [Synth 8-3848] Net up_es_reset_26 in module/entity axi_adxcvr does not have driver. [c:/GitHub/jesd204/layers/phy_shared/phy_shared.gen/sources_1/bd/phy_shared/ipshared/393c/axi_adxcvr.v:972]
WARNING: [Synth 8-3848] Net up_es_reset_27 in module/entity axi_adxcvr does not have driver. [c:/GitHub/jesd204/layers/phy_shared/phy_shared.gen/sources_1/bd/phy_shared/ipshared/393c/axi_adxcvr.v:1005]
WARNING: [Synth 8-3848] Net up_es_reset_28 in module/entity axi_adxcvr does not have driver. [c:/GitHub/jesd204/layers/phy_shared/phy_shared.gen/sources_1/bd/phy_shared/ipshared/393c/axi_adxcvr.v:1045]
WARNING: [Synth 8-3848] Net up_es_reset_29 in module/entity axi_adxcvr does not have driver. [c:/GitHub/jesd204/layers/phy_shared/phy_shared.gen/sources_1/bd/phy_shared/ipshared/393c/axi_adxcvr.v:1078]
WARNING: [Synth 8-3848] Net up_es_reset_30 in module/entity axi_adxcvr does not have driver. [c:/GitHub/jesd204/layers/phy_shared/phy_shared.gen/sources_1/bd/phy_shared/ipshared/393c/axi_adxcvr.v:1111]
WARNING: [Synth 8-3848] Net up_es_reset_31 in module/entity axi_adxcvr does not have driver. [c:/GitHub/jesd204/layers/phy_shared/phy_shared.gen/sources_1/bd/phy_shared/ipshared/393c/axi_adxcvr.v:1144]
WARNING: [Synth 8-7129] Port up_axi_awaddr[1] in module up_axi is either unconnected or has no load
WARNING: [Synth 8-7129] Port up_axi_awaddr[0] in module up_axi is either unconnected or has no load
WARNING: [Synth 8-7129] Port up_axi_wstrb[3] in module up_axi is either unconnected or has no load
WARNING: [Synth 8-7129] Port up_axi_wstrb[2] in module up_axi is either unconnected or has no load
WARNING: [Synth 8-7129] Port up_axi_wstrb[1] in module up_axi is either unconnected or has no load
WARNING: [Synth 8-7129] Port up_axi_wstrb[0] in module up_axi is either unconnected or has no load
WARNING: [Synth 8-7129] Port up_axi_araddr[1] in module up_axi is either unconnected or has no load
WARNING: [Synth 8-7129] Port up_axi_araddr[0] in module up_axi is either unconnected or has no load
WARNING: [Synth 8-7129] Port up_cm_rdata[15] in module axi_adxcvr_up is either unconnected or has no load
WARNING: [Synth 8-7129] Port up_cm_rdata[14] in module axi_adxcvr_up is either unconnected or has no load
WARNING: [Synth 8-7129] Port up_cm_rdata[13] in module axi_adxcvr_up is either unconnected or has no load
WARNING: [Synth 8-7129] Port up_cm_rdata[12] in module axi_adxcvr_up is either unconnected or has no load
WARNING: [Synth 8-7129] Port up_cm_rdata[11] in module axi_adxcvr_up is either unconnected or has no load
WARNING: [Synth 8-7129] Port up_cm_rdata[10] in module axi_adxcvr_up is either unconnected or has no load
WARNING: [Synth 8-7129] Port up_cm_rdata[9] in module axi_adxcvr_up is either unconnected or has no load
WARNING: [Synth 8-7129] Port up_cm_rdata[8] in module axi_adxcvr_up is either unconnected or has no load
WARNING: [Synth 8-7129] Port up_cm_rdata[7] in module axi_adxcvr_up is either unconnected or has no load
WARNING: [Synth 8-7129] Port up_cm_rdata[6] in module axi_adxcvr_up is either unconnected or has no load
WARNING: [Synth 8-7129] Port up_cm_rdata[5] in module axi_adxcvr_up is either unconnected or has no load
WARNING: [Synth 8-7129] Port up_cm_rdata[4] in module axi_adxcvr_up is either unconnected or has no load
WARNING: [Synth 8-7129] Port up_cm_rdata[3] in module axi_adxcvr_up is either unconnected or has no load
WARNING: [Synth 8-7129] Port up_cm_rdata[2] in module axi_adxcvr_up is either unconnected or has no load
WARNING: [Synth 8-7129] Port up_cm_rdata[1] in module axi_adxcvr_up is either unconnected or has no load
WARNING: [Synth 8-7129] Port up_cm_rdata[0] in module axi_adxcvr_up is either unconnected or has no load
WARNING: [Synth 8-7129] Port up_cm_ready in module axi_adxcvr_up is either unconnected or has no load
WARNING: [Synth 8-7129] Port up_axi_arready in module axi_adxcvr_es is either unconnected or has no load
WARNING: [Synth 8-7129] Port up_axi_rvalid in module axi_adxcvr_es is either unconnected or has no load
WARNING: [Synth 8-7129] Port up_axi_rdata[31] in module axi_adxcvr_es is either unconnected or has no load
WARNING: [Synth 8-7129] Port up_axi_rdata[30] in module axi_adxcvr_es is either unconnected or has no load
WARNING: [Synth 8-7129] Port up_axi_rdata[29] in module axi_adxcvr_es is either unconnected or has no load
WARNING: [Synth 8-7129] Port up_axi_rdata[28] in module axi_adxcvr_es is either unconnected or has no load
WARNING: [Synth 8-7129] Port up_axi_rdata[27] in module axi_adxcvr_es is either unconnected or has no load
WARNING: [Synth 8-7129] Port up_axi_rdata[26] in module axi_adxcvr_es is either unconnected or has no load
WARNING: [Synth 8-7129] Port up_axi_rdata[25] in module axi_adxcvr_es is either unconnected or has no load
WARNING: [Synth 8-7129] Port up_axi_rdata[24] in module axi_adxcvr_es is either unconnected or has no load
WARNING: [Synth 8-7129] Port up_axi_rdata[23] in module axi_adxcvr_es is either unconnected or has no load
WARNING: [Synth 8-7129] Port up_axi_rdata[22] in module axi_adxcvr_es is either unconnected or has no load
WARNING: [Synth 8-7129] Port up_axi_rdata[21] in module axi_adxcvr_es is either unconnected or has no load
WARNING: [Synth 8-7129] Port up_axi_rdata[20] in module axi_adxcvr_es is either unconnected or has no load
WARNING: [Synth 8-7129] Port up_axi_rdata[19] in module axi_adxcvr_es is either unconnected or has no load
WARNING: [Synth 8-7129] Port up_axi_rdata[18] in module axi_adxcvr_es is either unconnected or has no load
WARNING: [Synth 8-7129] Port up_axi_rdata[17] in module axi_adxcvr_es is either unconnected or has no load
WARNING: [Synth 8-7129] Port up_axi_rdata[16] in module axi_adxcvr_es is either unconnected or has no load
WARNING: [Synth 8-7129] Port up_axi_rdata[15] in module axi_adxcvr_es is either unconnected or has no load
WARNING: [Synth 8-7129] Port up_axi_rdata[14] in module axi_adxcvr_es is either unconnected or has no load
WARNING: [Synth 8-7129] Port up_axi_rdata[13] in module axi_adxcvr_es is either unconnected or has no load
WARNING: [Synth 8-7129] Port up_axi_rdata[12] in module axi_adxcvr_es is either unconnected or has no load
WARNING: [Synth 8-7129] Port up_axi_rdata[11] in module axi_adxcvr_es is either unconnected or has no load
WARNING: [Synth 8-7129] Port up_axi_rdata[10] in module axi_adxcvr_es is either unconnected or has no load
WARNING: [Synth 8-7129] Port up_axi_rdata[9] in module axi_adxcvr_es is either unconnected or has no load
WARNING: [Synth 8-7129] Port up_axi_rdata[8] in module axi_adxcvr_es is either unconnected or has no load
WARNING: [Synth 8-7129] Port up_axi_rdata[7] in module axi_adxcvr_es is either unconnected or has no load
WARNING: [Synth 8-7129] Port up_axi_rdata[6] in module axi_adxcvr_es is either unconnected or has no load
WARNING: [Synth 8-7129] Port up_axi_rdata[5] in module axi_adxcvr_es is either unconnected or has no load
WARNING: [Synth 8-7129] Port up_axi_rdata[4] in module axi_adxcvr_es is either unconnected or has no load
WARNING: [Synth 8-7129] Port up_axi_rdata[3] in module axi_adxcvr_es is either unconnected or has no load
WARNING: [Synth 8-7129] Port up_axi_rdata[2] in module axi_adxcvr_es is either unconnected or has no load
WARNING: [Synth 8-7129] Port up_axi_rdata[1] in module axi_adxcvr_es is either unconnected or has no load
WARNING: [Synth 8-7129] Port up_axi_rdata[0] in module axi_adxcvr_es is either unconnected or has no load
WARNING: [Synth 8-7129] Port up_axi_rresp[1] in module axi_adxcvr_es is either unconnected or has no load
WARNING: [Synth 8-7129] Port up_axi_rresp[0] in module axi_adxcvr_es is either unconnected or has no load
WARNING: [Synth 8-7129] Port up_pll_locked in module axi_adxcvr_mstatus__parameterized30 is either unconnected or has no load
WARNING: [Synth 8-7129] Port up_rst_done in module axi_adxcvr_mstatus__parameterized30 is either unconnected or has no load
WARNING: [Synth 8-7129] Port up_prbserr in module axi_adxcvr_mstatus__parameterized30 is either unconnected or has no load
WARNING: [Synth 8-7129] Port up_prbslocked in module axi_adxcvr_mstatus__parameterized30 is either unconnected or has no load
WARNING: [Synth 8-7129] Port up_bufstatus[1] in module axi_adxcvr_mstatus__parameterized30 is either unconnected or has no load
WARNING: [Synth 8-7129] Port up_bufstatus[0] in module axi_adxcvr_mstatus__parameterized30 is either unconnected or has no load
WARNING: [Synth 8-7129] Port up_pll_locked in module axi_adxcvr_mstatus__parameterized29 is either unconnected or has no load
WARNING: [Synth 8-7129] Port up_rst_done in module axi_adxcvr_mstatus__parameterized29 is either unconnected or has no load
WARNING: [Synth 8-7129] Port up_prbserr in module axi_adxcvr_mstatus__parameterized29 is either unconnected or has no load
WARNING: [Synth 8-7129] Port up_prbslocked in module axi_adxcvr_mstatus__parameterized29 is either unconnected or has no load
WARNING: [Synth 8-7129] Port up_bufstatus[1] in module axi_adxcvr_mstatus__parameterized29 is either unconnected or has no load
WARNING: [Synth 8-7129] Port up_bufstatus[0] in module axi_adxcvr_mstatus__parameterized29 is either unconnected or has no load
WARNING: [Synth 8-7129] Port up_pll_locked in module axi_adxcvr_mstatus__parameterized28 is either unconnected or has no load
WARNING: [Synth 8-7129] Port up_rst_done in module axi_adxcvr_mstatus__parameterized28 is either unconnected or has no load
WARNING: [Synth 8-7129] Port up_prbserr in module axi_adxcvr_mstatus__parameterized28 is either unconnected or has no load
WARNING: [Synth 8-7129] Port up_prbslocked in module axi_adxcvr_mstatus__parameterized28 is either unconnected or has no load
WARNING: [Synth 8-7129] Port up_bufstatus[1] in module axi_adxcvr_mstatus__parameterized28 is either unconnected or has no load
WARNING: [Synth 8-7129] Port up_bufstatus[0] in module axi_adxcvr_mstatus__parameterized28 is either unconnected or has no load
WARNING: [Synth 8-7129] Port up_pll_locked in module axi_adxcvr_mstatus__parameterized27 is either unconnected or has no load
WARNING: [Synth 8-7129] Port up_rst_done in module axi_adxcvr_mstatus__parameterized27 is either unconnected or has no load
WARNING: [Synth 8-7129] Port up_prbserr in module axi_adxcvr_mstatus__parameterized27 is either unconnected or has no load
WARNING: [Synth 8-7129] Port up_prbslocked in module axi_adxcvr_mstatus__parameterized27 is either unconnected or has no load
WARNING: [Synth 8-7129] Port up_bufstatus[1] in module axi_adxcvr_mstatus__parameterized27 is either unconnected or has no load
WARNING: [Synth 8-7129] Port up_bufstatus[0] in module axi_adxcvr_mstatus__parameterized27 is either unconnected or has no load
WARNING: [Synth 8-7129] Port up_pll_locked in module axi_adxcvr_mstatus__parameterized26 is either unconnected or has no load
WARNING: [Synth 8-7129] Port up_rst_done in module axi_adxcvr_mstatus__parameterized26 is either unconnected or has no load
WARNING: [Synth 8-7129] Port up_prbserr in module axi_adxcvr_mstatus__parameterized26 is either unconnected or has no load
WARNING: [Synth 8-7129] Port up_prbslocked in module axi_adxcvr_mstatus__parameterized26 is either unconnected or has no load
WARNING: [Synth 8-7129] Port up_bufstatus[1] in module axi_adxcvr_mstatus__parameterized26 is either unconnected or has no load
WARNING: [Synth 8-7129] Port up_bufstatus[0] in module axi_adxcvr_mstatus__parameterized26 is either unconnected or has no load
WARNING: [Synth 8-7129] Port up_pll_locked in module axi_adxcvr_mstatus__parameterized25 is either unconnected or has no load
WARNING: [Synth 8-7129] Port up_rst_done in module axi_adxcvr_mstatus__parameterized25 is either unconnected or has no load
WARNING: [Synth 8-7129] Port up_prbserr in module axi_adxcvr_mstatus__parameterized25 is either unconnected or has no load
WARNING: [Synth 8-7129] Port up_prbslocked in module axi_adxcvr_mstatus__parameterized25 is either unconnected or has no load
WARNING: [Synth 8-7129] Port up_bufstatus[1] in module axi_adxcvr_mstatus__parameterized25 is either unconnected or has no load
WARNING: [Synth 8-7129] Port up_bufstatus[0] in module axi_adxcvr_mstatus__parameterized25 is either unconnected or has no load
WARNING: [Synth 8-7129] Port up_pll_locked in module axi_adxcvr_mstatus__parameterized24 is either unconnected or has no load
WARNING: [Synth 8-7129] Port up_rst_done in module axi_adxcvr_mstatus__parameterized24 is either unconnected or has no load
WARNING: [Synth 8-7129] Port up_prbserr in module axi_adxcvr_mstatus__parameterized24 is either unconnected or has no load
INFO: [Common 17-14] Message 'Synth 8-7129' appears 100 times and further instances of the messages will be disabled. Use the Tcl command set_msg_config to change the current settings.
---------------------------------------------------------------------------------
Finished Synthesize : Time (s): cpu = 00:00:08 ; elapsed = 00:01:06 . Memory (MB): peak = 2253.016 ; gain = 467.246
---------------------------------------------------------------------------------
---------------------------------------------------------------------------------
Finished Constraint Validation : Time (s): cpu = 00:00:09 ; elapsed = 00:01:09 . Memory (MB): peak = 2270.922 ; gain = 485.152
---------------------------------------------------------------------------------
---------------------------------------------------------------------------------
Start Loading Part and Timing Information
---------------------------------------------------------------------------------
Loading part: xczu7ev-fbvb900-1-e
INFO: [Synth 8-6742] Reading net delay rules and data
INFO: [Device 21-403] Loading part xczu7ev-fbvb900-1-e
---------------------------------------------------------------------------------
Finished Loading Part and Timing Information : Time (s): cpu = 00:00:09 ; elapsed = 00:01:11 . Memory (MB): peak = 2271.008 ; gain = 485.238
---------------------------------------------------------------------------------
INFO: [Synth 8-802] inferred FSM for state register 'up_fsm_reg' in module 'axi_adxcvr_es'
---------------------------------------------------------------------------------------------------
                   State |                     New Encoding |                Previous Encoding 
---------------------------------------------------------------------------------------------------
             ES_FSM_IDLE |         000000000000000000000001 |                            00000
     ES_FSM_HOFFSET_READ |         000000000000000000000010 |                            00001
     ES_FSM_HOFFSET_RRDY |         000000000000000000000100 |                            00010
    ES_FSM_HOFFSET_WRITE |         000000000000000000001000 |                            00011
     ES_FSM_HOFFSET_WRDY |         000000000000000000010000 |                            00100
     ES_FSM_VOFFSET_READ |         000000000000000000100000 |                            00101
     ES_FSM_VOFFSET_RRDY |         000000000000000001000000 |                            00110
    ES_FSM_VOFFSET_WRITE |         000000000000000010000000 |                            00111
     ES_FSM_VOFFSET_WRDY |         000000000000000100000000 |                            01000
        ES_FSM_CTRL_READ |         000000000000001000000000 |                            01001
        ES_FSM_CTRL_RRDY |         000000000000010000000000 |                            01010
      ES_FSM_START_WRITE |         000000000000100000000000 |                            01011
       ES_FSM_START_WRDY |         000000000001000000000000 |                            01100
      ES_FSM_STATUS_READ |         000000000010000000000000 |                            01101
      ES_FSM_STATUS_RRDY |         000000000100000000000000 |                            01110
       ES_FSM_STOP_WRITE |         000000001000000000000000 |                            01111
        ES_FSM_STOP_WRDY |         000000010000000000000000 |                            10000
        ES_FSM_SCNT_READ |         000000100000000000000000 |                            10001
        ES_FSM_SCNT_RRDY |         000001000000000000000000 |                            10010
        ES_FSM_ECNT_READ |         000010000000000000000000 |                            10011
        ES_FSM_ECNT_RRDY |         000100000000000000000000 |                            10100
        ES_FSM_AXI_WRITE |         001000000000000000000000 |                            10101
        ES_FSM_AXI_READY |         010000000000000000000000 |                            10110
           ES_FSM_UPDATE |         100000000000000000000000 |                            10111
---------------------------------------------------------------------------------------------------
INFO: [Synth 8-3354] encoded FSM with state register 'up_fsm_reg' using encoding 'one-hot' in module 'axi_adxcvr_es'
---------------------------------------------------------------------------------
Finished RTL Optimization Phase 2 : Time (s): cpu = 00:00:16 ; elapsed = 00:01:20 . Memory (MB): peak = 2475.238 ; gain = 689.469
---------------------------------------------------------------------------------
No constraint files found.
---------------------------------------------------------------------------------
Start RTL Component Statistics 
---------------------------------------------------------------------------------
Detailed RTL Component Info : 
+---Adders : 
	   2 Input   32 Bit       Adders := 1     
	   2 Input   12 Bit       Adders := 1     
	   2 Input    8 Bit       Adders := 1     
	   2 Input    7 Bit       Adders := 2     
	   2 Input    5 Bit       Adders := 2     
	   2 Input    4 Bit       Adders := 2     
+---Registers : 
	               32 Bit    Registers := 9     
	               29 Bit    Registers := 2     
	               16 Bit    Registers := 225   
	               12 Bit    Registers := 5     
	               10 Bit    Registers := 2     
	                8 Bit    Registers := 7     
	                7 Bit    Registers := 1     
	                5 Bit    Registers := 7     
	                4 Bit    Registers := 3     
	                3 Bit    Registers := 2     
	                2 Bit    Registers := 34    
	                1 Bit    Registers := 448   
+---Muxes : 
	   2 Input   32 Bit        Muxes := 7     
	  31 Input   32 Bit        Muxes := 1     
	  24 Input   24 Bit        Muxes := 1     
	   2 Input   24 Bit        Muxes := 15    
	   2 Input   16 Bit        Muxes := 79    
	   3 Input   16 Bit        Muxes := 70    
	  11 Input   16 Bit        Muxes := 1     
	   2 Input   12 Bit        Muxes := 2     
	  11 Input   10 Bit        Muxes := 1     
	   2 Input    8 Bit        Muxes := 2     
	   2 Input    7 Bit        Muxes := 1     
	   2 Input    5 Bit        Muxes := 4     
	   3 Input    4 Bit        Muxes := 1     
	   2 Input    4 Bit        Muxes := 2     
	   3 Input    3 Bit        Muxes := 1     
	   3 Input    2 Bit        Muxes := 83    
	   2 Input    1 Bit        Muxes := 194   
	   3 Input    1 Bit        Muxes := 15    
	  11 Input    1 Bit        Muxes := 2     
---------------------------------------------------------------------------------
Finished RTL Component Statistics 
---------------------------------------------------------------------------------
---------------------------------------------------------------------------------
Start Part Resource Summary
---------------------------------------------------------------------------------
Part Resources:
DSPs: 1728 (col length:144)
BRAMs: 624 (col length: RAMB18 144 RAMB36 72)
---------------------------------------------------------------------------------
Finished Part Resource Summary
---------------------------------------------------------------------------------
No constraint files found.
---------------------------------------------------------------------------------
Start Cross Boundary and Area Optimization
---------------------------------------------------------------------------------
WARNING: [Synth 8-7080] Parallel synthesis criteria is not met
---------------------------------------------------------------------------------
Finished Cross Boundary and Area Optimization : Time (s): cpu = 00:00:34 ; elapsed = 00:02:46 . Memory (MB): peak = 3174.543 ; gain = 1388.773
---------------------------------------------------------------------------------
No constraint files found.
---------------------------------------------------------------------------------
Start Timing Optimization
---------------------------------------------------------------------------------
---------------------------------------------------------------------------------
Finished Timing Optimization : Time (s): cpu = 00:00:35 ; elapsed = 00:02:46 . Memory (MB): peak = 3174.543 ; gain = 1388.773
---------------------------------------------------------------------------------
---------------------------------------------------------------------------------
Start Technology Mapping
---------------------------------------------------------------------------------
---------------------------------------------------------------------------------
Finished Technology Mapping : Time (s): cpu = 00:00:36 ; elapsed = 00:02:49 . Memory (MB): peak = 3174.543 ; gain = 1388.773
---------------------------------------------------------------------------------
---------------------------------------------------------------------------------
Start IO Insertion
---------------------------------------------------------------------------------
---------------------------------------------------------------------------------
Start Flattening Before IO Insertion
---------------------------------------------------------------------------------
---------------------------------------------------------------------------------
Finished Flattening Before IO Insertion
---------------------------------------------------------------------------------
---------------------------------------------------------------------------------
Start Final Netlist Cleanup
---------------------------------------------------------------------------------
---------------------------------------------------------------------------------
Finished Final Netlist Cleanup
---------------------------------------------------------------------------------
---------------------------------------------------------------------------------
Finished IO Insertion : Time (s): cpu = 00:00:41 ; elapsed = 00:03:28 . Memory (MB): peak = 3184.594 ; gain = 1398.824
---------------------------------------------------------------------------------
---------------------------------------------------------------------------------
Start Renaming Generated Instances
---------------------------------------------------------------------------------
---------------------------------------------------------------------------------
Finished Renaming Generated Instances : Time (s): cpu = 00:00:41 ; elapsed = 00:03:28 . Memory (MB): peak = 3184.594 ; gain = 1398.824
---------------------------------------------------------------------------------
---------------------------------------------------------------------------------
Start Rebuilding User Hierarchy
---------------------------------------------------------------------------------
---------------------------------------------------------------------------------
Finished Rebuilding User Hierarchy : Time (s): cpu = 00:00:41 ; elapsed = 00:03:29 . Memory (MB): peak = 3184.594 ; gain = 1398.824
---------------------------------------------------------------------------------
---------------------------------------------------------------------------------
Start Renaming Generated Ports
---------------------------------------------------------------------------------
---------------------------------------------------------------------------------
Finished Renaming Generated Ports : Time (s): cpu = 00:00:41 ; elapsed = 00:03:29 . Memory (MB): peak = 3184.594 ; gain = 1398.824
---------------------------------------------------------------------------------
---------------------------------------------------------------------------------
Start Handling Custom Attributes
---------------------------------------------------------------------------------
---------------------------------------------------------------------------------
Finished Handling Custom Attributes : Time (s): cpu = 00:00:41 ; elapsed = 00:03:30 . Memory (MB): peak = 3184.594 ; gain = 1398.824
---------------------------------------------------------------------------------
---------------------------------------------------------------------------------
Start Renaming Generated Nets
---------------------------------------------------------------------------------
---------------------------------------------------------------------------------
Finished Renaming Generated Nets : Time (s): cpu = 00:00:41 ; elapsed = 00:03:30 . Memory (MB): peak = 3184.594 ; gain = 1398.824
---------------------------------------------------------------------------------
---------------------------------------------------------------------------------
Start ROM, RAM, DSP, Shift Register and Retiming Reporting
---------------------------------------------------------------------------------

Static Shift Register Report:
+--------------------------+----------------------------------------------+--------+-------+--------------+--------------------+-------------------+--------+---------+
|Module Name               | RTL Name                                     | Length | Width | Reset Signal | Pull out first Reg | Pull out last Reg | SRL16E | SRLC32E | 
+--------------------------+----------------------------------------------+--------+-------+--------------+--------------------+-------------------+--------+---------+
|phy_shared_axi_adxcvr_0_1 | inst/i_mstatus_ch_15/up_pll_locked_int_reg   | 13     | 1     | YES          | NO                 | YES               | 1      | 0       | 
|phy_shared_axi_adxcvr_0_1 | inst/i_mstatus_ch_15/up_rst_done_int_reg     | 13     | 1     | YES          | NO                 | YES               | 1      | 0       | 
|phy_shared_axi_adxcvr_0_1 | inst/i_mstatus_ch_15/up_prbserr_int_reg      | 13     | 1     | YES          | NO                 | YES               | 1      | 0       | 
|phy_shared_axi_adxcvr_0_1 | inst/i_mstatus_ch_15/up_prbslocked_int_reg   | 13     | 1     | YES          | NO                 | YES               | 1      | 0       | 
|phy_shared_axi_adxcvr_0_1 | inst/i_mstatus_ch_15/up_bufstatus_int_reg[1] | 13     | 2     | YES          | NO                 | YES               | 2      | 0       | 
+--------------------------+----------------------------------------------+--------+-------+--------------+--------------------+-------------------+--------+---------+

---------------------------------------------------------------------------------
Finished ROM, RAM, DSP, Shift Register and Retiming Reporting
---------------------------------------------------------------------------------
---------------------------------------------------------------------------------
Start Writing Synthesis Report
---------------------------------------------------------------------------------

Report BlackBoxes: 
+-+--------------+----------+
| |BlackBox name |Instances |
+-+--------------+----------+
+-+--------------+----------+

Report Cell Usage: 
+------+-------+------+
|      |Cell   |Count |
+------+-------+------+
|1     |CARRY8 |     6|
|2     |LUT1   |     2|
|3     |LUT2   |   800|
|4     |LUT3   |   177|
|5     |LUT4   |   124|
|6     |LUT5   |   206|
|7     |LUT6   |   707|
|8     |SRL16E |     6|
|9     |FDCE   |  1790|
|10    |FDPE   |    10|
|11    |FDRE   |   141|
|12    |FDSE   |     2|
+------+-------+------+

Report Instance Areas: 
+------+--------------------+------------------------------------+------+
|      |Instance            |Module                              |Cells |
+------+--------------------+------------------------------------+------+
|1     |top                 |                                    |  3971|
|2     |  inst              |axi_adxcvr                          |  3971|
|3     |    i_axi           |up_axi                              |   364|
|4     |    i_es            |axi_adxcvr_es                       |   426|
|5     |    i_mdrp_ch_0     |axi_adxcvr_mdrp                     |    71|
|6     |    i_mdrp_ch_1     |axi_adxcvr_mdrp__parameterized0     |    87|
|7     |    i_mdrp_ch_10    |axi_adxcvr_mdrp__parameterized9     |    55|
|8     |    i_mdrp_ch_11    |axi_adxcvr_mdrp__parameterized10    |    55|
|9     |    i_mdrp_ch_12    |axi_adxcvr_mdrp__parameterized11    |    55|
|10    |    i_mdrp_ch_13    |axi_adxcvr_mdrp__parameterized12    |    55|
|11    |    i_mdrp_ch_14    |axi_adxcvr_mdrp__parameterized13    |    55|
|12    |    i_mdrp_ch_15    |axi_adxcvr_mdrp__parameterized14    |    54|
|13    |    i_mdrp_ch_16    |axi_adxcvr_mdrp__parameterized15    |     3|
|14    |    i_mdrp_ch_17    |axi_adxcvr_mdrp__parameterized16    |     2|
|15    |    i_mdrp_ch_18    |axi_adxcvr_mdrp__parameterized17    |     2|
|16    |    i_mdrp_ch_19    |axi_adxcvr_mdrp__parameterized18    |     2|
|17    |    i_mdrp_ch_2     |axi_adxcvr_mdrp__parameterized1     |    87|
|18    |    i_mdrp_ch_20    |axi_adxcvr_mdrp__parameterized19    |     2|
|19    |    i_mdrp_ch_21    |axi_adxcvr_mdrp__parameterized20    |     2|
|20    |    i_mdrp_ch_22    |axi_adxcvr_mdrp__parameterized21    |     2|
|21    |    i_mdrp_ch_23    |axi_adxcvr_mdrp__parameterized22    |     2|
|22    |    i_mdrp_ch_24    |axi_adxcvr_mdrp__parameterized23    |     2|
|23    |    i_mdrp_ch_25    |axi_adxcvr_mdrp__parameterized24    |     2|
|24    |    i_mdrp_ch_26    |axi_adxcvr_mdrp__parameterized25    |     2|
|25    |    i_mdrp_ch_27    |axi_adxcvr_mdrp__parameterized26    |     2|
|26    |    i_mdrp_ch_28    |axi_adxcvr_mdrp__parameterized27    |     2|
|27    |    i_mdrp_ch_29    |axi_adxcvr_mdrp__parameterized28    |     2|
|28    |    i_mdrp_ch_3     |axi_adxcvr_mdrp__parameterized2     |   102|
|29    |    i_mdrp_ch_30    |axi_adxcvr_mdrp__parameterized29    |     2|
|30    |    i_mdrp_ch_31    |axi_adxcvr_mdrp__parameterized30    |     2|
|31    |    i_mdrp_ch_4     |axi_adxcvr_mdrp__parameterized3     |    55|
|32    |    i_mdrp_ch_5     |axi_adxcvr_mdrp__parameterized4     |    55|
|33    |    i_mdrp_ch_6     |axi_adxcvr_mdrp__parameterized5     |    55|
|34    |    i_mdrp_ch_7     |axi_adxcvr_mdrp__parameterized6     |    55|
|35    |    i_mdrp_ch_8     |axi_adxcvr_mdrp__parameterized7     |    55|
|36    |    i_mdrp_ch_9     |axi_adxcvr_mdrp__parameterized8     |    55|
|37    |    i_mdrp_es_0     |axi_adxcvr_mdrp_0                   |    71|
|38    |    i_mdrp_es_1     |axi_adxcvr_mdrp__parameterized0_1   |    87|
|39    |    i_mdrp_es_10    |axi_adxcvr_mdrp__parameterized9_2   |    55|
|40    |    i_mdrp_es_11    |axi_adxcvr_mdrp__parameterized10_3  |    55|
|41    |    i_mdrp_es_12    |axi_adxcvr_mdrp__parameterized11_4  |    55|
|42    |    i_mdrp_es_13    |axi_adxcvr_mdrp__parameterized12_5  |    55|
|43    |    i_mdrp_es_14    |axi_adxcvr_mdrp__parameterized13_6  |    55|
|44    |    i_mdrp_es_15    |axi_adxcvr_mdrp__parameterized14_7  |    43|
|45    |    i_mdrp_es_16    |axi_adxcvr_mdrp__parameterized15_8  |     3|
|46    |    i_mdrp_es_17    |axi_adxcvr_mdrp__parameterized16_9  |     2|
|47    |    i_mdrp_es_18    |axi_adxcvr_mdrp__parameterized17_10 |     2|
|48    |    i_mdrp_es_19    |axi_adxcvr_mdrp__parameterized18_11 |     2|
|49    |    i_mdrp_es_2     |axi_adxcvr_mdrp__parameterized1_12  |    87|
|50    |    i_mdrp_es_20    |axi_adxcvr_mdrp__parameterized19_13 |     2|
|51    |    i_mdrp_es_21    |axi_adxcvr_mdrp__parameterized20_14 |     2|
|52    |    i_mdrp_es_22    |axi_adxcvr_mdrp__parameterized21_15 |     2|
|53    |    i_mdrp_es_23    |axi_adxcvr_mdrp__parameterized22_16 |     2|
|54    |    i_mdrp_es_24    |axi_adxcvr_mdrp__parameterized23_17 |     2|
|55    |    i_mdrp_es_25    |axi_adxcvr_mdrp__parameterized24_18 |     2|
|56    |    i_mdrp_es_26    |axi_adxcvr_mdrp__parameterized25_19 |     2|
|57    |    i_mdrp_es_27    |axi_adxcvr_mdrp__parameterized26_20 |     2|
|58    |    i_mdrp_es_28    |axi_adxcvr_mdrp__parameterized27_21 |     2|
|59    |    i_mdrp_es_29    |axi_adxcvr_mdrp__parameterized28_22 |     2|
|60    |    i_mdrp_es_3     |axi_adxcvr_mdrp__parameterized2_23  |   102|
|61    |    i_mdrp_es_30    |axi_adxcvr_mdrp__parameterized29_24 |     2|
|62    |    i_mdrp_es_31    |axi_adxcvr_mdrp__parameterized30_25 |     2|
|63    |    i_mdrp_es_4     |axi_adxcvr_mdrp__parameterized3_26  |    55|
|64    |    i_mdrp_es_5     |axi_adxcvr_mdrp__parameterized4_27  |    55|
|65    |    i_mdrp_es_6     |axi_adxcvr_mdrp__parameterized5_28  |    55|
|66    |    i_mdrp_es_7     |axi_adxcvr_mdrp__parameterized6_29  |    55|
|67    |    i_mdrp_es_8     |axi_adxcvr_mdrp__parameterized7_30  |    55|
|68    |    i_mdrp_es_9     |axi_adxcvr_mdrp__parameterized8_31  |    55|
|69    |    i_mstatus_ch_0  |axi_adxcvr_mstatus                  |    10|
|70    |    i_mstatus_ch_1  |axi_adxcvr_mstatus__parameterized0  |    12|
|71    |    i_mstatus_ch_10 |axi_adxcvr_mstatus__parameterized9  |     1|
|72    |    i_mstatus_ch_11 |axi_adxcvr_mstatus__parameterized10 |     1|
|73    |    i_mstatus_ch_12 |axi_adxcvr_mstatus__parameterized11 |     1|
|74    |    i_mstatus_ch_13 |axi_adxcvr_mstatus__parameterized12 |     7|
|75    |    i_mstatus_ch_14 |axi_adxcvr_mstatus__parameterized13 |    13|
|76    |    i_mstatus_ch_15 |axi_adxcvr_mstatus__parameterized14 |     7|
|77    |    i_mstatus_ch_2  |axi_adxcvr_mstatus__parameterized1  |    12|
|78    |    i_mstatus_ch_3  |axi_adxcvr_mstatus__parameterized2  |     3|
|79    |    i_mstatus_ch_4  |axi_adxcvr_mstatus__parameterized3  |     1|
|80    |    i_mstatus_ch_5  |axi_adxcvr_mstatus__parameterized4  |     1|
|81    |    i_mstatus_ch_6  |axi_adxcvr_mstatus__parameterized5  |     1|
|82    |    i_mstatus_ch_7  |axi_adxcvr_mstatus__parameterized6  |     1|
|83    |    i_mstatus_ch_8  |axi_adxcvr_mstatus__parameterized7  |     1|
|84    |    i_mstatus_ch_9  |axi_adxcvr_mstatus__parameterized8  |     1|
|85    |    i_up            |axi_adxcvr_up                       |  1041|
+------+--------------------+------------------------------------+------+
---------------------------------------------------------------------------------
Finished Writing Synthesis Report : Time (s): cpu = 00:00:41 ; elapsed = 00:03:31 . Memory (MB): peak = 3184.594 ; gain = 1398.824
---------------------------------------------------------------------------------
Synthesis finished with 0 errors, 0 critical warnings and 540 warnings.
Synthesis Optimization Runtime : Time (s): cpu = 00:00:41 ; elapsed = 00:03:32 . Memory (MB): peak = 3184.594 ; gain = 1398.824
Synthesis Optimization Complete : Time (s): cpu = 00:00:41 ; elapsed = 00:03:32 . Memory (MB): peak = 3184.594 ; gain = 1398.824
INFO: [Project 1-571] Translating synthesized netlist
Netlist sorting complete. Time (s): cpu = 00:00:00 ; elapsed = 00:00:00.090 . Memory (MB): peak = 3196.676 ; gain = 0.000
INFO: [Netlist 29-17] Analyzing 6 Unisim elements for replacement
INFO: [Netlist 29-28] Unisim Transformation completed in 0 CPU seconds
INFO: [Project 1-570] Preparing netlist for logic optimization
INFO: [Opt 31-138] Pushed 0 inverter(s) to 0 load pin(s).
Netlist sorting complete. Time (s): cpu = 00:00:00 ; elapsed = 00:00:00.002 . Memory (MB): peak = 3245.867 ; gain = 0.000
INFO: [Project 1-111] Unisim Transformation Summary:
No Unisim elements were transformed.

Synth Design complete, checksum: e19e7bd7
INFO: [Common 17-83] Releasing license: Synthesis
160 Infos, 122 Warnings, 0 Critical Warnings and 0 Errors encountered.
synth_design completed successfully
synth_design: Time (s): cpu = 00:00:45 ; elapsed = 00:04:31 . Memory (MB): peak = 3245.867 ; gain = 1460.098
INFO: [Timing 38-35] Done setting XDC timing constraints.
INFO: [Common 17-1381] The checkpoint 'C:/GitHub/jesd204/layers/phy_shared/phy_shared.runs/phy_shared_axi_adxcvr_0_1_synth_1/phy_shared_axi_adxcvr_0_1.dcp' has been generated.
write_checkpoint: Time (s): cpu = 00:00:03 ; elapsed = 00:01:19 . Memory (MB): peak = 3344.781 ; gain = 98.914
INFO: [Coretcl 2-1648] Added synthesis output to IP cache for IP phy_shared_axi_adxcvr_0_1, cache-ID = ebaa3ef4507de660
config_ip_cache: Time (s): cpu = 00:00:00 ; elapsed = 00:00:05 . Memory (MB): peak = 3344.895 ; gain = 0.020
INFO: [Coretcl 2-1174] Renamed 84 cell refs.
INFO: [Common 17-1381] The checkpoint 'C:/GitHub/jesd204/layers/phy_shared/phy_shared.runs/phy_shared_axi_adxcvr_0_1_synth_1/phy_shared_axi_adxcvr_0_1.dcp' has been generated.
INFO: [runtcl-4] Executing : report_utilization -file phy_shared_axi_adxcvr_0_1_utilization_synth.rpt -pb phy_shared_axi_adxcvr_0_1_utilization_synth.pb
INFO: [Common 17-206] Exiting Vivado at Thu Nov  7 09:56:59 2024...

*** Running vivado
    with args -log phy_shared_axi_adxcvr_0_1.vds -m64 -product Vivado -mode batch -messageDb vivado.pb -notrace -source phy_shared_axi_adxcvr_0_1.tcl



****** Vivado v2022.2 (64-bit)
  **** SW Build 3671981 on Fri Oct 14 05:00:03 MDT 2022
  **** IP Build 3669848 on Fri Oct 14 08:30:02 MDT 2022
    ** Copyright 1986-2022 Xilinx, Inc. All Rights Reserved.

source phy_shared_axi_adxcvr_0_1.tcl -notrace
create_project: Time (s): cpu = 00:00:05 ; elapsed = 00:00:32 . Memory (MB): peak = 1000.598 ; gain = 117.227
INFO: [IP_Flow 19-234] Refreshing IP repositories
INFO: [IP_Flow 19-1700] Loaded user IP repository 'c:/GitHub/jesd204/ips'.
INFO: [IP_Flow 19-2313] Loaded Vivado IP repository 'C:/Xilinx/Vivado/2022.2/data/ip'.
update_ip_catalog: Time (s): cpu = 00:00:02 ; elapsed = 00:00:09 . Memory (MB): peak = 1742.742 ; gain = 30.891
INFO: [IP_Flow 19-6924] IPCACHE: Running cache check for IP inst: phy_shared_axi_adxcvr_0_1
INFO: [IP_Flow 19-6922] IPCACHE: Exporting cached entry ebaa3ef4507de660 to dir: C:/GitHub/jesd204/layers/phy_shared/phy_shared.runs/phy_shared_axi_adxcvr_0_1_synth_1
INFO: [IP_Flow 19-6928] IPCACHE: copied cached file c:/GitHub/jesd204/layers/phy_shared/phy_shared.cache/ip/2022.2/e/b/ebaa3ef4507de660/phy_shared_axi_adxcvr_0_1.dcp to C:/GitHub/jesd204/layers/phy_shared/phy_shared.runs/phy_shared_axi_adxcvr_0_1_synth_1/phy_shared_axi_adxcvr_0_1.dcp.
INFO: [IP_Flow 19-6928] IPCACHE: copied cached file c:/GitHub/jesd204/layers/phy_shared/phy_shared.cache/ip/2022.2/e/b/ebaa3ef4507de660/phy_shared_axi_adxcvr_0_1_sim_netlist.v to C:/GitHub/jesd204/layers/phy_shared/phy_shared.runs/phy_shared_axi_adxcvr_0_1_synth_1/phy_shared_axi_adxcvr_0_1_sim_netlist.v.
INFO: [IP_Flow 19-6928] IPCACHE: copied cached file c:/GitHub/jesd204/layers/phy_shared/phy_shared.cache/ip/2022.2/e/b/ebaa3ef4507de660/phy_shared_axi_adxcvr_0_1_sim_netlist.vhdl to C:/GitHub/jesd204/layers/phy_shared/phy_shared.runs/phy_shared_axi_adxcvr_0_1_synth_1/phy_shared_axi_adxcvr_0_1_sim_netlist.vhdl.
INFO: [IP_Flow 19-6928] IPCACHE: copied cached file c:/GitHub/jesd204/layers/phy_shared/phy_shared.cache/ip/2022.2/e/b/ebaa3ef4507de660/phy_shared_axi_adxcvr_0_1_stub.v to C:/GitHub/jesd204/layers/phy_shared/phy_shared.runs/phy_shared_axi_adxcvr_0_1_synth_1/phy_shared_axi_adxcvr_0_1_stub.v.
INFO: [IP_Flow 19-6928] IPCACHE: copied cached file c:/GitHub/jesd204/layers/phy_shared/phy_shared.cache/ip/2022.2/e/b/ebaa3ef4507de660/phy_shared_axi_adxcvr_0_1_stub.vhdl to C:/GitHub/jesd204/layers/phy_shared/phy_shared.runs/phy_shared_axi_adxcvr_0_1_synth_1/phy_shared_axi_adxcvr_0_1_stub.vhdl.
INFO: [IP_Flow 19-4838] Using cached IP synthesis design for IP phy_shared_axi_adxcvr_0_1, cache-ID = ebaa3ef4507de660.
INFO: [Common 17-206] Exiting Vivado at Thu Nov  7 10:05:51 2024...
