
*** Running vivado
    with args -log axi_jesd204_rx.vds -m64 -product Vivado -mode batch -messageDb vivado.pb -notrace -source axi_jesd204_rx.tcl



****** Vivado v2022.2 (64-bit)
  **** SW Build 3671981 on Fri Oct 14 05:00:03 MDT 2022
  **** IP Build 3669848 on Fri Oct 14 08:30:02 MDT 2022
    ** Copyright 1986-2022 Xilinx, Inc. All Rights Reserved.

source axi_jesd204_rx.tcl -notrace
create_project: Time (s): cpu = 00:00:05 ; elapsed = 00:00:20 . Memory (MB): peak = 1001.090 ; gain = 85.809
Command: synth_design -top axi_jesd204_rx -part xczu7ev-fbvb900-1-e
Starting synth_design
Attempting to get a license for feature 'Synthesis' and/or device 'xczu7ev'
INFO: [Common 17-349] Got license for feature 'Synthesis' and/or device 'xczu7ev'
INFO: [Device 21-403] Loading part xczu7ev-fbvb900-1-e
INFO: [Synth 8-7079] Multithreading enabled for synth_design using a maximum of 2 processes.
INFO: [Synth 8-7078] Launching helper process for spawning children vivado processes
INFO: [Synth 8-7075] Helper process launched with PID 15972
INFO: [Synth 8-11241] undeclared symbol 'REGCCE', assumed default net type 'wire' [C:/Xilinx/Vivado/2022.2/data/verilog/src/unimacro/BRAM_SINGLE_MACRO.v:2170]
---------------------------------------------------------------------------------
Starting RTL Elaboration : Time (s): cpu = 00:00:05 ; elapsed = 00:00:23 . Memory (MB): peak = 3168.203 ; gain = 336.324
---------------------------------------------------------------------------------
INFO: [Synth 8-6157] synthesizing module 'axi_jesd204_rx' [C:/GitHub/jesd204/ips/axi_jesd204_rx/axi_jesd204_rx.v:10]
INFO: [Synth 8-6157] synthesizing module 'sync_event' [C:/GitHub/jesd204/ips/axi_jesd204_rx/sync_event.v:38]
	Parameter NUM_OF_EVENTS bound to: 2 - type: integer 
INFO: [Synth 8-6157] synthesizing module 'sync_bits' [C:/GitHub/jesd204/ips/axi_jesd204_rx/sync_bits.v:46]
INFO: [Synth 8-6155] done synthesizing module 'sync_bits' (0#1) [C:/GitHub/jesd204/ips/axi_jesd204_rx/sync_bits.v:46]
INFO: [Synth 8-6155] done synthesizing module 'sync_event' (0#1) [C:/GitHub/jesd204/ips/axi_jesd204_rx/sync_event.v:38]
INFO: [Synth 8-6157] synthesizing module 'up_axi' [C:/GitHub/jesd204/ips/axi_jesd204_rx/up_axi.v:38]
	Parameter AXI_ADDRESS_WIDTH bound to: 14 - type: integer 
INFO: [Synth 8-6155] done synthesizing module 'up_axi' (0#1) [C:/GitHub/jesd204/ips/axi_jesd204_rx/up_axi.v:38]
INFO: [Synth 8-6157] synthesizing module 'jesd204_up_common' [C:/GitHub/jesd204/ips/axi_jesd204_rx/jesd204_up_common.v:10]
	Parameter PCORE_VERSION bound to: 67425 - type: integer 
	Parameter PCORE_MAGIC bound to: 842019922 - type: integer 
	Parameter ID bound to: 0 - type: integer 
	Parameter NUM_LANES bound to: 1 - type: integer 
	Parameter NUM_LINKS bound to: 1 - type: integer 
	Parameter NUM_IRQS bound to: 5 - type: integer 
	Parameter EXTRA_CFG_WIDTH bound to: 8 - type: integer 
	Parameter DEV_EXTRA_CFG_WIDTH bound to: 19 - type: integer 
	Parameter ENABLE_LINK_STATS bound to: 0 - type: integer 
INFO: [Synth 8-155] case statement is not full and has no default [C:/GitHub/jesd204/ips/axi_jesd204_rx/jesd204_up_common.v:340]
INFO: [Synth 8-155] case statement is not full and has no default [C:/GitHub/jesd204/ips/axi_jesd204_rx/jesd204_up_common.v:357]
INFO: [Synth 8-6157] synthesizing module 'up_clock_mon' [C:/GitHub/jesd204/ips/axi_jesd204_rx/up_clock_mon.v:38]
	Parameter TOTAL_WIDTH bound to: 21 - type: integer 
INFO: [Synth 8-6155] done synthesizing module 'up_clock_mon' (0#1) [C:/GitHub/jesd204/ips/axi_jesd204_rx/up_clock_mon.v:38]
INFO: [Synth 8-6155] done synthesizing module 'jesd204_up_common' (0#1) [C:/GitHub/jesd204/ips/axi_jesd204_rx/jesd204_up_common.v:10]
INFO: [Synth 8-6157] synthesizing module 'jesd204_up_sysref' [C:/GitHub/jesd204/ips/axi_jesd204_rx/jesd204_up_sysref.v:10]
INFO: [Synth 8-155] case statement is not full and has no default [C:/GitHub/jesd204/ips/axi_jesd204_rx/jesd204_up_sysref.v:85]
INFO: [Synth 8-6155] done synthesizing module 'jesd204_up_sysref' (0#1) [C:/GitHub/jesd204/ips/axi_jesd204_rx/jesd204_up_sysref.v:10]
INFO: [Synth 8-6157] synthesizing module 'jesd204_up_rx' [C:/GitHub/jesd204/ips/axi_jesd204_rx/jesd204_up_rx.v:10]
	Parameter NUM_LANES bound to: 1 - type: integer 
	Parameter DATA_PATH_WIDTH bound to: 4 - type: integer 
INFO: [Synth 8-6157] synthesizing module 'jesd204_up_rx_lane' [C:/GitHub/jesd204/ips/axi_jesd204_rx/jesd204_up_rx_lane.v:10]
	Parameter DATA_PATH_WIDTH bound to: 4 - type: integer 
INFO: [Synth 8-6157] synthesizing module 'sync_bits__parameterized0' [C:/GitHub/jesd204/ips/axi_jesd204_rx/sync_bits.v:46]
	Parameter NUM_OF_BITS bound to: 1 - type: integer 
INFO: [Synth 8-6155] done synthesizing module 'sync_bits__parameterized0' (0#1) [C:/GitHub/jesd204/ips/axi_jesd204_rx/sync_bits.v:46]
INFO: [Synth 8-226] default block is never used [C:/GitHub/jesd204/ips/axi_jesd204_rx/jesd204_up_rx_lane.v:74]
INFO: [Synth 8-6157] synthesizing module 'jesd204_up_ilas_mem' [C:/GitHub/jesd204/ips/axi_jesd204_rx/jesd204_up_ilas_mem.v:10]
	Parameter DATA_PATH_WIDTH bound to: 4 - type: integer 
INFO: [Synth 8-6155] done synthesizing module 'jesd204_up_ilas_mem' (0#1) [C:/GitHub/jesd204/ips/axi_jesd204_rx/jesd204_up_ilas_mem.v:10]
INFO: [Synth 8-6155] done synthesizing module 'jesd204_up_rx_lane' (0#1) [C:/GitHub/jesd204/ips/axi_jesd204_rx/jesd204_up_rx_lane.v:10]
INFO: [Synth 8-6157] synthesizing module 'sync_data' [C:/GitHub/jesd204/ips/axi_jesd204_rx/sync_data.v:38]
	Parameter NUM_OF_BITS bound to: 47 - type: integer 
INFO: [Synth 8-6155] done synthesizing module 'sync_data' (0#1) [C:/GitHub/jesd204/ips/axi_jesd204_rx/sync_data.v:38]
INFO: [Synth 8-6157] synthesizing module 'sync_data__parameterized0' [C:/GitHub/jesd204/ips/axi_jesd204_rx/sync_data.v:38]
	Parameter NUM_OF_BITS bound to: 8 - type: integer 
INFO: [Synth 8-6155] done synthesizing module 'sync_data__parameterized0' (0#1) [C:/GitHub/jesd204/ips/axi_jesd204_rx/sync_data.v:38]
INFO: [Synth 8-155] case statement is not full and has no default [C:/GitHub/jesd204/ips/axi_jesd204_rx/jesd204_up_rx.v:149]
INFO: [Synth 8-155] case statement is not full and has no default [C:/GitHub/jesd204/ips/axi_jesd204_rx/jesd204_up_rx.v:157]
INFO: [Synth 8-6155] done synthesizing module 'jesd204_up_rx' (0#1) [C:/GitHub/jesd204/ips/axi_jesd204_rx/jesd204_up_rx.v:10]
INFO: [Synth 8-6155] done synthesizing module 'axi_jesd204_rx' (0#1) [C:/GitHub/jesd204/ips/axi_jesd204_rx/axi_jesd204_rx.v:10]
WARNING: [Synth 8-7129] Port up_wdata[31] in module jesd204_up_rx is either unconnected or has no load
WARNING: [Synth 8-7129] Port up_wdata[30] in module jesd204_up_rx is either unconnected or has no load
WARNING: [Synth 8-7129] Port up_wdata[29] in module jesd204_up_rx is either unconnected or has no load
WARNING: [Synth 8-7129] Port up_wdata[28] in module jesd204_up_rx is either unconnected or has no load
WARNING: [Synth 8-7129] Port up_wdata[27] in module jesd204_up_rx is either unconnected or has no load
WARNING: [Synth 8-7129] Port up_wdata[26] in module jesd204_up_rx is either unconnected or has no load
WARNING: [Synth 8-7129] Port up_wdata[25] in module jesd204_up_rx is either unconnected or has no load
WARNING: [Synth 8-7129] Port up_wdata[24] in module jesd204_up_rx is either unconnected or has no load
WARNING: [Synth 8-7129] Port up_wdata[23] in module jesd204_up_rx is either unconnected or has no load
WARNING: [Synth 8-7129] Port up_wdata[22] in module jesd204_up_rx is either unconnected or has no load
WARNING: [Synth 8-7129] Port up_wdata[21] in module jesd204_up_rx is either unconnected or has no load
WARNING: [Synth 8-7129] Port up_wdata[20] in module jesd204_up_rx is either unconnected or has no load
WARNING: [Synth 8-7129] Port up_wdata[19] in module jesd204_up_rx is either unconnected or has no load
WARNING: [Synth 8-7129] Port up_wdata[18] in module jesd204_up_rx is either unconnected or has no load
WARNING: [Synth 8-7129] Port up_wdata[17] in module jesd204_up_rx is either unconnected or has no load
WARNING: [Synth 8-7129] Port up_wdata[15] in module jesd204_up_rx is either unconnected or has no load
WARNING: [Synth 8-7129] Port core_clk in module jesd204_up_sysref is either unconnected or has no load
WARNING: [Synth 8-7129] Port up_wdata[31] in module jesd204_up_sysref is either unconnected or has no load
WARNING: [Synth 8-7129] Port up_wdata[30] in module jesd204_up_sysref is either unconnected or has no load
WARNING: [Synth 8-7129] Port up_wdata[29] in module jesd204_up_sysref is either unconnected or has no load
WARNING: [Synth 8-7129] Port up_wdata[28] in module jesd204_up_sysref is either unconnected or has no load
WARNING: [Synth 8-7129] Port up_wdata[27] in module jesd204_up_sysref is either unconnected or has no load
WARNING: [Synth 8-7129] Port up_wdata[26] in module jesd204_up_sysref is either unconnected or has no load
WARNING: [Synth 8-7129] Port up_wdata[25] in module jesd204_up_sysref is either unconnected or has no load
WARNING: [Synth 8-7129] Port up_wdata[24] in module jesd204_up_sysref is either unconnected or has no load
WARNING: [Synth 8-7129] Port up_wdata[23] in module jesd204_up_sysref is either unconnected or has no load
WARNING: [Synth 8-7129] Port up_wdata[22] in module jesd204_up_sysref is either unconnected or has no load
WARNING: [Synth 8-7129] Port up_wdata[21] in module jesd204_up_sysref is either unconnected or has no load
WARNING: [Synth 8-7129] Port up_wdata[20] in module jesd204_up_sysref is either unconnected or has no load
WARNING: [Synth 8-7129] Port up_wdata[19] in module jesd204_up_sysref is either unconnected or has no load
WARNING: [Synth 8-7129] Port up_wdata[18] in module jesd204_up_sysref is either unconnected or has no load
WARNING: [Synth 8-7129] Port up_wdata[17] in module jesd204_up_sysref is either unconnected or has no load
WARNING: [Synth 8-7129] Port up_wdata[16] in module jesd204_up_sysref is either unconnected or has no load
WARNING: [Synth 8-7129] Port up_wdata[15] in module jesd204_up_sysref is either unconnected or has no load
WARNING: [Synth 8-7129] Port up_wdata[14] in module jesd204_up_sysref is either unconnected or has no load
WARNING: [Synth 8-7129] Port up_wdata[13] in module jesd204_up_sysref is either unconnected or has no load
WARNING: [Synth 8-7129] Port up_wdata[12] in module jesd204_up_sysref is either unconnected or has no load
WARNING: [Synth 8-7129] Port up_wdata[11] in module jesd204_up_sysref is either unconnected or has no load
WARNING: [Synth 8-7129] Port up_wdata[10] in module jesd204_up_sysref is either unconnected or has no load
WARNING: [Synth 8-7129] Port up_wdata[9] in module jesd204_up_sysref is either unconnected or has no load
WARNING: [Synth 8-7129] Port up_wdata[8] in module jesd204_up_sysref is either unconnected or has no load
WARNING: [Synth 8-7129] Port up_axi_awaddr[1] in module up_axi is either unconnected or has no load
WARNING: [Synth 8-7129] Port up_axi_awaddr[0] in module up_axi is either unconnected or has no load
WARNING: [Synth 8-7129] Port up_axi_wstrb[3] in module up_axi is either unconnected or has no load
WARNING: [Synth 8-7129] Port up_axi_wstrb[2] in module up_axi is either unconnected or has no load
WARNING: [Synth 8-7129] Port up_axi_wstrb[1] in module up_axi is either unconnected or has no load
WARNING: [Synth 8-7129] Port up_axi_wstrb[0] in module up_axi is either unconnected or has no load
WARNING: [Synth 8-7129] Port up_axi_araddr[1] in module up_axi is either unconnected or has no load
WARNING: [Synth 8-7129] Port up_axi_araddr[0] in module up_axi is either unconnected or has no load
WARNING: [Synth 8-7129] Port s_axi_awprot[2] in module axi_jesd204_rx is either unconnected or has no load
WARNING: [Synth 8-7129] Port s_axi_awprot[1] in module axi_jesd204_rx is either unconnected or has no load
WARNING: [Synth 8-7129] Port s_axi_awprot[0] in module axi_jesd204_rx is either unconnected or has no load
WARNING: [Synth 8-7129] Port s_axi_arprot[2] in module axi_jesd204_rx is either unconnected or has no load
WARNING: [Synth 8-7129] Port s_axi_arprot[1] in module axi_jesd204_rx is either unconnected or has no load
WARNING: [Synth 8-7129] Port s_axi_arprot[0] in module axi_jesd204_rx is either unconnected or has no load
---------------------------------------------------------------------------------
Finished RTL Elaboration : Time (s): cpu = 00:00:07 ; elapsed = 00:00:29 . Memory (MB): peak = 3264.664 ; gain = 432.785
---------------------------------------------------------------------------------
---------------------------------------------------------------------------------
Start Handling Custom Attributes
---------------------------------------------------------------------------------
---------------------------------------------------------------------------------
Finished Handling Custom Attributes : Time (s): cpu = 00:00:07 ; elapsed = 00:00:29 . Memory (MB): peak = 3282.586 ; gain = 450.707
---------------------------------------------------------------------------------
---------------------------------------------------------------------------------
Finished RTL Optimization Phase 1 : Time (s): cpu = 00:00:07 ; elapsed = 00:00:29 . Memory (MB): peak = 3282.586 ; gain = 450.707
---------------------------------------------------------------------------------
Netlist sorting complete. Time (s): cpu = 00:00:00 ; elapsed = 00:00:00.029 . Memory (MB): peak = 3282.586 ; gain = 0.000
INFO: [Project 1-570] Preparing netlist for logic optimization

Processing XDC Constraints
Initializing timing engine
Parsing XDC File [C:/GitHub/jesd204/ips/axi_jesd204_rx/axi_jesd204_rx_constr.xdc]
WARNING: [Vivado 12-1008] No clocks found for command 'get_clocks -of_objects [get_ports s_axi_aclk]'. [C:/GitHub/jesd204/ips/axi_jesd204_rx/axi_jesd204_rx_constr.xdc:6]
Resolution: Verify the create_clock command was called to create the clock object before it is referenced.
INFO: [Vivado 12-626] No clocks found. Please use 'create_clock' or 'create_generated_clock' command to create clocks. [C:/GitHub/jesd204/ips/axi_jesd204_rx/axi_jesd204_rx_constr.xdc:6]
WARNING: [Vivado 12-1008] No clocks found for command 'get_clocks -of_objects [get_ports core_clk]'. [C:/GitHub/jesd204/ips/axi_jesd204_rx/axi_jesd204_rx_constr.xdc:7]
Resolution: Verify the create_clock command was called to create the clock object before it is referenced.
INFO: [Vivado 12-626] No clocks found. Please use 'create_clock' or 'create_generated_clock' command to create clocks. [C:/GitHub/jesd204/ips/axi_jesd204_rx/axi_jesd204_rx_constr.xdc:7]
WARNING: [Vivado 12-1008] No clocks found for command 'get_clocks -of_objects [get_ports device_clk]'. [C:/GitHub/jesd204/ips/axi_jesd204_rx/axi_jesd204_rx_constr.xdc:8]
Resolution: Verify the create_clock command was called to create the clock object before it is referenced.
INFO: [Vivado 12-626] No clocks found. Please use 'create_clock' or 'create_generated_clock' command to create clocks. [C:/GitHub/jesd204/ips/axi_jesd204_rx/axi_jesd204_rx_constr.xdc:8]
CRITICAL WARNING: [Vivado 12-4739] set_false_path:No valid object(s) found for '-from [get_clocks -of_objects [get_ports core_clk]]'. [C:/GitHub/jesd204/ips/axi_jesd204_rx/axi_jesd204_rx_constr.xdc:67]
Resolution: Check if the specified object(s) exists in the current design. If it does, ensure that the correct design hierarchy was specified for the object. If you are working with clocks, make sure create_clock was used to create the clock object before it is referenced.
CRITICAL WARNING: [Vivado 12-4739] set_false_path:No valid object(s) found for '-from [get_clocks -of_objects [get_ports core_clk]]'. [C:/GitHub/jesd204/ips/axi_jesd204_rx/axi_jesd204_rx_constr.xdc:81]
Resolution: Check if the specified object(s) exists in the current design. If it does, ensure that the correct design hierarchy was specified for the object. If you are working with clocks, make sure create_clock was used to create the clock object before it is referenced.
Finished Parsing XDC File [C:/GitHub/jesd204/ips/axi_jesd204_rx/axi_jesd204_rx_constr.xdc]
INFO: [Project 1-236] Implementation specific constraints were found while reading constraint file [C:/GitHub/jesd204/ips/axi_jesd204_rx/axi_jesd204_rx_constr.xdc]. These constraints will be ignored for synthesis but will be used in implementation. Impacted constraints are listed in the file [.Xil/axi_jesd204_rx_propImpl.xdc].
Resolution: To avoid this warning, move constraints listed in [.Xil/axi_jesd204_rx_propImpl.xdc] to another XDC file and exclude this new file from synthesis with the used_in_synthesis property (File Properties dialog in GUI) and re-run elaboration/synthesis.
Parsing XDC File [C:/GitHub/jesd204/ips/axi_jesd204_rx/up_clock_mon_constr.xdc]
Finished Parsing XDC File [C:/GitHub/jesd204/ips/axi_jesd204_rx/up_clock_mon_constr.xdc]
Completed Processing XDC Constraints

Netlist sorting complete. Time (s): cpu = 00:00:00 ; elapsed = 00:00:00.001 . Memory (MB): peak = 3406.113 ; gain = 0.000
INFO: [Project 1-111] Unisim Transformation Summary:
No Unisim elements were transformed.

Constraint Validation Runtime : Time (s): cpu = 00:00:00 ; elapsed = 00:00:00.348 . Memory (MB): peak = 3406.113 ; gain = 0.000
INFO: [Synth 8-11241] undeclared symbol 'REGCCE', assumed default net type 'wire' [C:/Xilinx/Vivado/2022.2/data/verilog/src/unimacro/BRAM_SINGLE_MACRO.v:2170]
---------------------------------------------------------------------------------
Finished Constraint Validation : Time (s): cpu = 00:00:15 ; elapsed = 00:00:46 . Memory (MB): peak = 3406.113 ; gain = 574.234
---------------------------------------------------------------------------------
---------------------------------------------------------------------------------
Start Loading Part and Timing Information
---------------------------------------------------------------------------------
Loading part: xczu7ev-fbvb900-1-e
INFO: [Synth 8-6742] Reading net delay rules and data
---------------------------------------------------------------------------------
Finished Loading Part and Timing Information : Time (s): cpu = 00:00:15 ; elapsed = 00:00:47 . Memory (MB): peak = 3406.113 ; gain = 574.234
---------------------------------------------------------------------------------
---------------------------------------------------------------------------------
Start Applying 'set_property' XDC Constraints
---------------------------------------------------------------------------------
Applied set_property ASYNC_REG = true for i_sync_frame_align_err/i_sync_in/\cdc_sync_stage1_reg[0] . (constraint file  C:/GitHub/jesd204/ips/axi_jesd204_rx/axi_jesd204_rx_constr.xdc, line 10).
Applied set_property ASYNC_REG = true for i_sync_frame_align_err/i_sync_out/\cdc_sync_stage1_reg[0] . (constraint file  C:/GitHub/jesd204/ips/axi_jesd204_rx/axi_jesd204_rx_constr.xdc, line 10).
Applied set_property ASYNC_REG = true for i_up_rx/\gen_lane[0].i_up_rx_lane /i_cdc_status_ready/\cdc_sync_stage1_reg[0] . (constraint file  C:/GitHub/jesd204/ips/axi_jesd204_rx/axi_jesd204_rx_constr.xdc, line 10).
Applied set_property ASYNC_REG = true for i_up_rx/\gen_lane[0].i_up_rx_lane /i_ilas_mem/i_cdc_ilas_ready/\cdc_sync_stage1_reg[0] . (constraint file  C:/GitHub/jesd204/ips/axi_jesd204_rx/axi_jesd204_rx_constr.xdc, line 10).
Applied set_property ASYNC_REG = true for i_up_rx/i_cdc_cfg/i_sync_in/\cdc_sync_stage1_reg[0] . (constraint file  C:/GitHub/jesd204/ips/axi_jesd204_rx/axi_jesd204_rx_constr.xdc, line 10).
Applied set_property ASYNC_REG = true for i_up_rx/i_cdc_cfg/i_sync_out/\cdc_sync_stage1_reg[0] . (constraint file  C:/GitHub/jesd204/ips/axi_jesd204_rx/axi_jesd204_rx_constr.xdc, line 10).
Applied set_property ASYNC_REG = true for i_up_rx/i_cdc_status/i_sync_in/\cdc_sync_stage1_reg[0] . (constraint file  C:/GitHub/jesd204/ips/axi_jesd204_rx/axi_jesd204_rx_constr.xdc, line 10).
Applied set_property ASYNC_REG = true for i_up_rx/i_cdc_status/i_sync_out/\cdc_sync_stage1_reg[0] . (constraint file  C:/GitHub/jesd204/ips/axi_jesd204_rx/axi_jesd204_rx_constr.xdc, line 10).
Applied set_property ASYNC_REG = true for i_up_sysref/i_cdc_sysref_event/i_sync_in/\cdc_sync_stage1_reg[0] . (constraint file  C:/GitHub/jesd204/ips/axi_jesd204_rx/axi_jesd204_rx_constr.xdc, line 10).
Applied set_property ASYNC_REG = true for i_up_sysref/i_cdc_sysref_event/i_sync_out/\cdc_sync_stage1_reg[0] . (constraint file  C:/GitHub/jesd204/ips/axi_jesd204_rx/axi_jesd204_rx_constr.xdc, line 10).
Applied set_property ASYNC_REG = true for i_sync_frame_align_err/i_sync_in/\cdc_sync_stage2_reg[0] . (constraint file  C:/GitHub/jesd204/ips/axi_jesd204_rx/axi_jesd204_rx_constr.xdc, line 10).
Applied set_property ASYNC_REG = true for i_sync_frame_align_err/i_sync_out/\cdc_sync_stage2_reg[0] . (constraint file  C:/GitHub/jesd204/ips/axi_jesd204_rx/axi_jesd204_rx_constr.xdc, line 10).
Applied set_property ASYNC_REG = true for i_up_rx/\gen_lane[0].i_up_rx_lane /i_cdc_status_ready/\cdc_sync_stage2_reg[0] . (constraint file  C:/GitHub/jesd204/ips/axi_jesd204_rx/axi_jesd204_rx_constr.xdc, line 10).
Applied set_property ASYNC_REG = true for i_up_rx/\gen_lane[0].i_up_rx_lane /i_ilas_mem/i_cdc_ilas_ready/\cdc_sync_stage2_reg[0] . (constraint file  C:/GitHub/jesd204/ips/axi_jesd204_rx/axi_jesd204_rx_constr.xdc, line 10).
Applied set_property ASYNC_REG = true for i_up_rx/i_cdc_cfg/i_sync_in/\cdc_sync_stage2_reg[0] . (constraint file  C:/GitHub/jesd204/ips/axi_jesd204_rx/axi_jesd204_rx_constr.xdc, line 10).
Applied set_property ASYNC_REG = true for i_up_rx/i_cdc_cfg/i_sync_out/\cdc_sync_stage2_reg[0] . (constraint file  C:/GitHub/jesd204/ips/axi_jesd204_rx/axi_jesd204_rx_constr.xdc, line 10).
Applied set_property ASYNC_REG = true for i_up_rx/i_cdc_status/i_sync_in/\cdc_sync_stage2_reg[0] . (constraint file  C:/GitHub/jesd204/ips/axi_jesd204_rx/axi_jesd204_rx_constr.xdc, line 10).
Applied set_property ASYNC_REG = true for i_up_rx/i_cdc_status/i_sync_out/\cdc_sync_stage2_reg[0] . (constraint file  C:/GitHub/jesd204/ips/axi_jesd204_rx/axi_jesd204_rx_constr.xdc, line 10).
Applied set_property ASYNC_REG = true for i_up_sysref/i_cdc_sysref_event/i_sync_in/\cdc_sync_stage2_reg[0] . (constraint file  C:/GitHub/jesd204/ips/axi_jesd204_rx/axi_jesd204_rx_constr.xdc, line 10).
Applied set_property ASYNC_REG = true for i_up_sysref/i_cdc_sysref_event/i_sync_out/\cdc_sync_stage2_reg[0] . (constraint file  C:/GitHub/jesd204/ips/axi_jesd204_rx/axi_jesd204_rx_constr.xdc, line 10).
Applied set_property ASYNC_REG = true for i_up_common/up_reset_vector_reg. (constraint file  C:/GitHub/jesd204/ips/axi_jesd204_rx/axi_jesd204_rx_constr.xdc, line 15).
Applied set_property ASYNC_REG = true for i_up_common/up_reset_vector_reg. (constraint file  C:/GitHub/jesd204/ips/axi_jesd204_rx/axi_jesd204_rx_constr.xdc, line 15).
Applied set_property ASYNC_REG = true for i_up_common/up_reset_vector_reg. (constraint file  C:/GitHub/jesd204/ips/axi_jesd204_rx/axi_jesd204_rx_constr.xdc, line 15).
Applied set_property ASYNC_REG = true for i_up_common/core_reset_vector_reg. (constraint file  C:/GitHub/jesd204/ips/axi_jesd204_rx/axi_jesd204_rx_constr.xdc, line 15).
Applied set_property ASYNC_REG = true for i_up_common/core_reset_vector_reg. (constraint file  C:/GitHub/jesd204/ips/axi_jesd204_rx/axi_jesd204_rx_constr.xdc, line 15).
Applied set_property ASYNC_REG = true for i_up_common/core_reset_vector_reg. (constraint file  C:/GitHub/jesd204/ips/axi_jesd204_rx/axi_jesd204_rx_constr.xdc, line 15).
Applied set_property ASYNC_REG = true for i_up_common/core_reset_vector_reg. (constraint file  C:/GitHub/jesd204/ips/axi_jesd204_rx/axi_jesd204_rx_constr.xdc, line 15).
Applied set_property ASYNC_REG = true for i_up_common/core_reset_vector_reg. (constraint file  C:/GitHub/jesd204/ips/axi_jesd204_rx/axi_jesd204_rx_constr.xdc, line 15).
Applied set_property ASYNC_REG = true for i_up_common/up_reset_synchronizer_vector_reg. (constraint file  C:/GitHub/jesd204/ips/axi_jesd204_rx/axi_jesd204_rx_constr.xdc, line 15).
Applied set_property ASYNC_REG = true for i_up_common/up_reset_synchronizer_vector_reg. (constraint file  C:/GitHub/jesd204/ips/axi_jesd204_rx/axi_jesd204_rx_constr.xdc, line 15).
Applied set_property ASYNC_REG = true for i_up_common/up_core_reset_ext_synchronizer_vector_reg. (constraint file  C:/GitHub/jesd204/ips/axi_jesd204_rx/axi_jesd204_rx_constr.xdc, line 15).
Applied set_property ASYNC_REG = true for i_up_common/up_core_reset_ext_synchronizer_vector_reg. (constraint file  C:/GitHub/jesd204/ips/axi_jesd204_rx/axi_jesd204_rx_constr.xdc, line 15).
Applied set_property ASYNC_REG = true for i_up_common/i_clock_mon/up_count_running_m1_i. (constraint file  C:/GitHub/jesd204/ips/axi_jesd204_rx/up_clock_mon_constr.xdc, line 6).
Applied set_property ASYNC_REG = true for i_up_common/i_clock_mon/up_count_running_m1_reg. (constraint file  C:/GitHub/jesd204/ips/axi_jesd204_rx/up_clock_mon_constr.xdc, line 6).
Applied set_property ASYNC_REG = true for i_up_common/i_clock_mon/up_count_running_m2_i. (constraint file  C:/GitHub/jesd204/ips/axi_jesd204_rx/up_clock_mon_constr.xdc, line 6).
Applied set_property ASYNC_REG = true for i_up_common/i_clock_mon/up_count_running_m2_reg. (constraint file  C:/GitHub/jesd204/ips/axi_jesd204_rx/up_clock_mon_constr.xdc, line 6).
Applied set_property ASYNC_REG = true for i_up_common/i_clock_mon/up_count_running_m3_i. (constraint file  C:/GitHub/jesd204/ips/axi_jesd204_rx/up_clock_mon_constr.xdc, line 6).
Applied set_property ASYNC_REG = true for i_up_common/i_clock_mon/up_count_running_m3_reg. (constraint file  C:/GitHub/jesd204/ips/axi_jesd204_rx/up_clock_mon_constr.xdc, line 6).
Applied set_property ASYNC_REG = true for i_up_common/i_dev_clock_mon/up_count_running_m1_i. (constraint file  C:/GitHub/jesd204/ips/axi_jesd204_rx/up_clock_mon_constr.xdc, line 6).
Applied set_property ASYNC_REG = true for i_up_common/i_dev_clock_mon/up_count_running_m1_reg. (constraint file  C:/GitHub/jesd204/ips/axi_jesd204_rx/up_clock_mon_constr.xdc, line 6).
Applied set_property ASYNC_REG = true for i_up_common/i_dev_clock_mon/up_count_running_m2_i. (constraint file  C:/GitHub/jesd204/ips/axi_jesd204_rx/up_clock_mon_constr.xdc, line 6).
Applied set_property ASYNC_REG = true for i_up_common/i_dev_clock_mon/up_count_running_m2_reg. (constraint file  C:/GitHub/jesd204/ips/axi_jesd204_rx/up_clock_mon_constr.xdc, line 6).
Applied set_property ASYNC_REG = true for i_up_common/i_dev_clock_mon/up_count_running_m3_i. (constraint file  C:/GitHub/jesd204/ips/axi_jesd204_rx/up_clock_mon_constr.xdc, line 6).
Applied set_property ASYNC_REG = true for i_up_common/i_dev_clock_mon/up_count_running_m3_reg. (constraint file  C:/GitHub/jesd204/ips/axi_jesd204_rx/up_clock_mon_constr.xdc, line 6).
Applied set_property ASYNC_REG = true for i_up_common/i_clock_mon/d_count_run_m1_reg. (constraint file  C:/GitHub/jesd204/ips/axi_jesd204_rx/up_clock_mon_constr.xdc, line 7).
Applied set_property ASYNC_REG = true for i_up_common/i_clock_mon/d_count_run_m2_reg. (constraint file  C:/GitHub/jesd204/ips/axi_jesd204_rx/up_clock_mon_constr.xdc, line 7).
Applied set_property ASYNC_REG = true for i_up_common/i_clock_mon/d_count_run_m3_reg. (constraint file  C:/GitHub/jesd204/ips/axi_jesd204_rx/up_clock_mon_constr.xdc, line 7).
Applied set_property ASYNC_REG = true for i_up_common/i_dev_clock_mon/d_count_run_m1_reg. (constraint file  C:/GitHub/jesd204/ips/axi_jesd204_rx/up_clock_mon_constr.xdc, line 7).
Applied set_property ASYNC_REG = true for i_up_common/i_dev_clock_mon/d_count_run_m2_reg. (constraint file  C:/GitHub/jesd204/ips/axi_jesd204_rx/up_clock_mon_constr.xdc, line 7).
Applied set_property ASYNC_REG = true for i_up_common/i_dev_clock_mon/d_count_run_m3_reg. (constraint file  C:/GitHub/jesd204/ips/axi_jesd204_rx/up_clock_mon_constr.xdc, line 7).
Applied set_property ASYNC_REG = true for i_up_common/i_clock_mon/up_d_count_reg. (constraint file  C:/GitHub/jesd204/ips/axi_jesd204_rx/up_clock_mon_constr.xdc, line 8).
Applied set_property ASYNC_REG = true for i_up_common/i_clock_mon/up_d_count_reg. (constraint file  C:/GitHub/jesd204/ips/axi_jesd204_rx/up_clock_mon_constr.xdc, line 8).
Applied set_property ASYNC_REG = true for i_up_common/i_clock_mon/up_d_count_reg. (constraint file  C:/GitHub/jesd204/ips/axi_jesd204_rx/up_clock_mon_constr.xdc, line 8).
Applied set_property ASYNC_REG = true for i_up_common/i_clock_mon/up_d_count_reg. (constraint file  C:/GitHub/jesd204/ips/axi_jesd204_rx/up_clock_mon_constr.xdc, line 8).
Applied set_property ASYNC_REG = true for i_up_common/i_clock_mon/up_d_count_reg. (constraint file  C:/GitHub/jesd204/ips/axi_jesd204_rx/up_clock_mon_constr.xdc, line 8).
Applied set_property ASYNC_REG = true for i_up_common/i_clock_mon/up_d_count_reg. (constraint file  C:/GitHub/jesd204/ips/axi_jesd204_rx/up_clock_mon_constr.xdc, line 8).
Applied set_property ASYNC_REG = true for i_up_common/i_clock_mon/up_d_count_reg. (constraint file  C:/GitHub/jesd204/ips/axi_jesd204_rx/up_clock_mon_constr.xdc, line 8).
Applied set_property ASYNC_REG = true for i_up_common/i_clock_mon/up_d_count_reg. (constraint file  C:/GitHub/jesd204/ips/axi_jesd204_rx/up_clock_mon_constr.xdc, line 8).
Applied set_property ASYNC_REG = true for i_up_common/i_clock_mon/up_d_count_reg. (constraint file  C:/GitHub/jesd204/ips/axi_jesd204_rx/up_clock_mon_constr.xdc, line 8).
Applied set_property ASYNC_REG = true for i_up_common/i_clock_mon/up_d_count_reg. (constraint file  C:/GitHub/jesd204/ips/axi_jesd204_rx/up_clock_mon_constr.xdc, line 8).
Applied set_property ASYNC_REG = true for i_up_common/i_clock_mon/up_d_count_reg. (constraint file  C:/GitHub/jesd204/ips/axi_jesd204_rx/up_clock_mon_constr.xdc, line 8).
Applied set_property ASYNC_REG = true for i_up_common/i_clock_mon/up_d_count_reg. (constraint file  C:/GitHub/jesd204/ips/axi_jesd204_rx/up_clock_mon_constr.xdc, line 8).
Applied set_property ASYNC_REG = true for i_up_common/i_clock_mon/up_d_count_reg. (constraint file  C:/GitHub/jesd204/ips/axi_jesd204_rx/up_clock_mon_constr.xdc, line 8).
Applied set_property ASYNC_REG = true for i_up_common/i_clock_mon/up_d_count_reg. (constraint file  C:/GitHub/jesd204/ips/axi_jesd204_rx/up_clock_mon_constr.xdc, line 8).
Applied set_property ASYNC_REG = true for i_up_common/i_clock_mon/up_d_count_reg. (constraint file  C:/GitHub/jesd204/ips/axi_jesd204_rx/up_clock_mon_constr.xdc, line 8).
Applied set_property ASYNC_REG = true for i_up_common/i_clock_mon/up_d_count_reg. (constraint file  C:/GitHub/jesd204/ips/axi_jesd204_rx/up_clock_mon_constr.xdc, line 8).
Applied set_property ASYNC_REG = true for i_up_common/i_clock_mon/up_d_count_reg. (constraint file  C:/GitHub/jesd204/ips/axi_jesd204_rx/up_clock_mon_constr.xdc, line 8).
Applied set_property ASYNC_REG = true for i_up_common/i_clock_mon/up_d_count_reg. (constraint file  C:/GitHub/jesd204/ips/axi_jesd204_rx/up_clock_mon_constr.xdc, line 8).
Applied set_property ASYNC_REG = true for i_up_common/i_clock_mon/up_d_count_reg. (constraint file  C:/GitHub/jesd204/ips/axi_jesd204_rx/up_clock_mon_constr.xdc, line 8).
Applied set_property ASYNC_REG = true for i_up_common/i_clock_mon/up_d_count_reg. (constraint file  C:/GitHub/jesd204/ips/axi_jesd204_rx/up_clock_mon_constr.xdc, line 8).
Applied set_property ASYNC_REG = true for i_up_common/i_clock_mon/up_d_count_reg. (constraint file  C:/GitHub/jesd204/ips/axi_jesd204_rx/up_clock_mon_constr.xdc, line 8).
Applied set_property ASYNC_REG = true for i_up_common/i_dev_clock_mon/up_d_count_reg. (constraint file  C:/GitHub/jesd204/ips/axi_jesd204_rx/up_clock_mon_constr.xdc, line 8).
Applied set_property ASYNC_REG = true for i_up_common/i_dev_clock_mon/up_d_count_reg. (constraint file  C:/GitHub/jesd204/ips/axi_jesd204_rx/up_clock_mon_constr.xdc, line 8).
Applied set_property ASYNC_REG = true for i_up_common/i_dev_clock_mon/up_d_count_reg. (constraint file  C:/GitHub/jesd204/ips/axi_jesd204_rx/up_clock_mon_constr.xdc, line 8).
Applied set_property ASYNC_REG = true for i_up_common/i_dev_clock_mon/up_d_count_reg. (constraint file  C:/GitHub/jesd204/ips/axi_jesd204_rx/up_clock_mon_constr.xdc, line 8).
Applied set_property ASYNC_REG = true for i_up_common/i_dev_clock_mon/up_d_count_reg. (constraint file  C:/GitHub/jesd204/ips/axi_jesd204_rx/up_clock_mon_constr.xdc, line 8).
Applied set_property ASYNC_REG = true for i_up_common/i_dev_clock_mon/up_d_count_reg. (constraint file  C:/GitHub/jesd204/ips/axi_jesd204_rx/up_clock_mon_constr.xdc, line 8).
Applied set_property ASYNC_REG = true for i_up_common/i_dev_clock_mon/up_d_count_reg. (constraint file  C:/GitHub/jesd204/ips/axi_jesd204_rx/up_clock_mon_constr.xdc, line 8).
Applied set_property ASYNC_REG = true for i_up_common/i_dev_clock_mon/up_d_count_reg. (constraint file  C:/GitHub/jesd204/ips/axi_jesd204_rx/up_clock_mon_constr.xdc, line 8).
Applied set_property ASYNC_REG = true for i_up_common/i_dev_clock_mon/up_d_count_reg. (constraint file  C:/GitHub/jesd204/ips/axi_jesd204_rx/up_clock_mon_constr.xdc, line 8).
Applied set_property ASYNC_REG = true for i_up_common/i_dev_clock_mon/up_d_count_reg. (constraint file  C:/GitHub/jesd204/ips/axi_jesd204_rx/up_clock_mon_constr.xdc, line 8).
Applied set_property ASYNC_REG = true for i_up_common/i_dev_clock_mon/up_d_count_reg. (constraint file  C:/GitHub/jesd204/ips/axi_jesd204_rx/up_clock_mon_constr.xdc, line 8).
Applied set_property ASYNC_REG = true for i_up_common/i_dev_clock_mon/up_d_count_reg. (constraint file  C:/GitHub/jesd204/ips/axi_jesd204_rx/up_clock_mon_constr.xdc, line 8).
Applied set_property ASYNC_REG = true for i_up_common/i_dev_clock_mon/up_d_count_reg. (constraint file  C:/GitHub/jesd204/ips/axi_jesd204_rx/up_clock_mon_constr.xdc, line 8).
Applied set_property ASYNC_REG = true for i_up_common/i_dev_clock_mon/up_d_count_reg. (constraint file  C:/GitHub/jesd204/ips/axi_jesd204_rx/up_clock_mon_constr.xdc, line 8).
Applied set_property ASYNC_REG = true for i_up_common/i_dev_clock_mon/up_d_count_reg. (constraint file  C:/GitHub/jesd204/ips/axi_jesd204_rx/up_clock_mon_constr.xdc, line 8).
Applied set_property ASYNC_REG = true for i_up_common/i_dev_clock_mon/up_d_count_reg. (constraint file  C:/GitHub/jesd204/ips/axi_jesd204_rx/up_clock_mon_constr.xdc, line 8).
Applied set_property ASYNC_REG = true for i_up_common/i_dev_clock_mon/up_d_count_reg. (constraint file  C:/GitHub/jesd204/ips/axi_jesd204_rx/up_clock_mon_constr.xdc, line 8).
Applied set_property ASYNC_REG = true for i_up_common/i_dev_clock_mon/up_d_count_reg. (constraint file  C:/GitHub/jesd204/ips/axi_jesd204_rx/up_clock_mon_constr.xdc, line 8).
Applied set_property ASYNC_REG = true for i_up_common/i_dev_clock_mon/up_d_count_reg. (constraint file  C:/GitHub/jesd204/ips/axi_jesd204_rx/up_clock_mon_constr.xdc, line 8).
Applied set_property ASYNC_REG = true for i_up_common/i_dev_clock_mon/up_d_count_reg. (constraint file  C:/GitHub/jesd204/ips/axi_jesd204_rx/up_clock_mon_constr.xdc, line 8).
Applied set_property ASYNC_REG = true for i_up_common/i_dev_clock_mon/up_d_count_reg. (constraint file  C:/GitHub/jesd204/ips/axi_jesd204_rx/up_clock_mon_constr.xdc, line 8).
---------------------------------------------------------------------------------
Finished applying 'set_property' XDC Constraints : Time (s): cpu = 00:00:15 ; elapsed = 00:00:47 . Memory (MB): peak = 3406.113 ; gain = 574.234
---------------------------------------------------------------------------------
INFO: [Synth 8-6904] The RAM "jesd204_up_ilas_mem:/mem_reg" of size (depth=4 x width=32) is automatically implemented using LUTRAM. BRAM implementation would be inefficient 
---------------------------------------------------------------------------------
Finished RTL Optimization Phase 2 : Time (s): cpu = 00:00:16 ; elapsed = 00:00:48 . Memory (MB): peak = 3406.113 ; gain = 574.234
---------------------------------------------------------------------------------
---------------------------------------------------------------------------------
Start RTL Component Statistics 
---------------------------------------------------------------------------------
Detailed RTL Component Info : 
+---Adders : 
	   2 Input   16 Bit       Adders := 2     
	   2 Input    5 Bit       Adders := 2     
+---XORs : 
	   2 Input      1 Bit         XORs := 6     
+---Registers : 
	               47 Bit    Registers := 2     
	               32 Bit    Registers := 6     
	               21 Bit    Registers := 2     
	               19 Bit    Registers := 1     
	               16 Bit    Registers := 2     
	               14 Bit    Registers := 1     
	               12 Bit    Registers := 2     
	               10 Bit    Registers := 3     
	                8 Bit    Registers := 11    
	                7 Bit    Registers := 1     
	                5 Bit    Registers := 6     
	                3 Bit    Registers := 1     
	                2 Bit    Registers := 9     
	                1 Bit    Registers := 71    
+---RAMs : 
	              128 Bit	(4 X 32 bit)          RAMs := 1     
+---Muxes : 
	   2 Input   32 Bit        Muxes := 8     
	  25 Input   32 Bit        Muxes := 1     
	   4 Input   32 Bit        Muxes := 2     
	   6 Input   32 Bit        Muxes := 1     
	   2 Input    5 Bit        Muxes := 5     
	   6 Input    3 Bit        Muxes := 1     
	   2 Input    2 Bit        Muxes := 1     
	   2 Input    1 Bit        Muxes := 36    
	   3 Input    1 Bit        Muxes := 4     
	   4 Input    1 Bit        Muxes := 3     
	   6 Input    1 Bit        Muxes := 5     
---------------------------------------------------------------------------------
Finished RTL Component Statistics 
---------------------------------------------------------------------------------
---------------------------------------------------------------------------------
Start Part Resource Summary
---------------------------------------------------------------------------------
Part Resources:
DSPs: 1728 (col length:144)
BRAMs: 624 (col length: RAMB18 144 RAMB36 72)
---------------------------------------------------------------------------------
Finished Part Resource Summary
---------------------------------------------------------------------------------
---------------------------------------------------------------------------------
Start Cross Boundary and Area Optimization
---------------------------------------------------------------------------------
WARNING: [Synth 8-7080] Parallel synthesis criteria is not met
INFO: [Synth 8-6904] The RAM "axi_jesd204_rx/i_up_rx/gen_lane[0].i_up_rx_lane/i_ilas_mem/mem_reg" of size (depth=4 x width=32) is automatically implemented using LUTRAM. BRAM implementation would be inefficient 
WARNING: [Synth 8-3917] design axi_jesd204_rx has port s_axi_bresp[1] driven by constant 0
WARNING: [Synth 8-3917] design axi_jesd204_rx has port s_axi_bresp[0] driven by constant 0
WARNING: [Synth 8-3917] design axi_jesd204_rx has port s_axi_rresp[1] driven by constant 0
WARNING: [Synth 8-3917] design axi_jesd204_rx has port s_axi_rresp[0] driven by constant 0
WARNING: [Synth 8-7129] Port s_axi_awaddr[1] in module axi_jesd204_rx is either unconnected or has no load
WARNING: [Synth 8-7129] Port s_axi_awaddr[0] in module axi_jesd204_rx is either unconnected or has no load
WARNING: [Synth 8-7129] Port s_axi_awprot[2] in module axi_jesd204_rx is either unconnected or has no load
WARNING: [Synth 8-7129] Port s_axi_awprot[1] in module axi_jesd204_rx is either unconnected or has no load
WARNING: [Synth 8-7129] Port s_axi_awprot[0] in module axi_jesd204_rx is either unconnected or has no load
WARNING: [Synth 8-7129] Port s_axi_wstrb[3] in module axi_jesd204_rx is either unconnected or has no load
WARNING: [Synth 8-7129] Port s_axi_wstrb[2] in module axi_jesd204_rx is either unconnected or has no load
WARNING: [Synth 8-7129] Port s_axi_wstrb[1] in module axi_jesd204_rx is either unconnected or has no load
WARNING: [Synth 8-7129] Port s_axi_wstrb[0] in module axi_jesd204_rx is either unconnected or has no load
WARNING: [Synth 8-7129] Port s_axi_araddr[1] in module axi_jesd204_rx is either unconnected or has no load
WARNING: [Synth 8-7129] Port s_axi_araddr[0] in module axi_jesd204_rx is either unconnected or has no load
WARNING: [Synth 8-7129] Port s_axi_arprot[2] in module axi_jesd204_rx is either unconnected or has no load
WARNING: [Synth 8-7129] Port s_axi_arprot[1] in module axi_jesd204_rx is either unconnected or has no load
WARNING: [Synth 8-7129] Port s_axi_arprot[0] in module axi_jesd204_rx is either unconnected or has no load
INFO: [Synth 8-6904] The RAM "axi_jesd204_rx/i_up_rx/gen_lane[0].i_up_rx_lane/i_ilas_mem/mem_reg" of size (depth=4 x width=32) is automatically implemented using LUTRAM. BRAM implementation would be inefficient 
---------------------------------------------------------------------------------
Finished Cross Boundary and Area Optimization : Time (s): cpu = 00:00:20 ; elapsed = 00:00:54 . Memory (MB): peak = 3406.113 ; gain = 574.234
---------------------------------------------------------------------------------
---------------------------------------------------------------------------------
Start ROM, RAM, DSP, Shift Register and Retiming Reporting
---------------------------------------------------------------------------------

Distributed RAM: Preliminary Mapping Report (see note below)
+---------------+-----------------------------------------------------+-----------+----------------------+---------------+
|Module Name    | RTL Object                                          | Inference | Size (Depth x Width) | Primitives    | 
+---------------+-----------------------------------------------------+-----------+----------------------+---------------+
|axi_jesd204_rx | i_up_rx/gen_lane[0].i_up_rx_lane/i_ilas_mem/mem_reg | Implied   | 4 x 32               | RAM32M16 x 3  | 
+---------------+-----------------------------------------------------+-----------+----------------------+---------------+

Note: The table above is a preliminary report that shows the Distributed RAMs at the current stage of the synthesis flow. Some Distributed RAMs may be reimplemented as non Distributed RAM primitives later in the synthesis flow. Multiple instantiated RAMs are reported only once.
---------------------------------------------------------------------------------
Finished ROM, RAM, DSP, Shift Register and Retiming Reporting
---------------------------------------------------------------------------------
---------------------------------------------------------------------------------
Start Applying XDC Timing Constraints
---------------------------------------------------------------------------------
---------------------------------------------------------------------------------
Finished Applying XDC Timing Constraints : Time (s): cpu = 00:00:34 ; elapsed = 00:01:29 . Memory (MB): peak = 3850.812 ; gain = 1018.934
---------------------------------------------------------------------------------
---------------------------------------------------------------------------------
Start Timing Optimization
---------------------------------------------------------------------------------
---------------------------------------------------------------------------------
Finished Timing Optimization : Time (s): cpu = 00:00:34 ; elapsed = 00:01:30 . Memory (MB): peak = 3851.855 ; gain = 1019.977
---------------------------------------------------------------------------------
---------------------------------------------------------------------------------
Start ROM, RAM, DSP, Shift Register and Retiming Reporting
---------------------------------------------------------------------------------

Distributed RAM: Final Mapping Report
+---------------+-----------------------------------------------------+-----------+----------------------+---------------+
|Module Name    | RTL Object                                          | Inference | Size (Depth x Width) | Primitives    | 
+---------------+-----------------------------------------------------+-----------+----------------------+---------------+
|axi_jesd204_rx | i_up_rx/gen_lane[0].i_up_rx_lane/i_ilas_mem/mem_reg | Implied   | 4 x 32               | RAM32M16 x 3  | 
+---------------+-----------------------------------------------------+-----------+----------------------+---------------+

---------------------------------------------------------------------------------
Finished ROM, RAM, DSP, Shift Register and Retiming Reporting
---------------------------------------------------------------------------------
---------------------------------------------------------------------------------
Start Technology Mapping
---------------------------------------------------------------------------------
---------------------------------------------------------------------------------
Finished Technology Mapping : Time (s): cpu = 00:00:35 ; elapsed = 00:01:30 . Memory (MB): peak = 3880.480 ; gain = 1048.602
---------------------------------------------------------------------------------
---------------------------------------------------------------------------------
Start IO Insertion
---------------------------------------------------------------------------------
---------------------------------------------------------------------------------
Start Flattening Before IO Insertion
---------------------------------------------------------------------------------
---------------------------------------------------------------------------------
Finished Flattening Before IO Insertion
---------------------------------------------------------------------------------
---------------------------------------------------------------------------------
Start Final Netlist Cleanup
---------------------------------------------------------------------------------
---------------------------------------------------------------------------------
Finished Final Netlist Cleanup
---------------------------------------------------------------------------------
---------------------------------------------------------------------------------
Finished IO Insertion : Time (s): cpu = 00:00:39 ; elapsed = 00:01:35 . Memory (MB): peak = 3886.996 ; gain = 1055.117
---------------------------------------------------------------------------------
---------------------------------------------------------------------------------
Start Renaming Generated Instances
---------------------------------------------------------------------------------
---------------------------------------------------------------------------------
Finished Renaming Generated Instances : Time (s): cpu = 00:00:39 ; elapsed = 00:01:35 . Memory (MB): peak = 3886.996 ; gain = 1055.117
---------------------------------------------------------------------------------
---------------------------------------------------------------------------------
Start Rebuilding User Hierarchy
---------------------------------------------------------------------------------
---------------------------------------------------------------------------------
Finished Rebuilding User Hierarchy : Time (s): cpu = 00:00:39 ; elapsed = 00:01:35 . Memory (MB): peak = 3886.996 ; gain = 1055.117
---------------------------------------------------------------------------------
---------------------------------------------------------------------------------
Start Renaming Generated Ports
---------------------------------------------------------------------------------
---------------------------------------------------------------------------------
Finished Renaming Generated Ports : Time (s): cpu = 00:00:39 ; elapsed = 00:01:35 . Memory (MB): peak = 3886.996 ; gain = 1055.117
---------------------------------------------------------------------------------
---------------------------------------------------------------------------------
Start Handling Custom Attributes
---------------------------------------------------------------------------------
---------------------------------------------------------------------------------
Finished Handling Custom Attributes : Time (s): cpu = 00:00:39 ; elapsed = 00:01:35 . Memory (MB): peak = 3886.996 ; gain = 1055.117
---------------------------------------------------------------------------------
---------------------------------------------------------------------------------
Start Renaming Generated Nets
---------------------------------------------------------------------------------
---------------------------------------------------------------------------------
Finished Renaming Generated Nets : Time (s): cpu = 00:00:39 ; elapsed = 00:01:35 . Memory (MB): peak = 3886.996 ; gain = 1055.117
---------------------------------------------------------------------------------
---------------------------------------------------------------------------------
Start Writing Synthesis Report
---------------------------------------------------------------------------------

Report BlackBoxes: 
+-+--------------+----------+
| |BlackBox name |Instances |
+-+--------------+----------+
+-+--------------+----------+

Report Cell Usage: 
+------+---------+------+
|      |Cell     |Count |
+------+---------+------+
|1     |BUFG     |     3|
|2     |CARRY8   |    10|
|3     |LUT1     |     5|
|4     |LUT2     |    94|
|5     |LUT3     |    24|
|6     |LUT4     |    20|
|7     |LUT5     |    26|
|8     |LUT6     |   208|
|9     |RAM32M   |     1|
|10    |RAM32M16 |     2|
|11    |FDPE     |    17|
|12    |FDRE     |   678|
|13    |FDSE     |     6|
|14    |IBUF     |   263|
|15    |OBUF     |   127|
+------+---------+------+
---------------------------------------------------------------------------------
Finished Writing Synthesis Report : Time (s): cpu = 00:00:39 ; elapsed = 00:01:35 . Memory (MB): peak = 3886.996 ; gain = 1055.117
---------------------------------------------------------------------------------
Synthesis finished with 0 errors, 0 critical warnings and 19 warnings.
Synthesis Optimization Runtime : Time (s): cpu = 00:00:29 ; elapsed = 00:01:25 . Memory (MB): peak = 3886.996 ; gain = 931.590
Synthesis Optimization Complete : Time (s): cpu = 00:00:39 ; elapsed = 00:01:35 . Memory (MB): peak = 3886.996 ; gain = 1055.117
INFO: [Project 1-571] Translating synthesized netlist
Netlist sorting complete. Time (s): cpu = 00:00:01 ; elapsed = 00:00:00.030 . Memory (MB): peak = 3899.059 ; gain = 0.000
INFO: [Netlist 29-17] Analyzing 279 Unisim elements for replacement
INFO: [Netlist 29-28] Unisim Transformation completed in 0 CPU seconds
INFO: [Project 1-570] Preparing netlist for logic optimization
INFO: [Opt 31-138] Pushed 0 inverter(s) to 0 load pin(s).
Netlist sorting complete. Time (s): cpu = 00:00:00 ; elapsed = 00:00:00 . Memory (MB): peak = 3923.223 ; gain = 0.000
INFO: [Project 1-111] Unisim Transformation Summary:
  A total of 269 instances were transformed.
  BUFG => BUFGCE: 3 instances
  IBUF => IBUF (IBUFCTRL, INBUF): 263 instances
  RAM32M => RAM32M (RAMD32(x6), RAMS32(x2)): 1 instance 
  RAM32M16 => RAM32M16 (RAMD32(x14), RAMS32(x2)): 2 instances

Synth Design complete, checksum: ee1c389d
INFO: [Common 17-83] Releasing license: Synthesis
56 Infos, 77 Warnings, 2 Critical Warnings and 0 Errors encountered.
synth_design completed successfully
synth_design: Time (s): cpu = 00:00:48 ; elapsed = 00:02:35 . Memory (MB): peak = 3923.223 ; gain = 2208.129
INFO: [runtcl-6] Synthesis results are not added to the cache due to CRITICAL_WARNING
INFO: [Common 17-1381] The checkpoint 'C:/GitHub/jesd204/ips/axi_jesd204_rx/axi_jesd204_rx.runs/synth_1/axi_jesd204_rx.dcp' has been generated.
INFO: [runtcl-4] Executing : report_utilization -file axi_jesd204_rx_utilization_synth.rpt -pb axi_jesd204_rx_utilization_synth.pb
INFO: [Common 17-206] Exiting Vivado at Tue Nov  5 13:07:36 2024...
